#
# An unexpected error has occurred (11)
#
Stack:
/lib/x86_64-linux-gnu/libc.so.6(+0x43090) [0x7fb0c7282090]
/tools/Xilinx/Vivado/2024.2/lib/lnx64.o/libxv_synth.so(HARTPAMapping::getMappingCell(char const*)+0x2f) [0x7fb0b48dc7af]
/tools/Xilinx/Vivado/2024.2/lib/lnx64.o/libxv_synth.so(HARTPAMapping::isCellPinInvertible(char const*, char const*)+0x10) [0x7fb0b48dcf90]
/tools/Xilinx/Vivado/2024.2/lib/lnx64.o/libxv_synth.so(HARTNDb::collectInvertiblePins(UHashList<TLibPinC*, TLibPinC*, UEKey<TLibPinC*>, UHashListNode<TLibPinC*>, TLibPinC*>&, bool, bool)+0x257) [0x7fb0b48a3c57]
/tools/Xilinx/Vivado/2024.2/lib/lnx64.o/libxv_synth.so(HARTNDb::markInvertiblePins(bool)+0x31) [0x7fb0b48a40f1]
/tools/Xilinx/Vivado/2024.2/lib/lnx64.o/libxv_synth.so(+0x1f0a889) [0x7fb0b5416889]
/tools/Xilinx/Vivado/2024.2/lib/lnx64.o/libxv_synth.so(+0x1e96bd3) [0x7fb0b53a2bd3]
/tools/Xilinx/Vivado/2024.2/lib/lnx64.o/libtcl8.6.so(TclNRRunCallbacks+0x47) [0x7fb0ccab5497]
/tools/Xilinx/Vivado/2024.2/lib/lnx64.o/libtcl8.6.so(+0x45309) [0x7fb0ccab7309]
/tools/Xilinx/Vivado/2024.2/lib/lnx64.o/libtcl8.6.so(Tcl_FSEvalFileEx+0x1f8) [0x7fb0ccb6cae8]
/tools/Xilinx/Vivado/2024.2/lib/lnx64.o/libxv_commontasks.so(+0x495bb5) [0x7fb0c496abb5]
/tools/Xilinx/Vivado/2024.2/lib/lnx64.o/libxv_common.so(+0x911d5a) [0x7fb0d027ed5a]
/tools/Xilinx/Vivado/2024.2/lib/lnx64.o/libtcl8.6.so(TclNRRunCallbacks+0x47) [0x7fb0ccab5497]
/tools/Xilinx/Vivado/2024.2/lib/lnx64.o/libxv_commontasks.so(+0x47a7f1) [0x7fb0c494f7f1]
/tools/Xilinx/Vivado/2024.2/lib/lnx64.o/libtcl8.6.so(TclNRRunCallbacks+0x47) [0x7fb0ccab5497]
/tools/Xilinx/Vivado/2024.2/lib/lnx64.o/libxv_common.so(hdi::tcltasks::task_manager::eval_in_tcl(Tcl_Interp*, Tcl_Obj*, char const*, bool)+0xc08) [0x7fb0d0280658]
/tools/Xilinx/Vivado/2024.2/lib/lnx64.o/libxv_synth.so(HARTSWorker::runInternal()+0xe5) [0x7fb0b4a399c5]
/tools/Xilinx/Vivado/2024.2/lib/lnx64.o/libxv_synth.so(HARTSWorker::runJob(HARTSWorkerConfig&)+0x3f) [0x7fb0b4a3b17f]
/tools/Xilinx/Vivado/2024.2/lib/lnx64.o/libxv_synth.so(HARTSWorker::mainLoop()+0x8f) [0x7fb0b4a3ce6f]
/tools/Xilinx/Vivado/2024.2/lib/lnx64.o/libxv_synth.so(HARTNDb::parallelListen(char const*, char const*, char const*)+0x39) [0x7fb0b4853629]
/tools/Xilinx/Vivado/2024.2/lib/lnx64.o/libxv_synth.so(+0x1fdabb4) [0x7fb0b54e6bb4]
/tools/Xilinx/Vivado/2024.2/lib/lnx64.o/libxv_synth.so(+0x1e96bd3) [0x7fb0b53a2bd3]
/tools/Xilinx/Vivado/2024.2/lib/lnx64.o/libtcl8.6.so(TclNRRunCallbacks+0x47) [0x7fb0ccab5497]
/tools/Xilinx/Vivado/2024.2/lib/lnx64.o/libxv_commontasks.so(+0x47a74e) [0x7fb0c494f74e]
/tools/Xilinx/Vivado/2024.2/lib/lnx64.o/libtcl8.6.so(TclNRRunCallbacks+0x47) [0x7fb0ccab5497]
/tools/Xilinx/Vivado/2024.2/lib/lnx64.o/libtcl8.6.so(+0x45309) [0x7fb0ccab7309]
/tools/Xilinx/Vivado/2024.2/lib/lnx64.o/libtcl8.6.so(Tcl_FSEvalFileEx+0x1f8) [0x7fb0ccb6cae8]
/tools/Xilinx/Vivado/2024.2/lib/lnx64.o/libxv_commontasks.so(+0x495bb5) [0x7fb0c496abb5]
/tools/Xilinx/Vivado/2024.2/lib/lnx64.o/libxv_common.so(+0x911d5a) [0x7fb0d027ed5a]
/tools/Xilinx/Vivado/2024.2/lib/lnx64.o/libtcl8.6.so(TclNRRunCallbacks+0x47) [0x7fb0ccab5497]
/tools/Xilinx/Vivado/2024.2/lib/lnx64.o/libxv_commontasks.so(+0x46be6d) [0x7fb0c4940e6d]
/tools/Xilinx/Vivado/2024.2/lib/lnx64.o/libxv_commontasks.so(+0x46d48f) [0x7fb0c494248f]
/tools/Xilinx/Vivado/2024.2/lib/lnx64.o/libxv_common.so(+0x911d5a) [0x7fb0d027ed5a]
/tools/Xilinx/Vivado/2024.2/lib/lnx64.o/libtcl8.6.so(TclNRRunCallbacks+0x47) [0x7fb0ccab5497]
/tools/Xilinx/Vivado/2024.2/lib/lnx64.o/libxv_commonmain.so(+0xeae2) [0x7fb0d0aeeae2]
/tools/Xilinx/Vivado/2024.2/lib/lnx64.o/libtcl8.6.so(Tcl_MainEx+0x1a8) [0x7fb0ccb74038]
/tools/Xilinx/Vivado/2024.2/lib/lnx64.o/libxv_common.so(+0xb7869e) [0x7fb0d04e569e]
/lib/x86_64-linux-gnu/libpthread.so.0(+0x8609) [0x7fb0c7224609]
/lib/x86_64-linux-gnu/libc.so.6(clone+0x43) [0x7fb0c735e353]
