
*** Running vivado
    with args -log design_1_noc_tg_pmon_3_0.vds -m64 -product Vivado -mode batch -messageDb vivado.pb -notrace -source design_1_noc_tg_pmon_3_0.tcl


****** Vivado v2024.2 (64-bit)
  **** SW Build 5239630 on Fri Nov 08 22:34:34 MST 2024
  **** IP Build 5239520 on Sun Nov 10 16:12:51 MST 2024
  **** SharedData Build 5239561 on Fri Nov 08 14:39:27 MST 2024
  **** Start of session at: Sun May  4 19:29:07 2025
    ** Copyright 1986-2022 Xilinx, Inc. All Rights Reserved.
    ** Copyright 2022-2024 Advanced Micro Devices, Inc. All Rights Reserved.

source design_1_noc_tg_pmon_3_0.tcl -notrace
create_project: Time (s): cpu = 00:00:08 ; elapsed = 00:00:08 . Memory (MB): peak = 1502.254 ; gain = 116.805 ; free physical = 12209 ; free virtual = 14083
INFO: [IP_Flow 19-6924] IPCACHE: Running cache check for IP inst: design_1_noc_tg_pmon_3_0
Command: synth_design -top design_1_noc_tg_pmon_3_0 -part xcvh1582-vsva3697-2MP-e-S -incremental_mode off -mode out_of_context
Starting synth_design
Attempting to get a license for feature 'Synthesis' and/or device 'xcvh1582'
INFO: [Common 17-349] Got license for feature 'Synthesis' and/or device 'xcvh1582'
INFO: [Device 21-403] Loading part xcvh1582-vsva3697-2MP-e-S
INFO: [Synth 8-7079] Multithreading enabled for synth_design using a maximum of 7 processes.
INFO: [Synth 8-7078] Launching helper process for spawning children vivado processes
INFO: [Synth 8-7075] Helper process launched with PID 11190
---------------------------------------------------------------------------------
Starting RTL Elaboration : Time (s): cpu = 00:00:05 ; elapsed = 00:00:05 . Memory (MB): peak = 3344.496 ; gain = 72.875 ; free physical = 10069 ; free virtual = 12086
---------------------------------------------------------------------------------
INFO: [Synth 8-6157] synthesizing module 'design_1_noc_tg_pmon_3_0' [/home/younas/Documents/Vivado/hbm_module_2_synth_impl/hbm_module_2_synth_impl.gen/sources_1/bd/design_1/ip/design_1_noc_tg_pmon_3_0/synth/design_1_noc_tg_pmon_3_0.v:53]
INFO: [Synth 8-6155] done synthesizing module 'design_1_noc_tg_pmon_3_0' (0#1) [/home/younas/Documents/Vivado/hbm_module_2_synth_impl/hbm_module_2_synth_impl.gen/sources_1/bd/design_1/ip/design_1_noc_tg_pmon_3_0/synth/design_1_noc_tg_pmon_3_0.v:53]
WARNING: [Synth 8-7129] Port axi_aclk in module axi_pmon_v1_0_2 is either unconnected or has no load
WARNING: [Synth 8-7129] Port axi_awid[6] in module axi_pmon_v1_0_2 is either unconnected or has no load
WARNING: [Synth 8-7129] Port axi_awid[5] in module axi_pmon_v1_0_2 is either unconnected or has no load
WARNING: [Synth 8-7129] Port axi_awid[4] in module axi_pmon_v1_0_2 is either unconnected or has no load
WARNING: [Synth 8-7129] Port axi_awid[3] in module axi_pmon_v1_0_2 is either unconnected or has no load
WARNING: [Synth 8-7129] Port axi_awid[2] in module axi_pmon_v1_0_2 is either unconnected or has no load
WARNING: [Synth 8-7129] Port axi_awid[1] in module axi_pmon_v1_0_2 is either unconnected or has no load
WARNING: [Synth 8-7129] Port axi_awid[0] in module axi_pmon_v1_0_2 is either unconnected or has no load
WARNING: [Synth 8-7129] Port axi_awaddr[63] in module axi_pmon_v1_0_2 is either unconnected or has no load
WARNING: [Synth 8-7129] Port axi_awaddr[62] in module axi_pmon_v1_0_2 is either unconnected or has no load
WARNING: [Synth 8-7129] Port axi_awaddr[61] in module axi_pmon_v1_0_2 is either unconnected or has no load
WARNING: [Synth 8-7129] Port axi_awaddr[60] in module axi_pmon_v1_0_2 is either unconnected or has no load
WARNING: [Synth 8-7129] Port axi_awaddr[59] in module axi_pmon_v1_0_2 is either unconnected or has no load
WARNING: [Synth 8-7129] Port axi_awaddr[58] in module axi_pmon_v1_0_2 is either unconnected or has no load
WARNING: [Synth 8-7129] Port axi_awaddr[57] in module axi_pmon_v1_0_2 is either unconnected or has no load
WARNING: [Synth 8-7129] Port axi_awaddr[56] in module axi_pmon_v1_0_2 is either unconnected or has no load
WARNING: [Synth 8-7129] Port axi_awaddr[55] in module axi_pmon_v1_0_2 is either unconnected or has no load
WARNING: [Synth 8-7129] Port axi_awaddr[54] in module axi_pmon_v1_0_2 is either unconnected or has no load
WARNING: [Synth 8-7129] Port axi_awaddr[53] in module axi_pmon_v1_0_2 is either unconnected or has no load
WARNING: [Synth 8-7129] Port axi_awaddr[52] in module axi_pmon_v1_0_2 is either unconnected or has no load
WARNING: [Synth 8-7129] Port axi_awaddr[51] in module axi_pmon_v1_0_2 is either unconnected or has no load
WARNING: [Synth 8-7129] Port axi_awaddr[50] in module axi_pmon_v1_0_2 is either unconnected or has no load
WARNING: [Synth 8-7129] Port axi_awaddr[49] in module axi_pmon_v1_0_2 is either unconnected or has no load
WARNING: [Synth 8-7129] Port axi_awaddr[48] in module axi_pmon_v1_0_2 is either unconnected or has no load
WARNING: [Synth 8-7129] Port axi_awaddr[47] in module axi_pmon_v1_0_2 is either unconnected or has no load
WARNING: [Synth 8-7129] Port axi_awaddr[46] in module axi_pmon_v1_0_2 is either unconnected or has no load
WARNING: [Synth 8-7129] Port axi_awaddr[45] in module axi_pmon_v1_0_2 is either unconnected or has no load
WARNING: [Synth 8-7129] Port axi_awaddr[44] in module axi_pmon_v1_0_2 is either unconnected or has no load
WARNING: [Synth 8-7129] Port axi_awaddr[43] in module axi_pmon_v1_0_2 is either unconnected or has no load
WARNING: [Synth 8-7129] Port axi_awaddr[42] in module axi_pmon_v1_0_2 is either unconnected or has no load
WARNING: [Synth 8-7129] Port axi_awaddr[41] in module axi_pmon_v1_0_2 is either unconnected or has no load
WARNING: [Synth 8-7129] Port axi_awaddr[40] in module axi_pmon_v1_0_2 is either unconnected or has no load
WARNING: [Synth 8-7129] Port axi_awaddr[39] in module axi_pmon_v1_0_2 is either unconnected or has no load
WARNING: [Synth 8-7129] Port axi_awaddr[38] in module axi_pmon_v1_0_2 is either unconnected or has no load
WARNING: [Synth 8-7129] Port axi_awaddr[37] in module axi_pmon_v1_0_2 is either unconnected or has no load
WARNING: [Synth 8-7129] Port axi_awaddr[36] in module axi_pmon_v1_0_2 is either unconnected or has no load
WARNING: [Synth 8-7129] Port axi_awaddr[35] in module axi_pmon_v1_0_2 is either unconnected or has no load
WARNING: [Synth 8-7129] Port axi_awaddr[34] in module axi_pmon_v1_0_2 is either unconnected or has no load
WARNING: [Synth 8-7129] Port axi_awaddr[33] in module axi_pmon_v1_0_2 is either unconnected or has no load
WARNING: [Synth 8-7129] Port axi_awaddr[32] in module axi_pmon_v1_0_2 is either unconnected or has no load
WARNING: [Synth 8-7129] Port axi_awaddr[31] in module axi_pmon_v1_0_2 is either unconnected or has no load
WARNING: [Synth 8-7129] Port axi_awaddr[30] in module axi_pmon_v1_0_2 is either unconnected or has no load
WARNING: [Synth 8-7129] Port axi_awaddr[29] in module axi_pmon_v1_0_2 is either unconnected or has no load
WARNING: [Synth 8-7129] Port axi_awaddr[28] in module axi_pmon_v1_0_2 is either unconnected or has no load
WARNING: [Synth 8-7129] Port axi_awaddr[27] in module axi_pmon_v1_0_2 is either unconnected or has no load
WARNING: [Synth 8-7129] Port axi_awaddr[26] in module axi_pmon_v1_0_2 is either unconnected or has no load
WARNING: [Synth 8-7129] Port axi_awaddr[25] in module axi_pmon_v1_0_2 is either unconnected or has no load
WARNING: [Synth 8-7129] Port axi_awaddr[24] in module axi_pmon_v1_0_2 is either unconnected or has no load
WARNING: [Synth 8-7129] Port axi_awaddr[23] in module axi_pmon_v1_0_2 is either unconnected or has no load
WARNING: [Synth 8-7129] Port axi_awaddr[22] in module axi_pmon_v1_0_2 is either unconnected or has no load
WARNING: [Synth 8-7129] Port axi_awaddr[21] in module axi_pmon_v1_0_2 is either unconnected or has no load
WARNING: [Synth 8-7129] Port axi_awaddr[20] in module axi_pmon_v1_0_2 is either unconnected or has no load
WARNING: [Synth 8-7129] Port axi_awaddr[19] in module axi_pmon_v1_0_2 is either unconnected or has no load
WARNING: [Synth 8-7129] Port axi_awaddr[18] in module axi_pmon_v1_0_2 is either unconnected or has no load
WARNING: [Synth 8-7129] Port axi_awaddr[17] in module axi_pmon_v1_0_2 is either unconnected or has no load
WARNING: [Synth 8-7129] Port axi_awaddr[16] in module axi_pmon_v1_0_2 is either unconnected or has no load
WARNING: [Synth 8-7129] Port axi_awaddr[15] in module axi_pmon_v1_0_2 is either unconnected or has no load
WARNING: [Synth 8-7129] Port axi_awaddr[14] in module axi_pmon_v1_0_2 is either unconnected or has no load
WARNING: [Synth 8-7129] Port axi_awaddr[13] in module axi_pmon_v1_0_2 is either unconnected or has no load
WARNING: [Synth 8-7129] Port axi_awaddr[12] in module axi_pmon_v1_0_2 is either unconnected or has no load
WARNING: [Synth 8-7129] Port axi_awaddr[11] in module axi_pmon_v1_0_2 is either unconnected or has no load
WARNING: [Synth 8-7129] Port axi_awaddr[10] in module axi_pmon_v1_0_2 is either unconnected or has no load
WARNING: [Synth 8-7129] Port axi_awaddr[9] in module axi_pmon_v1_0_2 is either unconnected or has no load
WARNING: [Synth 8-7129] Port axi_awaddr[8] in module axi_pmon_v1_0_2 is either unconnected or has no load
WARNING: [Synth 8-7129] Port axi_awaddr[7] in module axi_pmon_v1_0_2 is either unconnected or has no load
WARNING: [Synth 8-7129] Port axi_awaddr[6] in module axi_pmon_v1_0_2 is either unconnected or has no load
WARNING: [Synth 8-7129] Port axi_awaddr[5] in module axi_pmon_v1_0_2 is either unconnected or has no load
WARNING: [Synth 8-7129] Port axi_awaddr[4] in module axi_pmon_v1_0_2 is either unconnected or has no load
WARNING: [Synth 8-7129] Port axi_awaddr[3] in module axi_pmon_v1_0_2 is either unconnected or has no load
WARNING: [Synth 8-7129] Port axi_awaddr[2] in module axi_pmon_v1_0_2 is either unconnected or has no load
WARNING: [Synth 8-7129] Port axi_awaddr[1] in module axi_pmon_v1_0_2 is either unconnected or has no load
WARNING: [Synth 8-7129] Port axi_awaddr[0] in module axi_pmon_v1_0_2 is either unconnected or has no load
WARNING: [Synth 8-7129] Port axi_awlen[7] in module axi_pmon_v1_0_2 is either unconnected or has no load
WARNING: [Synth 8-7129] Port axi_awlen[6] in module axi_pmon_v1_0_2 is either unconnected or has no load
WARNING: [Synth 8-7129] Port axi_awlen[5] in module axi_pmon_v1_0_2 is either unconnected or has no load
WARNING: [Synth 8-7129] Port axi_awlen[4] in module axi_pmon_v1_0_2 is either unconnected or has no load
WARNING: [Synth 8-7129] Port axi_awlen[3] in module axi_pmon_v1_0_2 is either unconnected or has no load
WARNING: [Synth 8-7129] Port axi_awlen[2] in module axi_pmon_v1_0_2 is either unconnected or has no load
WARNING: [Synth 8-7129] Port axi_awlen[1] in module axi_pmon_v1_0_2 is either unconnected or has no load
WARNING: [Synth 8-7129] Port axi_awlen[0] in module axi_pmon_v1_0_2 is either unconnected or has no load
WARNING: [Synth 8-7129] Port axi_awsize[2] in module axi_pmon_v1_0_2 is either unconnected or has no load
WARNING: [Synth 8-7129] Port axi_awsize[1] in module axi_pmon_v1_0_2 is either unconnected or has no load
WARNING: [Synth 8-7129] Port axi_awsize[0] in module axi_pmon_v1_0_2 is either unconnected or has no load
WARNING: [Synth 8-7129] Port axi_awburst[1] in module axi_pmon_v1_0_2 is either unconnected or has no load
WARNING: [Synth 8-7129] Port axi_awburst[0] in module axi_pmon_v1_0_2 is either unconnected or has no load
WARNING: [Synth 8-7129] Port axi_awcache[3] in module axi_pmon_v1_0_2 is either unconnected or has no load
WARNING: [Synth 8-7129] Port axi_awcache[2] in module axi_pmon_v1_0_2 is either unconnected or has no load
WARNING: [Synth 8-7129] Port axi_awcache[1] in module axi_pmon_v1_0_2 is either unconnected or has no load
WARNING: [Synth 8-7129] Port axi_awcache[0] in module axi_pmon_v1_0_2 is either unconnected or has no load
WARNING: [Synth 8-7129] Port axi_awprot[2] in module axi_pmon_v1_0_2 is either unconnected or has no load
WARNING: [Synth 8-7129] Port axi_awprot[1] in module axi_pmon_v1_0_2 is either unconnected or has no load
WARNING: [Synth 8-7129] Port axi_awprot[0] in module axi_pmon_v1_0_2 is either unconnected or has no load
WARNING: [Synth 8-7129] Port axi_awvalid in module axi_pmon_v1_0_2 is either unconnected or has no load
WARNING: [Synth 8-7129] Port axi_awready in module axi_pmon_v1_0_2 is either unconnected or has no load
WARNING: [Synth 8-7129] Port axi_wdata[255] in module axi_pmon_v1_0_2 is either unconnected or has no load
WARNING: [Synth 8-7129] Port axi_wdata[254] in module axi_pmon_v1_0_2 is either unconnected or has no load
WARNING: [Synth 8-7129] Port axi_wdata[253] in module axi_pmon_v1_0_2 is either unconnected or has no load
WARNING: [Synth 8-7129] Port axi_wdata[252] in module axi_pmon_v1_0_2 is either unconnected or has no load
WARNING: [Synth 8-7129] Port axi_wdata[251] in module axi_pmon_v1_0_2 is either unconnected or has no load
WARNING: [Synth 8-7129] Port axi_wdata[250] in module axi_pmon_v1_0_2 is either unconnected or has no load
INFO: [Common 17-14] Message 'Synth 8-7129' appears 100 times and further instances of the messages will be disabled. Use the Tcl command set_msg_config to change the current settings.
---------------------------------------------------------------------------------
Finished RTL Elaboration : Time (s): cpu = 00:00:06 ; elapsed = 00:00:06 . Memory (MB): peak = 3422.465 ; gain = 150.844 ; free physical = 9982 ; free virtual = 12003
---------------------------------------------------------------------------------
---------------------------------------------------------------------------------
Start Handling Custom Attributes
---------------------------------------------------------------------------------
---------------------------------------------------------------------------------
Finished Handling Custom Attributes : Time (s): cpu = 00:00:06 ; elapsed = 00:00:07 . Memory (MB): peak = 3434.340 ; gain = 162.719 ; free physical = 9980 ; free virtual = 12001
---------------------------------------------------------------------------------
---------------------------------------------------------------------------------
Finished RTL Optimization Phase 1 : Time (s): cpu = 00:00:06 ; elapsed = 00:00:07 . Memory (MB): peak = 3434.340 ; gain = 162.719 ; free physical = 9980 ; free virtual = 12001
---------------------------------------------------------------------------------
Netlist sorting complete. Time (s): cpu = 00:00:00.01 ; elapsed = 00:00:00 . Memory (MB): peak = 3434.340 ; gain = 0.000 ; free physical = 9980 ; free virtual = 12001
INFO: [Constraints 18-5720] The default GCLK Deskew mode is Off.
INFO: [Device 21-9335] Optimized delay calculation is enabled for this device.
INFO: [Constraints 18-13227] Created floorplan with Advanced Flow Feature Set
INFO: [Project 1-570] Preparing netlist for logic optimization

Processing XDC Constraints
Initializing timing engine
Parsing XDC File [/home/younas/Documents/Vivado/hbm_module_2_synth_impl/hbm_module_2_synth_impl.gen/sources_1/bd/design_1/ip/design_1_noc_tg_pmon_3_0/hdl/par/design_1_noc_tg_pmon_3_0_ip.xdc] for cell 'inst'
Finished Parsing XDC File [/home/younas/Documents/Vivado/hbm_module_2_synth_impl/hbm_module_2_synth_impl.gen/sources_1/bd/design_1/ip/design_1_noc_tg_pmon_3_0/hdl/par/design_1_noc_tg_pmon_3_0_ip.xdc] for cell 'inst'
Parsing XDC File [/home/younas/Documents/Vivado/hbm_module_2_synth_impl/hbm_module_2_synth_impl.runs/design_1_noc_tg_pmon_3_0_synth_1/dont_touch.xdc]
Finished Parsing XDC File [/home/younas/Documents/Vivado/hbm_module_2_synth_impl/hbm_module_2_synth_impl.runs/design_1_noc_tg_pmon_3_0_synth_1/dont_touch.xdc]
Completed Processing XDC Constraints

INFO: [Ipconfig 75-709] Read and Merge Traffic Stats:  Before Read: 0 insts (0 INI), 0 paths (0 INI). Read In: 0 insts (0 INI), 0 paths (0 INI). After Merge: 0 insts (0 INI), 0 paths (0 INI). 0 error slaves
INFO: [Ipconfig 75-709] Read and Merge Traffic Stats:  Before Read: 0 insts (0 INI), 0 paths (0 INI). Read In: 4 insts (0 INI), 2 paths (0 INI). After Merge: 4 insts (0 INI), 2 paths (0 INI). 0 error slaves
Netlist sorting complete. Time (s): cpu = 00:00:00 ; elapsed = 00:00:00 . Memory (MB): peak = 3630.527 ; gain = 0.000 ; free physical = 9848 ; free virtual = 11903
INFO: [Project 1-111] Unisim Transformation Summary:
No Unisim elements were transformed.

Constraint Validation Runtime : Time (s): cpu = 00:00:00.02 ; elapsed = 00:00:00.02 . Memory (MB): peak = 3634.496 ; gain = 3.969 ; free physical = 9848 ; free virtual = 11903
INFO: [Designutils 20-5008] Incremental synthesis strategy off
---------------------------------------------------------------------------------
Finished Constraint Validation : Time (s): cpu = 00:00:15 ; elapsed = 00:00:16 . Memory (MB): peak = 3634.496 ; gain = 362.875 ; free physical = 9847 ; free virtual = 11903
---------------------------------------------------------------------------------
---------------------------------------------------------------------------------
Start Loading Part and Timing Information
---------------------------------------------------------------------------------
Loading part: xcvh1582-vsva3697-2MP-e-S
INFO: [Synth 8-6742] Reading net delay rules and data
---------------------------------------------------------------------------------
Finished Loading Part and Timing Information : Time (s): cpu = 00:00:15 ; elapsed = 00:00:16 . Memory (MB): peak = 3642.500 ; gain = 370.879 ; free physical = 9847 ; free virtual = 11903
---------------------------------------------------------------------------------
---------------------------------------------------------------------------------
Start Applying 'set_property' XDC Constraints
---------------------------------------------------------------------------------
Applied set_property KEEP_HIERARCHY = SOFT for inst. (constraint file  /home/younas/Documents/Vivado/hbm_module_2_synth_impl/hbm_module_2_synth_impl.runs/design_1_noc_tg_pmon_3_0_synth_1/dont_touch.xdc, line 9).
---------------------------------------------------------------------------------
Finished applying 'set_property' XDC Constraints : Time (s): cpu = 00:00:15 ; elapsed = 00:00:16 . Memory (MB): peak = 3642.500 ; gain = 370.879 ; free physical = 9847 ; free virtual = 11903
---------------------------------------------------------------------------------
---------------------------------------------------------------------------------
Finished RTL Optimization Phase 2 : Time (s): cpu = 00:00:15 ; elapsed = 00:00:16 . Memory (MB): peak = 3642.500 ; gain = 370.879 ; free physical = 9847 ; free virtual = 11904
---------------------------------------------------------------------------------
---------------------------------------------------------------------------------
Start RTL Component Statistics 
---------------------------------------------------------------------------------
Detailed RTL Component Info : 
---------------------------------------------------------------------------------
Finished RTL Component Statistics 
---------------------------------------------------------------------------------
---------------------------------------------------------------------------------
Start Part Resource Summary
---------------------------------------------------------------------------------
Part Resources:
DSPs: 7392 (col length:154)
BRAMs: 5082 (col length: RAMB18 312 RAMB36 156)
---------------------------------------------------------------------------------
Finished Part Resource Summary
---------------------------------------------------------------------------------
---------------------------------------------------------------------------------
Start Cross Boundary and Area Optimization
---------------------------------------------------------------------------------
WARNING: [Synth 8-7080] Parallel synthesis criteria is not met
---------------------------------------------------------------------------------
Finished Cross Boundary and Area Optimization : Time (s): cpu = 00:00:17 ; elapsed = 00:00:18 . Memory (MB): peak = 3642.500 ; gain = 370.879 ; free physical = 9847 ; free virtual = 11904
---------------------------------------------------------------------------------
---------------------------------------------------------------------------------
Start Applying XDC Timing Constraints
---------------------------------------------------------------------------------
---------------------------------------------------------------------------------
Finished Applying XDC Timing Constraints : Time (s): cpu = 00:00:50 ; elapsed = 00:00:51 . Memory (MB): peak = 4941.961 ; gain = 1670.340 ; free physical = 8508 ; free virtual = 10591
---------------------------------------------------------------------------------
---------------------------------------------------------------------------------
Start Timing Optimization
---------------------------------------------------------------------------------
---------------------------------------------------------------------------------
Finished Timing Optimization : Time (s): cpu = 00:00:50 ; elapsed = 00:00:51 . Memory (MB): peak = 4941.961 ; gain = 1670.340 ; free physical = 8508 ; free virtual = 10591
---------------------------------------------------------------------------------
---------------------------------------------------------------------------------
Start Technology Mapping
---------------------------------------------------------------------------------
INFO: [Synth 8-11322] No global retiming is needed without any clock constraint
---------------------------------------------------------------------------------
Finished Technology Mapping : Time (s): cpu = 00:00:50 ; elapsed = 00:00:51 . Memory (MB): peak = 4951.977 ; gain = 1680.355 ; free physical = 8500 ; free virtual = 10583
---------------------------------------------------------------------------------
---------------------------------------------------------------------------------
Start IO Insertion
---------------------------------------------------------------------------------
---------------------------------------------------------------------------------
Start Flattening Before IO Insertion
---------------------------------------------------------------------------------
---------------------------------------------------------------------------------
Finished Flattening Before IO Insertion
---------------------------------------------------------------------------------
INFO: [Synth 8-11322] No global retiming is needed without any clock constraint
---------------------------------------------------------------------------------
Start Final Netlist Cleanup
---------------------------------------------------------------------------------
---------------------------------------------------------------------------------
Finished Final Netlist Cleanup
---------------------------------------------------------------------------------
---------------------------------------------------------------------------------
Finished IO Insertion : Time (s): cpu = 00:00:53 ; elapsed = 00:00:55 . Memory (MB): peak = 5121.789 ; gain = 1850.168 ; free physical = 8356 ; free virtual = 10439
---------------------------------------------------------------------------------
---------------------------------------------------------------------------------
Start Renaming Generated Instances
---------------------------------------------------------------------------------
---------------------------------------------------------------------------------
Finished Renaming Generated Instances : Time (s): cpu = 00:00:53 ; elapsed = 00:00:55 . Memory (MB): peak = 5121.789 ; gain = 1850.168 ; free physical = 8356 ; free virtual = 10439
---------------------------------------------------------------------------------
---------------------------------------------------------------------------------
Start Rebuilding User Hierarchy
---------------------------------------------------------------------------------
---------------------------------------------------------------------------------
Finished Rebuilding User Hierarchy : Time (s): cpu = 00:00:53 ; elapsed = 00:00:55 . Memory (MB): peak = 5121.789 ; gain = 1850.168 ; free physical = 8356 ; free virtual = 10439
---------------------------------------------------------------------------------
---------------------------------------------------------------------------------
Start Renaming Generated Ports
---------------------------------------------------------------------------------
---------------------------------------------------------------------------------
Finished Renaming Generated Ports : Time (s): cpu = 00:00:53 ; elapsed = 00:00:55 . Memory (MB): peak = 5121.789 ; gain = 1850.168 ; free physical = 8356 ; free virtual = 10439
---------------------------------------------------------------------------------
---------------------------------------------------------------------------------
Start Handling Custom Attributes
---------------------------------------------------------------------------------
---------------------------------------------------------------------------------
Finished Handling Custom Attributes : Time (s): cpu = 00:00:53 ; elapsed = 00:00:55 . Memory (MB): peak = 5121.789 ; gain = 1850.168 ; free physical = 8356 ; free virtual = 10439
---------------------------------------------------------------------------------
---------------------------------------------------------------------------------
Start Renaming Generated Nets
---------------------------------------------------------------------------------
---------------------------------------------------------------------------------
Finished Renaming Generated Nets : Time (s): cpu = 00:00:53 ; elapsed = 00:00:55 . Memory (MB): peak = 5121.789 ; gain = 1850.168 ; free physical = 8356 ; free virtual = 10439
---------------------------------------------------------------------------------
---------------------------------------------------------------------------------
Start Writing Synthesis Report
---------------------------------------------------------------------------------

Report BlackBoxes: 
+-+--------------+----------+
| |BlackBox name |Instances |
+-+--------------+----------+
+-+--------------+----------+

Report Cell Usage: 
+-+-----+------+
| |Cell |Count |
+-+-----+------+
+-+-----+------+
---------------------------------------------------------------------------------
Finished Writing Synthesis Report : Time (s): cpu = 00:00:53 ; elapsed = 00:00:55 . Memory (MB): peak = 5121.789 ; gain = 1850.168 ; free physical = 8356 ; free virtual = 10439
---------------------------------------------------------------------------------
Synthesis finished with 0 errors, 0 critical warnings and 1490 warnings.
Synthesis Optimization Runtime : Time (s): cpu = 00:00:50 ; elapsed = 00:00:51 . Memory (MB): peak = 5121.789 ; gain = 1650.012 ; free physical = 8356 ; free virtual = 10439
Synthesis Optimization Complete : Time (s): cpu = 00:00:54 ; elapsed = 00:00:55 . Memory (MB): peak = 5121.789 ; gain = 1850.168 ; free physical = 8356 ; free virtual = 10439
INFO: [Project 1-571] Translating synthesized netlist
Netlist sorting complete. Time (s): cpu = 00:00:00 ; elapsed = 00:00:00 . Memory (MB): peak = 5121.789 ; gain = 0.000 ; free physical = 8356 ; free virtual = 10439
INFO: [Constraints 18-5720] The default GCLK Deskew mode is Off.
INFO: [Device 21-9335] Optimized delay calculation is enabled for this device.
INFO: [Constraints 18-13227] Created floorplan with Advanced Flow Feature Set
INFO: [Project 1-570] Preparing netlist for logic optimization
INFO: [Opt 31-138] Pushed 0 inverter(s) to 0 load pin(s).
INFO: [Ipconfig 75-709] Read and Merge Traffic Stats:  Before Read: 0 insts (0 INI), 0 paths (0 INI). Read In: 0 insts (0 INI), 0 paths (0 INI). After Merge: 0 insts (0 INI), 0 paths (0 INI). 0 error slaves
INFO: [Ipconfig 75-709] Read and Merge Traffic Stats:  Before Read: 0 insts (0 INI), 0 paths (0 INI). Read In: 4 insts (0 INI), 2 paths (0 INI). After Merge: 4 insts (0 INI), 2 paths (0 INI). 0 error slaves
Netlist sorting complete. Time (s): cpu = 00:00:00 ; elapsed = 00:00:00 . Memory (MB): peak = 5121.789 ; gain = 0.000 ; free physical = 8515 ; free virtual = 10598
INFO: [Project 1-111] Unisim Transformation Summary:
No Unisim elements were transformed.

Synth Design complete | Checksum: c48dc293
INFO: [Common 17-83] Releasing license: Synthesis
30 Infos, 101 Warnings, 0 Critical Warnings and 0 Errors encountered.
synth_design completed successfully
synth_design: Time (s): cpu = 00:01:17 ; elapsed = 00:01:17 . Memory (MB): peak = 5121.789 ; gain = 3528.223 ; free physical = 8514 ; free virtual = 10598
INFO: [Common 17-2834] synth_design peak Physical Memory [PSS] (MB): overall = 4521.708; main = 4521.708; forked = 330.885
INFO: [Common 17-2834] synth_design peak Virtual Memory [VSS] (MB): overall = 5734.781; main = 5108.691; forked = 915.816
INFO: [Common 17-1381] The checkpoint '/home/younas/Documents/Vivado/hbm_module_2_synth_impl/hbm_module_2_synth_impl.runs/design_1_noc_tg_pmon_3_0_synth_1/design_1_noc_tg_pmon_3_0.dcp' has been generated.
INFO: [Coretcl 2-1648] Added synthesis output to IP cache for IP design_1_noc_tg_pmon_3_0, cache-ID = a19292ff391e8d5c
INFO: [Common 17-1381] The checkpoint '/home/younas/Documents/Vivado/hbm_module_2_synth_impl/hbm_module_2_synth_impl.runs/design_1_noc_tg_pmon_3_0_synth_1/design_1_noc_tg_pmon_3_0.dcp' has been generated.
INFO: [Vivado 12-24828] Executing command : report_utilization -file design_1_noc_tg_pmon_3_0_utilization_synth.rpt -pb design_1_noc_tg_pmon_3_0_utilization_synth.pb
INFO: [Common 17-206] Exiting Vivado at Sun May  4 19:30:46 2025...
