#
# An unexpected error has occurred (11)
#
Stack:
/lib/x86_64-linux-gnu/libc.so.6(+0x43090) [0x7f74f4f8f090]
/tools/Xilinx/Vivado/2024.2/lib/lnx64.o/libxv_device.so(HDARGriddedSiteMappings::getSiteMapping(HDARSiteGridType::Type) const+0) [0x7f74c91f9f20]
/tools/Xilinx/Vivado/2024.2/lib/lnx64.o/libxv_device.so(void initRowColMap<Plane<false> >(HDARRowColMap<Plane<false> >&, HDARPart const*, bool, bool)+0x72) [0x7f74c91cb8b2]
/tools/Xilinx/Vivado/2024.2/lib/lnx64.o/libxv_device.so(HARPlaceArch::initializeTileSiteMapping(HDARPart const*)+0x29e) [0x7f74c91c1e7e]
/tools/Xilinx/Vivado/2024.2/lib/lnx64.o/libxv_device.so(HARPartLoader::loadFiles(HDARPart*, bool)+0x16e4) [0x7f74c98962f4]
/tools/Xilinx/Vivado/2024.2/lib/lnx64.o/libxv_device.so(HARPartLoader::loadArch(HDARPart const*, bool, bool)+0x1707) [0x7f74c9898727]
/tools/Xilinx/Vivado/2024.2/lib/lnx64.o/libxv_synth.so(HARTPADelayMgr::loadPart(UKeyword, char const*, char const*, char const*)+0x58d) [0x7f74e25d1add]
/tools/Xilinx/Vivado/2024.2/lib/lnx64.o/libxv_synth.so(HARTNDb::loadPartOld(char const*, NDbC*)+0xcb) [0x7f74e25afd1b]
/tools/Xilinx/Vivado/2024.2/lib/lnx64.o/libxv_synth.so(+0x1f4bad9) [0x7f74e3164ad9]
/tools/Xilinx/Vivado/2024.2/lib/lnx64.o/libxv_synth.so(+0x1e96bd3) [0x7f74e30afbd3]
/tools/Xilinx/Vivado/2024.2/lib/lnx64.o/libtcl8.6.so(TclNRRunCallbacks+0x47) [0x7f74fa7c2497]
/tools/Xilinx/Vivado/2024.2/lib/lnx64.o/libtcl8.6.so(+0x45309) [0x7f74fa7c4309]
/tools/Xilinx/Vivado/2024.2/lib/lnx64.o/libtcl8.6.so(Tcl_FSEvalFileEx+0x1f8) [0x7f74fa879ae8]
/tools/Xilinx/Vivado/2024.2/lib/lnx64.o/libxv_commontasks.so(+0x495bb5) [0x7f74f2677bb5]
/tools/Xilinx/Vivado/2024.2/lib/lnx64.o/libxv_common.so(+0x911d5a) [0x7f74fdf8bd5a]
/tools/Xilinx/Vivado/2024.2/lib/lnx64.o/libtcl8.6.so(TclNRRunCallbacks+0x47) [0x7f74fa7c2497]
/tools/Xilinx/Vivado/2024.2/lib/lnx64.o/libxv_commontasks.so(+0x47a7f1) [0x7f74f265c7f1]
/tools/Xilinx/Vivado/2024.2/lib/lnx64.o/libtcl8.6.so(TclNRRunCallbacks+0x47) [0x7f74fa7c2497]
/tools/Xilinx/Vivado/2024.2/lib/lnx64.o/libxv_common.so(hdi::tcltasks::task_manager::eval_in_tcl(Tcl_Interp*, Tcl_Obj*, char const*, bool)+0xc08) [0x7f74fdf8d658]
/tools/Xilinx/Vivado/2024.2/lib/lnx64.o/libxv_synth.so(HARTSWorker::runInternal()+0xe5) [0x7f74e27469c5]
/tools/Xilinx/Vivado/2024.2/lib/lnx64.o/libxv_synth.so(HARTSWorker::runJob(HARTSWorkerConfig&)+0x3f) [0x7f74e274817f]
/tools/Xilinx/Vivado/2024.2/lib/lnx64.o/libxv_synth.so(HARTSWorker::mainLoop()+0x8f) [0x7f74e2749e6f]
/tools/Xilinx/Vivado/2024.2/lib/lnx64.o/libxv_synth.so(HARTNDb::parallelListen(char const*, char const*, char const*)+0x39) [0x7f74e2560629]
/tools/Xilinx/Vivado/2024.2/lib/lnx64.o/libxv_synth.so(+0x1fdabb4) [0x7f74e31f3bb4]
/tools/Xilinx/Vivado/2024.2/lib/lnx64.o/libxv_synth.so(+0x1e96bd3) [0x7f74e30afbd3]
/tools/Xilinx/Vivado/2024.2/lib/lnx64.o/libtcl8.6.so(TclNRRunCallbacks+0x47) [0x7f74fa7c2497]
/tools/Xilinx/Vivado/2024.2/lib/lnx64.o/libxv_commontasks.so(+0x47a74e) [0x7f74f265c74e]
/tools/Xilinx/Vivado/2024.2/lib/lnx64.o/libtcl8.6.so(TclNRRunCallbacks+0x47) [0x7f74fa7c2497]
/tools/Xilinx/Vivado/2024.2/lib/lnx64.o/libtcl8.6.so(+0x45309) [0x7f74fa7c4309]
/tools/Xilinx/Vivado/2024.2/lib/lnx64.o/libtcl8.6.so(Tcl_FSEvalFileEx+0x1f8) [0x7f74fa879ae8]
/tools/Xilinx/Vivado/2024.2/lib/lnx64.o/libxv_commontasks.so(+0x495bb5) [0x7f74f2677bb5]
/tools/Xilinx/Vivado/2024.2/lib/lnx64.o/libxv_common.so(+0x911d5a) [0x7f74fdf8bd5a]
/tools/Xilinx/Vivado/2024.2/lib/lnx64.o/libtcl8.6.so(TclNRRunCallbacks+0x47) [0x7f74fa7c2497]
/tools/Xilinx/Vivado/2024.2/lib/lnx64.o/libxv_commontasks.so(+0x46be6d) [0x7f74f264de6d]
/tools/Xilinx/Vivado/2024.2/lib/lnx64.o/libxv_commontasks.so(+0x46d48f) [0x7f74f264f48f]
/tools/Xilinx/Vivado/2024.2/lib/lnx64.o/libxv_common.so(+0x911d5a) [0x7f74fdf8bd5a]
/tools/Xilinx/Vivado/2024.2/lib/lnx64.o/libtcl8.6.so(TclNRRunCallbacks+0x47) [0x7f74fa7c2497]
/tools/Xilinx/Vivado/2024.2/lib/lnx64.o/libxv_commonmain.so(+0xeae2) [0x7f74fe7fbae2]
/tools/Xilinx/Vivado/2024.2/lib/lnx64.o/libtcl8.6.so(Tcl_MainEx+0x1a8) [0x7f74fa881038]
/tools/Xilinx/Vivado/2024.2/lib/lnx64.o/libxv_common.so(+0xb7869e) [0x7f74fe1f269e]
/lib/x86_64-linux-gnu/libpthread.so.0(+0x8609) [0x7f74f4f31609]
/lib/x86_64-linux-gnu/libc.so.6(clone+0x43) [0x7f74f506b353]
