#
# An unexpected error has occurred (11)
#
Stack:
/lib/x86_64-linux-gnu/libc.so.6(+0x43090) [0x7fad514ca090]
/tools/Xilinx/Vivado/2024.2/lib/lnx64.o/libxv_synth.so(HARTPAMapping::getMappingCell(char const*)+0x2f) [0x7fad3eb247af]
/tools/Xilinx/Vivado/2024.2/lib/lnx64.o/libxv_synth.so(HARTPAMapping::isCellPinInvertible(char const*, char const*)+0x10) [0x7fad3eb24f90]
/tools/Xilinx/Vivado/2024.2/lib/lnx64.o/libxv_synth.so(HARTNDb::collectInvertiblePins(UHashList<TLibPinC*, TLibPinC*, UEKey<TLibPinC*>, UHashListNode<TLibPinC*>, TLibPinC*>&, bool, bool)+0x257) [0x7fad3eaebc57]
/tools/Xilinx/Vivado/2024.2/lib/lnx64.o/libxv_synth.so(HARTNDb::markInvertiblePins(bool)+0x31) [0x7fad3eaec0f1]
/tools/Xilinx/Vivado/2024.2/lib/lnx64.o/libxv_synth.so(+0x1f0a889) [0x7fad3f65e889]
/tools/Xilinx/Vivado/2024.2/lib/lnx64.o/libxv_synth.so(+0x1e96bd3) [0x7fad3f5eabd3]
/tools/Xilinx/Vivado/2024.2/lib/lnx64.o/libtcl8.6.so(TclNRRunCallbacks+0x47) [0x7fad56cfd497]
/tools/Xilinx/Vivado/2024.2/lib/lnx64.o/libtcl8.6.so(+0x45309) [0x7fad56cff309]
/tools/Xilinx/Vivado/2024.2/lib/lnx64.o/libtcl8.6.so(Tcl_FSEvalFileEx+0x1f8) [0x7fad56db4ae8]
/tools/Xilinx/Vivado/2024.2/lib/lnx64.o/libxv_commontasks.so(+0x495bb5) [0x7fad4ebb2bb5]
/tools/Xilinx/Vivado/2024.2/lib/lnx64.o/libxv_common.so(+0x911d5a) [0x7fad5a4c6d5a]
/tools/Xilinx/Vivado/2024.2/lib/lnx64.o/libtcl8.6.so(TclNRRunCallbacks+0x47) [0x7fad56cfd497]
/tools/Xilinx/Vivado/2024.2/lib/lnx64.o/libxv_commontasks.so(+0x47a7f1) [0x7fad4eb977f1]
/tools/Xilinx/Vivado/2024.2/lib/lnx64.o/libtcl8.6.so(TclNRRunCallbacks+0x47) [0x7fad56cfd497]
/tools/Xilinx/Vivado/2024.2/lib/lnx64.o/libxv_common.so(hdi::tcltasks::task_manager::eval_in_tcl(Tcl_Interp*, Tcl_Obj*, char const*, bool)+0xc08) [0x7fad5a4c8658]
/tools/Xilinx/Vivado/2024.2/lib/lnx64.o/libxv_synth.so(HARTSWorker::runInternal()+0xe5) [0x7fad3ec819c5]
/tools/Xilinx/Vivado/2024.2/lib/lnx64.o/libxv_synth.so(HARTSWorker::runJob(HARTSWorkerConfig&)+0x3f) [0x7fad3ec8317f]
/tools/Xilinx/Vivado/2024.2/lib/lnx64.o/libxv_synth.so(HARTSWorker::mainLoop()+0x8f) [0x7fad3ec84e6f]
/tools/Xilinx/Vivado/2024.2/lib/lnx64.o/libxv_synth.so(HARTNDb::parallelListen(char const*, char const*, char const*)+0x39) [0x7fad3ea9b629]
/tools/Xilinx/Vivado/2024.2/lib/lnx64.o/libxv_synth.so(+0x1fdabb4) [0x7fad3f72ebb4]
/tools/Xilinx/Vivado/2024.2/lib/lnx64.o/libxv_synth.so(+0x1e96bd3) [0x7fad3f5eabd3]
/tools/Xilinx/Vivado/2024.2/lib/lnx64.o/libtcl8.6.so(TclNRRunCallbacks+0x47) [0x7fad56cfd497]
/tools/Xilinx/Vivado/2024.2/lib/lnx64.o/libxv_commontasks.so(+0x47a74e) [0x7fad4eb9774e]
/tools/Xilinx/Vivado/2024.2/lib/lnx64.o/libtcl8.6.so(TclNRRunCallbacks+0x47) [0x7fad56cfd497]
/tools/Xilinx/Vivado/2024.2/lib/lnx64.o/libtcl8.6.so(+0x45309) [0x7fad56cff309]
/tools/Xilinx/Vivado/2024.2/lib/lnx64.o/libtcl8.6.so(Tcl_FSEvalFileEx+0x1f8) [0x7fad56db4ae8]
/tools/Xilinx/Vivado/2024.2/lib/lnx64.o/libxv_commontasks.so(+0x495bb5) [0x7fad4ebb2bb5]
/tools/Xilinx/Vivado/2024.2/lib/lnx64.o/libxv_common.so(+0x911d5a) [0x7fad5a4c6d5a]
/tools/Xilinx/Vivado/2024.2/lib/lnx64.o/libtcl8.6.so(TclNRRunCallbacks+0x47) [0x7fad56cfd497]
/tools/Xilinx/Vivado/2024.2/lib/lnx64.o/libxv_commontasks.so(+0x46be6d) [0x7fad4eb88e6d]
/tools/Xilinx/Vivado/2024.2/lib/lnx64.o/libxv_commontasks.so(+0x46d48f) [0x7fad4eb8a48f]
/tools/Xilinx/Vivado/2024.2/lib/lnx64.o/libxv_common.so(+0x911d5a) [0x7fad5a4c6d5a]
/tools/Xilinx/Vivado/2024.2/lib/lnx64.o/libtcl8.6.so(TclNRRunCallbacks+0x47) [0x7fad56cfd497]
/tools/Xilinx/Vivado/2024.2/lib/lnx64.o/libxv_commonmain.so(+0xeae2) [0x7fad5ad36ae2]
/tools/Xilinx/Vivado/2024.2/lib/lnx64.o/libtcl8.6.so(Tcl_MainEx+0x1a8) [0x7fad56dbc038]
/tools/Xilinx/Vivado/2024.2/lib/lnx64.o/libxv_common.so(+0xb7869e) [0x7fad5a72d69e]
/lib/x86_64-linux-gnu/libpthread.so.0(+0x8609) [0x7fad5146c609]
/lib/x86_64-linux-gnu/libc.so.6(clone+0x43) [0x7fad515a6353]
