#
# An unexpected error has occurred (11)
#
Stack:
/lib/x86_64-linux-gnu/libc.so.6(+0x43090) [0x7f853d7a7090]
/tools/Xilinx/Vivado/2024.2/lib/lnx64.o/libxv_device.so(HDARGriddedSiteMappings::getSiteMapping(HDARSiteGridType::Type) const+0) [0x7f8511a11f20]
/tools/Xilinx/Vivado/2024.2/lib/lnx64.o/libxv_device.so(void initRowColMap<Plane<false> >(HDARRowColMap<Plane<false> >&, HDARPart const*, bool, bool)+0x72) [0x7f85119e38b2]
/tools/Xilinx/Vivado/2024.2/lib/lnx64.o/libxv_device.so(HARPlaceArch::initializeTileSiteMapping(HDARPart const*)+0x29e) [0x7f85119d9e7e]
/tools/Xilinx/Vivado/2024.2/lib/lnx64.o/libxv_device.so(HARPartLoader::loadFiles(HDARPart*, bool)+0x16e4) [0x7f85120ae2f4]
/tools/Xilinx/Vivado/2024.2/lib/lnx64.o/libxv_device.so(HARPartLoader::loadArch(HDARPart const*, bool, bool)+0x1707) [0x7f85120b0727]
/tools/Xilinx/Vivado/2024.2/lib/lnx64.o/libxv_synth.so(HARTPADelayMgr::loadPart(UKeyword, char const*, char const*, char const*)+0x58d) [0x7f852ade9add]
/tools/Xilinx/Vivado/2024.2/lib/lnx64.o/libxv_synth.so(HARTNDb::loadPartOld(char const*, NDbC*)+0xcb) [0x7f852adc7d1b]
/tools/Xilinx/Vivado/2024.2/lib/lnx64.o/libxv_synth.so(+0x1f4bad9) [0x7f852b97cad9]
/tools/Xilinx/Vivado/2024.2/lib/lnx64.o/libxv_synth.so(+0x1e96bd3) [0x7f852b8c7bd3]
/tools/Xilinx/Vivado/2024.2/lib/lnx64.o/libtcl8.6.so(TclNRRunCallbacks+0x47) [0x7f8542fda497]
/tools/Xilinx/Vivado/2024.2/lib/lnx64.o/libtcl8.6.so(+0x45309) [0x7f8542fdc309]
/tools/Xilinx/Vivado/2024.2/lib/lnx64.o/libtcl8.6.so(Tcl_FSEvalFileEx+0x1f8) [0x7f8543091ae8]
/tools/Xilinx/Vivado/2024.2/lib/lnx64.o/libxv_commontasks.so(+0x495bb5) [0x7f853ae8fbb5]
/tools/Xilinx/Vivado/2024.2/lib/lnx64.o/libxv_common.so(+0x911d5a) [0x7f85467a3d5a]
/tools/Xilinx/Vivado/2024.2/lib/lnx64.o/libtcl8.6.so(TclNRRunCallbacks+0x47) [0x7f8542fda497]
/tools/Xilinx/Vivado/2024.2/lib/lnx64.o/libxv_commontasks.so(+0x47a7f1) [0x7f853ae747f1]
/tools/Xilinx/Vivado/2024.2/lib/lnx64.o/libtcl8.6.so(TclNRRunCallbacks+0x47) [0x7f8542fda497]
/tools/Xilinx/Vivado/2024.2/lib/lnx64.o/libxv_common.so(hdi::tcltasks::task_manager::eval_in_tcl(Tcl_Interp*, Tcl_Obj*, char const*, bool)+0xc08) [0x7f85467a5658]
/tools/Xilinx/Vivado/2024.2/lib/lnx64.o/libxv_synth.so(HARTSWorker::runInternal()+0xe5) [0x7f852af5e9c5]
/tools/Xilinx/Vivado/2024.2/lib/lnx64.o/libxv_synth.so(HARTSWorker::runJob(HARTSWorkerConfig&)+0x3f) [0x7f852af6017f]
/tools/Xilinx/Vivado/2024.2/lib/lnx64.o/libxv_synth.so(HARTSWorker::mainLoop()+0x8f) [0x7f852af61e6f]
/tools/Xilinx/Vivado/2024.2/lib/lnx64.o/libxv_synth.so(HARTNDb::parallelListen(char const*, char const*, char const*)+0x39) [0x7f852ad78629]
/tools/Xilinx/Vivado/2024.2/lib/lnx64.o/libxv_synth.so(+0x1fdabb4) [0x7f852ba0bbb4]
/tools/Xilinx/Vivado/2024.2/lib/lnx64.o/libxv_synth.so(+0x1e96bd3) [0x7f852b8c7bd3]
/tools/Xilinx/Vivado/2024.2/lib/lnx64.o/libtcl8.6.so(TclNRRunCallbacks+0x47) [0x7f8542fda497]
/tools/Xilinx/Vivado/2024.2/lib/lnx64.o/libxv_commontasks.so(+0x47a74e) [0x7f853ae7474e]
/tools/Xilinx/Vivado/2024.2/lib/lnx64.o/libtcl8.6.so(TclNRRunCallbacks+0x47) [0x7f8542fda497]
/tools/Xilinx/Vivado/2024.2/lib/lnx64.o/libtcl8.6.so(+0x45309) [0x7f8542fdc309]
/tools/Xilinx/Vivado/2024.2/lib/lnx64.o/libtcl8.6.so(Tcl_FSEvalFileEx+0x1f8) [0x7f8543091ae8]
/tools/Xilinx/Vivado/2024.2/lib/lnx64.o/libxv_commontasks.so(+0x495bb5) [0x7f853ae8fbb5]
/tools/Xilinx/Vivado/2024.2/lib/lnx64.o/libxv_common.so(+0x911d5a) [0x7f85467a3d5a]
/tools/Xilinx/Vivado/2024.2/lib/lnx64.o/libtcl8.6.so(TclNRRunCallbacks+0x47) [0x7f8542fda497]
/tools/Xilinx/Vivado/2024.2/lib/lnx64.o/libxv_commontasks.so(+0x46be6d) [0x7f853ae65e6d]
/tools/Xilinx/Vivado/2024.2/lib/lnx64.o/libxv_commontasks.so(+0x46d48f) [0x7f853ae6748f]
/tools/Xilinx/Vivado/2024.2/lib/lnx64.o/libxv_common.so(+0x911d5a) [0x7f85467a3d5a]
/tools/Xilinx/Vivado/2024.2/lib/lnx64.o/libtcl8.6.so(TclNRRunCallbacks+0x47) [0x7f8542fda497]
/tools/Xilinx/Vivado/2024.2/lib/lnx64.o/libxv_commonmain.so(+0xeae2) [0x7f8547013ae2]
/tools/Xilinx/Vivado/2024.2/lib/lnx64.o/libtcl8.6.so(Tcl_MainEx+0x1a8) [0x7f8543099038]
/tools/Xilinx/Vivado/2024.2/lib/lnx64.o/libxv_common.so(+0xb7869e) [0x7f8546a0a69e]
/lib/x86_64-linux-gnu/libpthread.so.0(+0x8609) [0x7f853d749609]
/lib/x86_64-linux-gnu/libc.so.6(clone+0x43) [0x7f853d883353]
