1, Write, 1005, 1207, 202, 0, 0, 0, 0, 0, 0, 0, 127, 5, 3351 ns
1, Write, 1006, 1332, 326, 0, 0, 0, 0, 0, 0, 0, 127, 5, 3354 ns
1, Write, 1007, 1460, 453, 0, 0, 0, 0, 0, 0, 0, 127, 5, 3357 ns
1, Write, 1008, 1588, 580, 0, 0, 0, 0, 0, 0, 0, 127, 5, 3361 ns
1, Write, 1009, 1717, 708, 0, 0, 0, 0, 0, 0, 0, 127, 5, 3364 ns
1, Write, 1010, 1844, 834, 0, 0, 0, 0, 0, 0, 0, 127, 5, 3367 ns
1, Write, 1011, 1972, 961, 0, 0, 0, 0, 0, 0, 0, 127, 5, 3371 ns
1, Write, 1193, 2101, 908, 0, 0, 0, 0, 0, 0, 0, 127, 5, 3977 ns
1, Write, 1321, 2350, 1029, 0, 0, 0, 0, 0, 0, 0, 127, 5, 4404 ns
1, Write, 1449, 2478, 1029, 0, 0, 0, 0, 0, 0, 0, 127, 5, 4831 ns
1, Write, 1577, 2606, 1029, 0, 0, 0, 0, 0, 0, 0, 127, 5, 5258 ns
1, Write, 1705, 2734, 1029, 0, 0, 0, 0, 0, 0, 0, 127, 5, 5684 ns
1, Write, 1833, 2861, 1028, 0, 0, 0, 0, 0, 0, 0, 127, 5, 6111 ns
1, Write, 1961, 2990, 1029, 0, 0, 0, 0, 0, 0, 0, 127, 5, 6538 ns
1, Write, 2089, 3118, 1029, 0, 0, 0, 0, 0, 0, 0, 127, 5, 6965 ns
1, Write, 2338, 3245, 907, 0, 0, 0, 0, 0, 0, 0, 127, 5, 7795 ns
1, Write, 2466, 3500, 1034, 0, 0, 0, 0, 0, 0, 0, 127, 5, 8222 ns
1, Write, 2594, 3622, 1028, 0, 0, 0, 0, 0, 0, 0, 127, 5, 8648 ns
1, Write, 2722, 3750, 1028, 0, 0, 0, 0, 0, 0, 0, 127, 5, 9075 ns
1, Write, 2850, 3878, 1028, 0, 0, 0, 0, 0, 0, 0, 127, 5, 9502 ns
1, Write, 2978, 4006, 1028, 0, 0, 0, 0, 0, 0, 0, 127, 5, 9929 ns
1, Write, 3106, 4134, 1028, 0, 0, 0, 0, 0, 0, 0, 127, 5, 10355 ns
1, Write, 3234, 4262, 1028, 0, 0, 0, 0, 0, 0, 0, 127, 5, 10782 ns
1, Write, 3481, 4390, 909, 0, 0, 0, 0, 0, 0, 0, 127, 5, 11606 ns
1, Write, 3609, 4652, 1043, 0, 0, 0, 0, 0, 0, 0, 127, 5, 12032 ns
1, Write, 3737, 4768, 1031, 0, 0, 0, 0, 0, 0, 0, 127, 5, 12459 ns
1, Write, 3865, 4895, 1030, 0, 0, 0, 0, 0, 0, 0, 127, 5, 12886 ns
1, Write, 3993, 5024, 1031, 0, 0, 0, 0, 0, 0, 0, 127, 5, 13313 ns
1, Write, 4121, 5151, 1030, 0, 0, 0, 0, 0, 0, 0, 127, 5, 13739 ns
1, Write, 4249, 5280, 1031, 0, 0, 0, 0, 0, 0, 0, 127, 5, 14166 ns
1, Write, 4377, 5408, 1031, 0, 0, 0, 0, 0, 0, 0, 127, 5, 14593 ns
1, Write, 4505, 5535, 1030, 0, 0, 0, 0, 0, 0, 0, 127, 5, 15020 ns
1, Write, 4756, 5802, 1046, 0, 0, 0, 0, 0, 0, 0, 127, 5, 15857 ns
1, Write, 4884, 5909, 1025, 0, 0, 0, 0, 0, 0, 0, 127, 5, 16283 ns
1, Write, 5012, 6037, 1025, 0, 0, 0, 0, 0, 0, 0, 127, 5, 16710 ns
1, Write, 5140, 6166, 1026, 0, 0, 0, 0, 0, 0, 0, 127, 5, 17137 ns
1, Write, 5268, 6293, 1025, 0, 0, 0, 0, 0, 0, 0, 127, 5, 17564 ns
1, Write, 5396, 6421, 1025, 0, 0, 0, 0, 0, 0, 0, 127, 5, 17990 ns
1, Write, 5524, 6549, 1025, 0, 0, 0, 0, 0, 0, 0, 127, 5, 18417 ns
1, Write, 5652, 6678, 1026, 0, 0, 0, 0, 0, 0, 0, 127, 5, 18844 ns
1, Write, 5898, 6805, 907, 0, 0, 0, 0, 0, 0, 0, 127, 5, 19664 ns
1, Write, 6026, 7056, 1030, 0, 0, 0, 0, 0, 0, 0, 127, 5, 20091 ns
1, Write, 6154, 7185, 1031, 0, 0, 0, 0, 0, 0, 0, 127, 5, 20517 ns
1, Write, 6282, 7313, 1031, 0, 0, 0, 0, 0, 0, 0, 127, 5, 20944 ns
1, Write, 6410, 7440, 1030, 0, 0, 0, 0, 0, 0, 0, 127, 5, 21371 ns
1, Write, 6538, 7569, 1031, 0, 0, 0, 0, 0, 0, 0, 127, 5, 21798 ns
1, Write, 6666, 7696, 1030, 0, 0, 0, 0, 0, 0, 0, 127, 5, 22224 ns
1, Write, 6794, 7825, 1031, 0, 0, 0, 0, 0, 0, 0, 127, 5, 22651 ns
1, Write, 7045, 7953, 908, 0, 0, 0, 0, 0, 0, 0, 127, 5, 23488 ns
1, Write, 7173, 8202, 1029, 0, 0, 0, 0, 0, 0, 0, 127, 5, 23915 ns
1, Write, 7301, 8329, 1028, 0, 0, 0, 0, 0, 0, 0, 127, 5, 24342 ns
1, Write, 7429, 8457, 1028, 0, 0, 0, 0, 0, 0, 0, 127, 5, 24768 ns
1, Write, 7557, 8585, 1028, 0, 0, 0, 0, 0, 0, 0, 127, 5, 25195 ns
1, Write, 7685, 8714, 1029, 0, 0, 0, 0, 0, 0, 0, 127, 5, 25622 ns
1, Write, 7813, 8841, 1028, 0, 0, 0, 0, 0, 0, 0, 127, 5, 26049 ns
1, Write, 7941, 8969, 1028, 0, 0, 0, 0, 0, 0, 0, 127, 5, 26475 ns
1, Write, 8190, 9097, 907, 0, 0, 0, 0, 0, 0, 0, 127, 5, 27305 ns
1, Write, 8318, 9354, 1036, 0, 0, 0, 0, 0, 0, 0, 127, 5, 27732 ns
1, Write, 8446, 9478, 1032, 0, 0, 0, 0, 0, 0, 0, 127, 5, 28159 ns
1, Write, 8574, 9606, 1032, 0, 0, 0, 0, 0, 0, 0, 127, 5, 28586 ns
1, Write, 8702, 9734, 1032, 0, 0, 0, 0, 0, 0, 0, 127, 5, 29012 ns
1, Write, 8830, 9862, 1032, 0, 0, 0, 0, 0, 0, 0, 127, 5, 29439 ns
1, Write, 8958, 9990, 1032, 0, 0, 0, 0, 0, 0, 0, 127, 5, 29866 ns
1, Write, 9086, 10118, 1032, 0, 0, 0, 0, 0, 0, 0, 127, 5, 30293 ns
1, Write, 9338, 10246, 908, 0, 0, 0, 0, 0, 0, 0, 127, 5, 31133 ns
1, Write, 9466, 10506, 1040, 0, 0, 0, 0, 0, 0, 0, 127, 5, 31560 ns
1, Write, 9594, 10624, 1030, 0, 0, 0, 0, 0, 0, 0, 127, 5, 31986 ns
1, Write, 9722, 10753, 1031, 0, 0, 0, 0, 0, 0, 0, 127, 5, 32413 ns
1, Write, 9850, 10880, 1030, 0, 0, 0, 0, 0, 0, 0, 127, 5, 32840 ns
1, Write, 9978, 11008, 1030, 0, 0, 0, 0, 0, 0, 0, 127, 5, 33267 ns
1, Write, 10106, 11136, 1030, 0, 0, 0, 0, 0, 0, 0, 127, 5, 33693 ns
1, Write, 10234, 11265, 1031, 0, 0, 0, 0, 0, 0, 0, 127, 5, 34120 ns
1, Write, 10488, 11392, 904, 0, 0, 0, 0, 0, 0, 0, 127, 5, 34967 ns
1, Write, 10613, 11657, 1044, 0, 0, 0, 0, 0, 0, 0, 127, 5, 35384 ns
1, Write, 10741, 11766, 1025, 0, 0, 0, 0, 0, 0, 0, 127, 5, 35810 ns
1, Write, 10869, 11894, 1025, 0, 0, 0, 0, 0, 0, 0, 127, 5, 36237 ns
1, Write, 10997, 12023, 1026, 0, 0, 0, 0, 0, 0, 0, 127, 5, 36664 ns
1, Write, 11125, 12151, 1026, 0, 0, 0, 0, 0, 0, 0, 127, 5, 37091 ns
1, Write, 11253, 12278, 1025, 0, 0, 0, 0, 0, 0, 0, 127, 5, 37518 ns
1, Write, 11381, 12407, 1026, 0, 0, 0, 0, 0, 0, 0, 127, 5, 37944 ns
1, Write, 11509, 12534, 1025, 0, 0, 0, 0, 0, 0, 0, 127, 5, 38371 ns
1, Write, 11755, 12663, 908, 0, 0, 0, 0, 0, 0, 0, 127, 5, 39191 ns
1, Write, 11883, 12917, 1034, 0, 0, 0, 0, 0, 0, 0, 127, 5, 39618 ns
1, Write, 12011, 13044, 1033, 0, 0, 0, 0, 0, 0, 0, 127, 5, 40045 ns
1, Write, 12139, 13172, 1033, 0, 0, 0, 0, 0, 0, 0, 127, 5, 40471 ns
1, Write, 12267, 13301, 1034, 0, 0, 0, 0, 0, 0, 0, 127, 5, 40898 ns
1, Write, 12395, 13428, 1033, 0, 0, 0, 0, 0, 0, 0, 127, 5, 41325 ns
1, Write, 12523, 13556, 1033, 0, 0, 0, 0, 0, 0, 0, 127, 5, 41752 ns
1, Write, 12651, 13684, 1033, 0, 0, 0, 0, 0, 0, 0, 127, 5, 42178 ns
1, Write, 12905, 13813, 908, 0, 0, 0, 0, 0, 0, 0, 127, 5, 43025 ns
1, Write, 13033, 14062, 1029, 0, 0, 0, 0, 0, 0, 0, 127, 5, 43452 ns
1, Write, 13161, 14190, 1029, 0, 0, 0, 0, 0, 0, 0, 127, 5, 43879 ns
1, Write, 13289, 14319, 1030, 0, 0, 0, 0, 0, 0, 0, 127, 5, 44306 ns
1, Write, 13417, 14446, 1029, 0, 0, 0, 0, 0, 0, 0, 127, 5, 44732 ns
1, Write, 13545, 14574, 1029, 0, 0, 0, 0, 0, 0, 0, 127, 5, 45159 ns
1, Write, 13673, 14703, 1030, 0, 0, 0, 0, 0, 0, 0, 127, 5, 45586 ns
1, Write, 13801, 14831, 1030, 0, 0, 0, 0, 0, 0, 0, 127, 5, 46013 ns
1, Write, 14051, 14958, 907, 0, 0, 0, 0, 0, 0, 0, 127, 5, 46846 ns
1, Write, 14179, 15208, 1029, 0, 0, 0, 0, 0, 0, 0, 127, 5, 47273 ns
1, Write, 14307, 15334, 1027, 0, 0, 0, 0, 0, 0, 0, 127, 5, 47700 ns
1, Read, 15336, 15499, 163, 0, 0, 0, 0, 0, 0, 0, 127, 5, 51130 ns
1, Read, 15337, 15627, 290, 0, 0, 0, 0, 0, 0, 0, 127, 5, 51134 ns
1, Read, 15338, 15755, 417, 0, 0, 0, 0, 0, 0, 0, 127, 5, 51137 ns
1, Read, 15339, 15883, 544, 0, 0, 0, 0, 0, 0, 0, 127, 5, 51140 ns
1, Read, 15340, 16011, 671, 0, 0, 0, 0, 0, 0, 0, 127, 5, 51144 ns
1, Read, 15341, 16139, 798, 0, 0, 0, 0, 0, 0, 0, 127, 5, 51147 ns
1, Read, 15342, 16267, 925, 0, 0, 0, 0, 0, 0, 0, 127, 5, 51150 ns
1, Read, 15352, 16438, 1086, 0, 0, 0, 0, 0, 0, 0, 127, 5, 51184 ns
1, Read, 15495, 16566, 1071, 0, 0, 0, 0, 0, 0, 0, 127, 5, 51660 ns
1, Read, 15623, 16694, 1071, 0, 0, 0, 0, 0, 0, 0, 127, 5, 52087 ns
1, Read, 15751, 16822, 1071, 0, 0, 0, 0, 0, 0, 0, 127, 5, 52514 ns
1, Read, 15879, 16950, 1071, 0, 0, 0, 0, 0, 0, 0, 127, 5, 52941 ns
1, Read, 16007, 17078, 1071, 0, 0, 0, 0, 0, 0, 0, 127, 5, 53367 ns
1, Read, 16135, 17206, 1071, 0, 0, 0, 0, 0, 0, 0, 127, 5, 53794 ns
1, Read, 16263, 17334, 1071, 0, 0, 0, 0, 0, 0, 0, 127, 5, 54221 ns
1, Read, 16434, 17462, 1028, 0, 0, 0, 0, 0, 0, 0, 127, 5, 54791 ns
1, Read, 16562, 17644, 1082, 0, 0, 0, 0, 0, 0, 0, 127, 5, 55218 ns
1, Read, 16690, 17772, 1082, 0, 0, 0, 0, 0, 0, 0, 127, 5, 55644 ns
1, Read, 16818, 17900, 1082, 0, 0, 0, 0, 0, 0, 0, 127, 5, 56071 ns
1, Read, 16946, 18028, 1082, 0, 0, 0, 0, 0, 0, 0, 127, 5, 56498 ns
1, Read, 17074, 18156, 1082, 0, 0, 0, 0, 0, 0, 0, 127, 5, 56925 ns
1, Read, 17202, 18284, 1082, 0, 0, 0, 0, 0, 0, 0, 127, 5, 57351 ns
1, Read, 17330, 18412, 1082, 0, 0, 0, 0, 0, 0, 0, 127, 5, 57778 ns
1, Read, 17458, 18540, 1082, 0, 0, 0, 0, 0, 0, 0, 127, 5, 58205 ns
1, Read, 17640, 18711, 1071, 0, 0, 0, 0, 0, 0, 0, 127, 5, 58812 ns
1, Read, 17768, 18839, 1071, 0, 0, 0, 0, 0, 0, 0, 127, 5, 59239 ns
1, Read, 17896, 18967, 1071, 0, 0, 0, 0, 0, 0, 0, 127, 5, 59665 ns
1, Read, 18024, 19095, 1071, 0, 0, 0, 0, 0, 0, 0, 127, 5, 60092 ns
1, Read, 18152, 19223, 1071, 0, 0, 0, 0, 0, 0, 0, 127, 5, 60519 ns
1, Read, 18280, 19351, 1071, 0, 0, 0, 0, 0, 0, 0, 127, 5, 60946 ns
1, Read, 18408, 19479, 1071, 0, 0, 0, 0, 0, 0, 0, 127, 5, 61372 ns
1, Read, 18536, 19607, 1071, 0, 0, 0, 0, 0, 0, 0, 127, 5, 61799 ns
1, Read, 18707, 19735, 1028, 0, 0, 0, 0, 0, 0, 0, 127, 5, 62369 ns
1, Read, 18835, 19911, 1076, 0, 0, 0, 0, 0, 0, 0, 127, 5, 62796 ns
1, Read, 18963, 20039, 1076, 0, 0, 0, 0, 0, 0, 0, 127, 5, 63223 ns
1, Read, 19091, 20167, 1076, 0, 0, 0, 0, 0, 0, 0, 127, 5, 63649 ns
1, Read, 19219, 20295, 1076, 0, 0, 0, 0, 0, 0, 0, 127, 5, 64076 ns
1, Read, 19347, 20423, 1076, 0, 0, 0, 0, 0, 0, 0, 127, 5, 64503 ns
1, Read, 19475, 20551, 1076, 0, 0, 0, 0, 0, 0, 0, 127, 5, 64930 ns
1, Read, 19603, 20679, 1076, 0, 0, 0, 0, 0, 0, 0, 127, 5, 65356 ns
1, Read, 19731, 20807, 1076, 0, 0, 0, 0, 0, 0, 0, 127, 5, 65783 ns
1, Read, 19907, 20935, 1028, 0, 0, 0, 0, 0, 0, 0, 127, 5, 66370 ns
1, Read, 20035, 21106, 1071, 0, 0, 0, 0, 0, 0, 0, 127, 5, 66797 ns
1, Read, 20163, 21234, 1071, 0, 0, 0, 0, 0, 0, 0, 127, 5, 67223 ns
1, Read, 20291, 21362, 1071, 0, 0, 0, 0, 0, 0, 0, 127, 5, 67650 ns
1, Read, 20419, 21490, 1071, 0, 0, 0, 0, 0, 0, 0, 127, 5, 68077 ns
1, Read, 20547, 21618, 1071, 0, 0, 0, 0, 0, 0, 0, 127, 5, 68504 ns
1, Read, 20675, 21746, 1071, 0, 0, 0, 0, 0, 0, 0, 127, 5, 68930 ns
1, Read, 20803, 21874, 1071, 0, 0, 0, 0, 0, 0, 0, 127, 5, 69357 ns
1, Read, 20931, 22002, 1071, 0, 0, 0, 0, 0, 0, 0, 127, 5, 69784 ns
1, Read, 21102, 22130, 1028, 0, 0, 0, 0, 0, 0, 0, 127, 5, 70354 ns
1, Read, 21230, 22301, 1071, 0, 0, 0, 0, 0, 0, 0, 127, 5, 70781 ns
1, Read, 21358, 22429, 1071, 0, 0, 0, 0, 0, 0, 0, 127, 5, 71208 ns
1, Read, 21486, 22557, 1071, 0, 0, 0, 0, 0, 0, 0, 127, 5, 71634 ns
1, Read, 21614, 22685, 1071, 0, 0, 0, 0, 0, 0, 0, 127, 5, 72061 ns
1, Read, 21742, 22813, 1071, 0, 0, 0, 0, 0, 0, 0, 127, 5, 72488 ns
1, Read, 21870, 22941, 1071, 0, 0, 0, 0, 0, 0, 0, 127, 5, 72915 ns
1, Read, 21998, 23069, 1071, 0, 0, 0, 0, 0, 0, 0, 127, 5, 73341 ns
1, Read, 22126, 23197, 1071, 0, 0, 0, 0, 0, 0, 0, 127, 5, 73768 ns
1, Read, 22297, 23367, 1070, 0, 0, 0, 0, 0, 0, 0, 127, 5, 74338 ns
1, Read, 22425, 23495, 1070, 0, 0, 0, 0, 0, 0, 0, 127, 5, 74765 ns
1, Read, 22553, 23623, 1070, 0, 0, 0, 0, 0, 0, 0, 127, 5, 75192 ns
1, Read, 22681, 23751, 1070, 0, 0, 0, 0, 0, 0, 0, 127, 5, 75618 ns
1, Read, 22809, 23879, 1070, 0, 0, 0, 0, 0, 0, 0, 127, 5, 76045 ns
1, Read, 22937, 24007, 1070, 0, 0, 0, 0, 0, 0, 0, 127, 5, 76472 ns
1, Read, 23065, 24135, 1070, 0, 0, 0, 0, 0, 0, 0, 127, 5, 76899 ns
1, Read, 23193, 24263, 1070, 0, 0, 0, 0, 0, 0, 0, 127, 5, 77325 ns
1, Read, 23364, 24391, 1027, 0, 0, 0, 0, 0, 0, 0, 127, 5, 77896 ns
1, Read, 23491, 24561, 1070, 0, 0, 0, 0, 0, 0, 0, 127, 5, 78319 ns
1, Read, 23619, 24689, 1070, 0, 0, 0, 0, 0, 0, 0, 127, 5, 78746 ns
1, Read, 23747, 24817, 1070, 0, 0, 0, 0, 0, 0, 0, 127, 5, 79172 ns
1, Read, 23875, 24945, 1070, 0, 0, 0, 0, 0, 0, 0, 127, 5, 79599 ns
1, Read, 24003, 25073, 1070, 0, 0, 0, 0, 0, 0, 0, 127, 5, 80026 ns
1, Read, 24131, 25201, 1070, 0, 0, 0, 0, 0, 0, 0, 127, 5, 80453 ns
1, Read, 24259, 25329, 1070, 0, 0, 0, 0, 0, 0, 0, 127, 5, 80880 ns
1, Read, 24387, 25457, 1070, 0, 0, 0, 0, 0, 0, 0, 127, 5, 81306 ns
1, Read, 24557, 25585, 1028, 0, 0, 0, 0, 0, 0, 0, 127, 5, 81873 ns
1, Read, 24685, 25765, 1080, 0, 0, 0, 0, 0, 0, 0, 127, 5, 82300 ns
1, Read, 24813, 25893, 1080, 0, 0, 0, 0, 0, 0, 0, 127, 5, 82727 ns
1, Read, 24941, 26021, 1080, 0, 0, 0, 0, 0, 0, 0, 127, 5, 83153 ns
1, Read, 25069, 26149, 1080, 0, 0, 0, 0, 0, 0, 0, 127, 5, 83580 ns
1, Read, 25197, 26277, 1080, 0, 0, 0, 0, 0, 0, 0, 127, 5, 84007 ns
1, Read, 25325, 26405, 1080, 0, 0, 0, 0, 0, 0, 0, 127, 5, 84434 ns
1, Read, 25453, 26533, 1080, 0, 0, 0, 0, 0, 0, 0, 127, 5, 84860 ns
1, Read, 25581, 26661, 1080, 0, 0, 0, 0, 0, 0, 0, 127, 5, 85287 ns
1, Read, 25761, 26789, 1028, 0, 0, 0, 0, 0, 0, 0, 127, 5, 85887 ns
1, Read, 25889, 26961, 1072, 0, 0, 0, 0, 0, 0, 0, 127, 5, 86314 ns
1, Read, 26017, 27089, 1072, 0, 0, 0, 0, 0, 0, 0, 127, 5, 86741 ns
1, Read, 26145, 27217, 1072, 0, 0, 0, 0, 0, 0, 0, 127, 5, 87167 ns
1, Read, 26273, 27345, 1072, 0, 0, 0, 0, 0, 0, 0, 127, 5, 87594 ns
1, Read, 26401, 27473, 1072, 0, 0, 0, 0, 0, 0, 0, 127, 5, 88021 ns
1, Read, 26529, 27601, 1072, 0, 0, 0, 0, 0, 0, 0, 127, 5, 88448 ns
1, Read, 26657, 27729, 1072, 0, 0, 0, 0, 0, 0, 0, 127, 5, 88874 ns
1, Read, 26785, 27857, 1072, 0, 0, 0, 0, 0, 0, 0, 127, 5, 89301 ns
1, Read, 26957, 27985, 1028, 0, 0, 0, 0, 0, 0, 0, 127, 5, 89875 ns
1, Read, 27085, 28160, 1075, 0, 0, 0, 0, 0, 0, 0, 127, 5, 90301 ns
1, Read, 27213, 28288, 1075, 0, 0, 0, 0, 0, 0, 0, 127, 5, 90728 ns
1, Read, 27341, 28416, 1075, 0, 0, 0, 0, 0, 0, 0, 127, 5, 91155 ns
1, Read, 27469, 28544, 1075, 0, 0, 0, 0, 0, 0, 0, 127, 5, 91582 ns
1, Read, 27597, 28672, 1075, 0, 0, 0, 0, 0, 0, 0, 127, 5, 92008 ns
