0, Write, 1005, 1204, 199, 0, 0, 0, 0, 0, 0, 0, 127, 5, 3351 ns
0, Write, 1006, 1329, 323, 0, 0, 0, 0, 0, 0, 0, 127, 5, 3354 ns
0, Write, 1007, 1457, 450, 0, 0, 0, 0, 0, 0, 0, 127, 5, 3357 ns
0, Write, 1008, 1585, 577, 0, 0, 0, 0, 0, 0, 0, 127, 5, 3361 ns
0, Write, 1009, 1714, 705, 0, 0, 0, 0, 0, 0, 0, 127, 5, 3364 ns
0, Write, 1010, 1841, 831, 0, 0, 0, 0, 0, 0, 0, 127, 5, 3367 ns
0, Write, 1011, 1969, 958, 0, 0, 0, 0, 0, 0, 0, 127, 5, 3371 ns
0, Write, 1190, 2098, 908, 0, 0, 0, 0, 0, 0, 0, 127, 5, 3967 ns
0, Write, 1318, 2346, 1028, 0, 0, 0, 0, 0, 0, 0, 127, 5, 4394 ns
0, Write, 1446, 2473, 1027, 0, 0, 0, 0, 0, 0, 0, 127, 5, 4821 ns
0, Write, 1574, 2602, 1028, 0, 0, 0, 0, 0, 0, 0, 127, 5, 5248 ns
0, Write, 1702, 2729, 1027, 0, 0, 0, 0, 0, 0, 0, 127, 5, 5674 ns
0, Write, 1830, 2858, 1028, 0, 0, 0, 0, 0, 0, 0, 127, 5, 6101 ns
0, Write, 1958, 2986, 1028, 0, 0, 0, 0, 0, 0, 0, 127, 5, 6528 ns
0, Write, 2086, 3113, 1027, 0, 0, 0, 0, 0, 0, 0, 127, 5, 6955 ns
0, Write, 2334, 3241, 907, 0, 0, 0, 0, 0, 0, 0, 127, 5, 7782 ns
0, Write, 2462, 3499, 1037, 0, 0, 0, 0, 0, 0, 0, 127, 5, 8208 ns
0, Write, 2590, 3621, 1031, 0, 0, 0, 0, 0, 0, 0, 127, 5, 8635 ns
0, Write, 2718, 3748, 1030, 0, 0, 0, 0, 0, 0, 0, 127, 5, 9062 ns
0, Write, 2846, 3876, 1030, 0, 0, 0, 0, 0, 0, 0, 127, 5, 9489 ns
0, Write, 2974, 4004, 1030, 0, 0, 0, 0, 0, 0, 0, 127, 5, 9915 ns
0, Write, 3102, 4133, 1031, 0, 0, 0, 0, 0, 0, 0, 127, 5, 10342 ns
0, Write, 3230, 4260, 1030, 0, 0, 0, 0, 0, 0, 0, 127, 5, 10769 ns
0, Write, 3481, 4388, 907, 0, 0, 0, 0, 0, 0, 0, 127, 5, 11606 ns
0, Write, 3609, 4649, 1040, 0, 0, 0, 0, 0, 0, 0, 127, 5, 12032 ns
0, Write, 3737, 4765, 1028, 0, 0, 0, 0, 0, 0, 0, 127, 5, 12459 ns
0, Write, 3865, 4892, 1027, 0, 0, 0, 0, 0, 0, 0, 127, 5, 12886 ns
0, Write, 3993, 5021, 1028, 0, 0, 0, 0, 0, 0, 0, 127, 5, 13313 ns
0, Write, 4121, 5148, 1027, 0, 0, 0, 0, 0, 0, 0, 127, 5, 13739 ns
0, Write, 4249, 5277, 1028, 0, 0, 0, 0, 0, 0, 0, 127, 5, 14166 ns
0, Write, 4377, 5405, 1028, 0, 0, 0, 0, 0, 0, 0, 127, 5, 14593 ns
0, Write, 4505, 5532, 1027, 0, 0, 0, 0, 0, 0, 0, 127, 5, 15020 ns
0, Write, 4753, 5660, 907, 0, 0, 0, 0, 0, 0, 0, 127, 5, 15847 ns
0, Write, 4881, 5912, 1031, 0, 0, 0, 0, 0, 0, 0, 127, 5, 16273 ns
0, Write, 5009, 6040, 1031, 0, 0, 0, 0, 0, 0, 0, 127, 5, 16700 ns
0, Write, 5137, 6168, 1031, 0, 0, 0, 0, 0, 0, 0, 127, 5, 17127 ns
0, Write, 5265, 6295, 1030, 0, 0, 0, 0, 0, 0, 0, 127, 5, 17554 ns
0, Write, 5393, 6424, 1031, 0, 0, 0, 0, 0, 0, 0, 127, 5, 17980 ns
0, Write, 5521, 6552, 1031, 0, 0, 0, 0, 0, 0, 0, 127, 5, 18407 ns
0, Write, 5649, 6680, 1031, 0, 0, 0, 0, 0, 0, 0, 127, 5, 18834 ns
0, Write, 5900, 6807, 907, 0, 0, 0, 0, 0, 0, 0, 127, 5, 19671 ns
0, Write, 6028, 7059, 1031, 0, 0, 0, 0, 0, 0, 0, 127, 5, 20097 ns
0, Write, 6156, 7188, 1032, 0, 0, 0, 0, 0, 0, 0, 127, 5, 20524 ns
0, Write, 6284, 7316, 1032, 0, 0, 0, 0, 0, 0, 0, 127, 5, 20951 ns
0, Write, 6412, 7443, 1031, 0, 0, 0, 0, 0, 0, 0, 127, 5, 21378 ns
0, Write, 6540, 7572, 1032, 0, 0, 0, 0, 0, 0, 0, 127, 5, 21804 ns
0, Write, 6668, 7699, 1031, 0, 0, 0, 0, 0, 0, 0, 127, 5, 22231 ns
0, Write, 6796, 7828, 1032, 0, 0, 0, 0, 0, 0, 0, 127, 5, 22658 ns
0, Write, 7048, 7956, 908, 0, 0, 0, 0, 0, 0, 0, 127, 5, 23498 ns
0, Write, 7176, 8205, 1029, 0, 0, 0, 0, 0, 0, 0, 127, 5, 23925 ns
0, Write, 7304, 8332, 1028, 0, 0, 0, 0, 0, 0, 0, 127, 5, 24352 ns
0, Write, 7432, 8460, 1028, 0, 0, 0, 0, 0, 0, 0, 127, 5, 24778 ns
0, Write, 7560, 8588, 1028, 0, 0, 0, 0, 0, 0, 0, 127, 5, 25205 ns
0, Write, 7688, 8717, 1029, 0, 0, 0, 0, 0, 0, 0, 127, 5, 25632 ns
0, Write, 7816, 8844, 1028, 0, 0, 0, 0, 0, 0, 0, 127, 5, 26059 ns
0, Write, 7944, 8972, 1028, 0, 0, 0, 0, 0, 0, 0, 127, 5, 26485 ns
0, Write, 8193, 9100, 907, 0, 0, 0, 0, 0, 0, 0, 127, 5, 27315 ns
0, Write, 8321, 9351, 1030, 0, 0, 0, 0, 0, 0, 0, 127, 5, 27742 ns
0, Write, 8449, 9475, 1026, 0, 0, 0, 0, 0, 0, 0, 127, 5, 28169 ns
0, Write, 8577, 9604, 1027, 0, 0, 0, 0, 0, 0, 0, 127, 5, 28596 ns
0, Write, 8705, 9732, 1027, 0, 0, 0, 0, 0, 0, 0, 127, 5, 29022 ns
0, Write, 8833, 9859, 1026, 0, 0, 0, 0, 0, 0, 0, 127, 5, 29449 ns
0, Write, 8961, 9988, 1027, 0, 0, 0, 0, 0, 0, 0, 127, 5, 29876 ns
0, Write, 9089, 10115, 1026, 0, 0, 0, 0, 0, 0, 0, 127, 5, 30303 ns
0, Write, 9336, 10244, 908, 0, 0, 0, 0, 0, 0, 0, 127, 5, 31126 ns
0, Write, 9464, 10503, 1039, 0, 0, 0, 0, 0, 0, 0, 127, 5, 31553 ns
0, Write, 9592, 10621, 1029, 0, 0, 0, 0, 0, 0, 0, 127, 5, 31980 ns
0, Write, 9720, 10750, 1030, 0, 0, 0, 0, 0, 0, 0, 127, 5, 32406 ns
0, Write, 9848, 10877, 1029, 0, 0, 0, 0, 0, 0, 0, 127, 5, 32833 ns
0, Write, 9976, 11005, 1029, 0, 0, 0, 0, 0, 0, 0, 127, 5, 33260 ns
0, Write, 10104, 11133, 1029, 0, 0, 0, 0, 0, 0, 0, 127, 5, 33687 ns
0, Write, 10232, 11262, 1030, 0, 0, 0, 0, 0, 0, 0, 127, 5, 34113 ns
0, Write, 10485, 11389, 904, 0, 0, 0, 0, 0, 0, 0, 127, 5, 34957 ns
0, Write, 10610, 11657, 1047, 0, 0, 0, 0, 0, 0, 0, 127, 5, 35374 ns
0, Write, 10738, 11768, 1030, 0, 0, 0, 0, 0, 0, 0, 127, 5, 35800 ns
0, Write, 10866, 11897, 1031, 0, 0, 0, 0, 0, 0, 0, 127, 5, 36227 ns
0, Write, 10994, 12025, 1031, 0, 0, 0, 0, 0, 0, 0, 127, 5, 36654 ns
0, Write, 11122, 12153, 1031, 0, 0, 0, 0, 0, 0, 0, 127, 5, 37081 ns
0, Write, 11250, 12281, 1031, 0, 0, 0, 0, 0, 0, 0, 127, 5, 37508 ns
0, Write, 11378, 12409, 1031, 0, 0, 0, 0, 0, 0, 0, 127, 5, 37934 ns
0, Write, 11506, 12537, 1031, 0, 0, 0, 0, 0, 0, 0, 127, 5, 38361 ns
0, Write, 11757, 12665, 908, 0, 0, 0, 0, 0, 0, 0, 127, 5, 39198 ns
0, Write, 11885, 12914, 1029, 0, 0, 0, 0, 0, 0, 0, 127, 5, 39625 ns
0, Write, 12013, 13041, 1028, 0, 0, 0, 0, 0, 0, 0, 127, 5, 40051 ns
0, Write, 12141, 13169, 1028, 0, 0, 0, 0, 0, 0, 0, 127, 5, 40478 ns
0, Write, 12269, 13298, 1029, 0, 0, 0, 0, 0, 0, 0, 127, 5, 40905 ns
0, Write, 12397, 13425, 1028, 0, 0, 0, 0, 0, 0, 0, 127, 5, 41332 ns
0, Write, 12525, 13553, 1028, 0, 0, 0, 0, 0, 0, 0, 127, 5, 41758 ns
0, Write, 12653, 13681, 1028, 0, 0, 0, 0, 0, 0, 0, 127, 5, 42185 ns
0, Write, 12902, 13810, 908, 0, 0, 0, 0, 0, 0, 0, 127, 5, 43015 ns
0, Write, 13030, 14058, 1028, 0, 0, 0, 0, 0, 0, 0, 127, 5, 43442 ns
0, Write, 13158, 14185, 1027, 0, 0, 0, 0, 0, 0, 0, 127, 5, 43869 ns
0, Write, 13286, 14313, 1027, 0, 0, 0, 0, 0, 0, 0, 127, 5, 44296 ns
0, Write, 13414, 14442, 1028, 0, 0, 0, 0, 0, 0, 0, 127, 5, 44722 ns
0, Write, 13542, 14570, 1028, 0, 0, 0, 0, 0, 0, 0, 127, 5, 45149 ns
0, Write, 13670, 14697, 1027, 0, 0, 0, 0, 0, 0, 0, 127, 5, 45576 ns
0, Write, 13798, 14826, 1028, 0, 0, 0, 0, 0, 0, 0, 127, 5, 46003 ns
0, Write, 14046, 14954, 908, 0, 0, 0, 0, 0, 0, 0, 127, 5, 46829 ns
0, Write, 14174, 15205, 1031, 0, 0, 0, 0, 0, 0, 0, 127, 5, 47256 ns
0, Write, 14302, 15331, 1029, 0, 0, 0, 0, 0, 0, 0, 127, 5, 47683 ns
0, Read, 15333, 15492, 159, 0, 0, 0, 0, 0, 0, 0, 127, 5, 51120 ns
0, Read, 15334, 15620, 286, 0, 0, 0, 0, 0, 0, 0, 127, 5, 51124 ns
0, Read, 15335, 15748, 413, 0, 0, 0, 0, 0, 0, 0, 127, 5, 51127 ns
0, Read, 15336, 15876, 540, 0, 0, 0, 0, 0, 0, 0, 127, 5, 51130 ns
0, Read, 15337, 16004, 667, 0, 0, 0, 0, 0, 0, 0, 127, 5, 51134 ns
0, Read, 15338, 16132, 794, 0, 0, 0, 0, 0, 0, 0, 127, 5, 51137 ns
0, Read, 15339, 16260, 921, 0, 0, 0, 0, 0, 0, 0, 127, 5, 51140 ns
0, Read, 15349, 16435, 1086, 0, 0, 0, 0, 0, 0, 0, 127, 5, 51174 ns
0, Read, 15488, 16563, 1075, 0, 0, 0, 0, 0, 0, 0, 127, 5, 51637 ns
0, Read, 15616, 16691, 1075, 0, 0, 0, 0, 0, 0, 0, 127, 5, 52064 ns
0, Read, 15744, 16819, 1075, 0, 0, 0, 0, 0, 0, 0, 127, 5, 52490 ns
0, Read, 15872, 16947, 1075, 0, 0, 0, 0, 0, 0, 0, 127, 5, 52917 ns
0, Read, 16000, 17075, 1075, 0, 0, 0, 0, 0, 0, 0, 127, 5, 53344 ns
0, Read, 16128, 17203, 1075, 0, 0, 0, 0, 0, 0, 0, 127, 5, 53771 ns
0, Read, 16256, 17331, 1075, 0, 0, 0, 0, 0, 0, 0, 127, 5, 54198 ns
0, Read, 16431, 17459, 1028, 0, 0, 0, 0, 0, 0, 0, 127, 5, 54781 ns
0, Read, 16559, 17640, 1081, 0, 0, 0, 0, 0, 0, 0, 127, 5, 55208 ns
0, Read, 16687, 17768, 1081, 0, 0, 0, 0, 0, 0, 0, 127, 5, 55634 ns
0, Read, 16815, 17896, 1081, 0, 0, 0, 0, 0, 0, 0, 127, 5, 56061 ns
0, Read, 16943, 18024, 1081, 0, 0, 0, 0, 0, 0, 0, 127, 5, 56488 ns
0, Read, 17071, 18152, 1081, 0, 0, 0, 0, 0, 0, 0, 127, 5, 56915 ns
0, Read, 17199, 18280, 1081, 0, 0, 0, 0, 0, 0, 0, 127, 5, 57341 ns
0, Read, 17327, 18408, 1081, 0, 0, 0, 0, 0, 0, 0, 127, 5, 57768 ns
0, Read, 17455, 18536, 1081, 0, 0, 0, 0, 0, 0, 0, 127, 5, 58195 ns
0, Read, 17636, 18706, 1070, 0, 0, 0, 0, 0, 0, 0, 127, 5, 58798 ns
0, Read, 17764, 18834, 1070, 0, 0, 0, 0, 0, 0, 0, 127, 5, 59225 ns
0, Read, 17892, 18962, 1070, 0, 0, 0, 0, 0, 0, 0, 127, 5, 59652 ns
0, Read, 18020, 19090, 1070, 0, 0, 0, 0, 0, 0, 0, 127, 5, 60079 ns
0, Read, 18148, 19218, 1070, 0, 0, 0, 0, 0, 0, 0, 127, 5, 60505 ns
0, Read, 18276, 19346, 1070, 0, 0, 0, 0, 0, 0, 0, 127, 5, 60932 ns
0, Read, 18404, 19474, 1070, 0, 0, 0, 0, 0, 0, 0, 127, 5, 61359 ns
0, Read, 18532, 19602, 1070, 0, 0, 0, 0, 0, 0, 0, 127, 5, 61786 ns
0, Read, 18702, 19730, 1028, 0, 0, 0, 0, 0, 0, 0, 127, 5, 62352 ns
0, Read, 18830, 19907, 1077, 0, 0, 0, 0, 0, 0, 0, 127, 5, 62779 ns
0, Read, 18958, 20035, 1077, 0, 0, 0, 0, 0, 0, 0, 127, 5, 63206 ns
0, Read, 19086, 20163, 1077, 0, 0, 0, 0, 0, 0, 0, 127, 5, 63633 ns
0, Read, 19214, 20291, 1077, 0, 0, 0, 0, 0, 0, 0, 127, 5, 64059 ns
0, Read, 19342, 20419, 1077, 0, 0, 0, 0, 0, 0, 0, 127, 5, 64486 ns
0, Read, 19470, 20547, 1077, 0, 0, 0, 0, 0, 0, 0, 127, 5, 64913 ns
0, Read, 19598, 20675, 1077, 0, 0, 0, 0, 0, 0, 0, 127, 5, 65340 ns
0, Read, 19726, 20803, 1077, 0, 0, 0, 0, 0, 0, 0, 127, 5, 65766 ns
0, Read, 19903, 20931, 1028, 0, 0, 0, 0, 0, 0, 0, 127, 5, 66357 ns
0, Read, 20031, 21101, 1070, 0, 0, 0, 0, 0, 0, 0, 127, 5, 66783 ns
0, Read, 20159, 21229, 1070, 0, 0, 0, 0, 0, 0, 0, 127, 5, 67210 ns
0, Read, 20287, 21357, 1070, 0, 0, 0, 0, 0, 0, 0, 127, 5, 67637 ns
0, Read, 20415, 21485, 1070, 0, 0, 0, 0, 0, 0, 0, 127, 5, 68064 ns
0, Read, 20543, 21613, 1070, 0, 0, 0, 0, 0, 0, 0, 127, 5, 68490 ns
0, Read, 20671, 21741, 1070, 0, 0, 0, 0, 0, 0, 0, 127, 5, 68917 ns
0, Read, 20799, 21869, 1070, 0, 0, 0, 0, 0, 0, 0, 127, 5, 69344 ns
0, Read, 20927, 21997, 1070, 0, 0, 0, 0, 0, 0, 0, 127, 5, 69771 ns
0, Read, 21097, 22125, 1028, 0, 0, 0, 0, 0, 0, 0, 127, 5, 70337 ns
0, Read, 21225, 22298, 1073, 0, 0, 0, 0, 0, 0, 0, 127, 5, 70764 ns
0, Read, 21353, 22426, 1073, 0, 0, 0, 0, 0, 0, 0, 127, 5, 71191 ns
0, Read, 21481, 22554, 1073, 0, 0, 0, 0, 0, 0, 0, 127, 5, 71618 ns
0, Read, 21609, 22682, 1073, 0, 0, 0, 0, 0, 0, 0, 127, 5, 72044 ns
0, Read, 21737, 22810, 1073, 0, 0, 0, 0, 0, 0, 0, 127, 5, 72471 ns
0, Read, 21865, 22938, 1073, 0, 0, 0, 0, 0, 0, 0, 127, 5, 72898 ns
0, Read, 21993, 23066, 1073, 0, 0, 0, 0, 0, 0, 0, 127, 5, 73325 ns
0, Read, 22121, 23194, 1073, 0, 0, 0, 0, 0, 0, 0, 127, 5, 73751 ns
0, Read, 22294, 23363, 1069, 0, 0, 0, 0, 0, 0, 0, 127, 5, 74328 ns
0, Read, 22422, 23491, 1069, 0, 0, 0, 0, 0, 0, 0, 127, 5, 74755 ns
0, Read, 22550, 23619, 1069, 0, 0, 0, 0, 0, 0, 0, 127, 5, 75182 ns
0, Read, 22678, 23747, 1069, 0, 0, 0, 0, 0, 0, 0, 127, 5, 75608 ns
0, Read, 22806, 23875, 1069, 0, 0, 0, 0, 0, 0, 0, 127, 5, 76035 ns
0, Read, 22934, 24003, 1069, 0, 0, 0, 0, 0, 0, 0, 127, 5, 76462 ns
0, Read, 23062, 24131, 1069, 0, 0, 0, 0, 0, 0, 0, 127, 5, 76889 ns
0, Read, 23190, 24259, 1069, 0, 0, 0, 0, 0, 0, 0, 127, 5, 77315 ns
0, Read, 23361, 24387, 1026, 0, 0, 0, 0, 0, 0, 0, 127, 5, 77886 ns
0, Read, 23487, 24557, 1070, 0, 0, 0, 0, 0, 0, 0, 127, 5, 78306 ns
0, Read, 23615, 24685, 1070, 0, 0, 0, 0, 0, 0, 0, 127, 5, 78732 ns
0, Read, 23743, 24813, 1070, 0, 0, 0, 0, 0, 0, 0, 127, 5, 79159 ns
0, Read, 23871, 24941, 1070, 0, 0, 0, 0, 0, 0, 0, 127, 5, 79586 ns
0, Read, 23999, 25069, 1070, 0, 0, 0, 0, 0, 0, 0, 127, 5, 80013 ns
0, Read, 24127, 25197, 1070, 0, 0, 0, 0, 0, 0, 0, 127, 5, 80439 ns
0, Read, 24255, 25325, 1070, 0, 0, 0, 0, 0, 0, 0, 127, 5, 80866 ns
0, Read, 24383, 25453, 1070, 0, 0, 0, 0, 0, 0, 0, 127, 5, 81293 ns
0, Read, 24553, 25581, 1028, 0, 0, 0, 0, 0, 0, 0, 127, 5, 81860 ns
0, Read, 24681, 25760, 1079, 0, 0, 0, 0, 0, 0, 0, 127, 5, 82286 ns
0, Read, 24809, 25888, 1079, 0, 0, 0, 0, 0, 0, 0, 127, 5, 82713 ns
0, Read, 24937, 26016, 1079, 0, 0, 0, 0, 0, 0, 0, 127, 5, 83140 ns
0, Read, 25065, 26144, 1079, 0, 0, 0, 0, 0, 0, 0, 127, 5, 83567 ns
0, Read, 25193, 26272, 1079, 0, 0, 0, 0, 0, 0, 0, 127, 5, 83993 ns
0, Read, 25321, 26400, 1079, 0, 0, 0, 0, 0, 0, 0, 127, 5, 84420 ns
0, Read, 25449, 26528, 1079, 0, 0, 0, 0, 0, 0, 0, 127, 5, 84847 ns
0, Read, 25577, 26656, 1079, 0, 0, 0, 0, 0, 0, 0, 127, 5, 85274 ns
0, Read, 25756, 26784, 1028, 0, 0, 0, 0, 0, 0, 0, 127, 5, 85871 ns
0, Read, 25884, 26957, 1073, 0, 0, 0, 0, 0, 0, 0, 127, 5, 86297 ns
0, Read, 26012, 27085, 1073, 0, 0, 0, 0, 0, 0, 0, 127, 5, 86724 ns
0, Read, 26140, 27213, 1073, 0, 0, 0, 0, 0, 0, 0, 127, 5, 87151 ns
0, Read, 26268, 27341, 1073, 0, 0, 0, 0, 0, 0, 0, 127, 5, 87578 ns
0, Read, 26396, 27469, 1073, 0, 0, 0, 0, 0, 0, 0, 127, 5, 88004 ns
0, Read, 26524, 27597, 1073, 0, 0, 0, 0, 0, 0, 0, 127, 5, 88431 ns
0, Read, 26652, 27725, 1073, 0, 0, 0, 0, 0, 0, 0, 127, 5, 88858 ns
0, Read, 26780, 27853, 1073, 0, 0, 0, 0, 0, 0, 0, 127, 5, 89285 ns
0, Read, 26953, 27981, 1028, 0, 0, 0, 0, 0, 0, 0, 127, 5, 89861 ns
0, Read, 27081, 28157, 1076, 0, 0, 0, 0, 0, 0, 0, 127, 5, 90288 ns
0, Read, 27209, 28285, 1076, 0, 0, 0, 0, 0, 0, 0, 127, 5, 90715 ns
0, Read, 27337, 28413, 1076, 0, 0, 0, 0, 0, 0, 0, 127, 5, 91142 ns
0, Read, 27465, 28541, 1076, 0, 0, 0, 0, 0, 0, 0, 127, 5, 91568 ns
0, Read, 27593, 28669, 1076, 0, 0, 0, 0, 0, 0, 0, 127, 5, 91995 ns
