3, Write, 1005, 1207, 202, 0, 0, 0, 0, 0, 0, 0, 127, 5, 3351 ns
3, Write, 1006, 1332, 326, 0, 0, 0, 0, 0, 0, 0, 127, 5, 3354 ns
3, Write, 1007, 1460, 453, 0, 0, 0, 0, 0, 0, 0, 127, 5, 3357 ns
3, Write, 1008, 1588, 580, 0, 0, 0, 0, 0, 0, 0, 127, 5, 3361 ns
3, Write, 1009, 1717, 708, 0, 0, 0, 0, 0, 0, 0, 127, 5, 3364 ns
3, Write, 1010, 1844, 834, 0, 0, 0, 0, 0, 0, 0, 127, 5, 3367 ns
3, Write, 1011, 1972, 961, 0, 0, 0, 0, 0, 0, 0, 127, 5, 3371 ns
3, Write, 1193, 2101, 908, 0, 0, 0, 0, 0, 0, 0, 127, 5, 3977 ns
3, Write, 1321, 2350, 1029, 0, 0, 0, 0, 0, 0, 0, 127, 5, 4404 ns
3, Write, 1449, 2478, 1029, 0, 0, 0, 0, 0, 0, 0, 127, 5, 4831 ns
3, Write, 1577, 2606, 1029, 0, 0, 0, 0, 0, 0, 0, 127, 5, 5258 ns
3, Write, 1705, 2734, 1029, 0, 0, 0, 0, 0, 0, 0, 127, 5, 5684 ns
3, Write, 1833, 2861, 1028, 0, 0, 0, 0, 0, 0, 0, 127, 5, 6111 ns
3, Write, 1961, 2990, 1029, 0, 0, 0, 0, 0, 0, 0, 127, 5, 6538 ns
3, Write, 2089, 3118, 1029, 0, 0, 0, 0, 0, 0, 0, 127, 5, 6965 ns
3, Write, 2338, 3245, 907, 0, 0, 0, 0, 0, 0, 0, 127, 5, 7795 ns
3, Write, 2466, 3502, 1036, 0, 0, 0, 0, 0, 0, 0, 127, 5, 8222 ns
3, Write, 2594, 3624, 1030, 0, 0, 0, 0, 0, 0, 0, 127, 5, 8648 ns
3, Write, 2722, 3751, 1029, 0, 0, 0, 0, 0, 0, 0, 127, 5, 9075 ns
3, Write, 2850, 3879, 1029, 0, 0, 0, 0, 0, 0, 0, 127, 5, 9502 ns
3, Write, 2978, 4007, 1029, 0, 0, 0, 0, 0, 0, 0, 127, 5, 9929 ns
3, Write, 3106, 4136, 1030, 0, 0, 0, 0, 0, 0, 0, 127, 5, 10355 ns
3, Write, 3234, 4263, 1029, 0, 0, 0, 0, 0, 0, 0, 127, 5, 10782 ns
3, Write, 3484, 4391, 907, 0, 0, 0, 0, 0, 0, 0, 127, 5, 11616 ns
3, Write, 3612, 4650, 1038, 0, 0, 0, 0, 0, 0, 0, 127, 5, 12042 ns
3, Write, 3740, 4766, 1026, 0, 0, 0, 0, 0, 0, 0, 127, 5, 12469 ns
3, Write, 3868, 4894, 1026, 0, 0, 0, 0, 0, 0, 0, 127, 5, 12896 ns
3, Write, 3996, 5022, 1026, 0, 0, 0, 0, 0, 0, 0, 127, 5, 13323 ns
3, Write, 4124, 5150, 1026, 0, 0, 0, 0, 0, 0, 0, 127, 5, 13749 ns
3, Write, 4252, 5277, 1025, 0, 0, 0, 0, 0, 0, 0, 127, 5, 14176 ns
3, Write, 4380, 5406, 1026, 0, 0, 0, 0, 0, 0, 0, 127, 5, 14603 ns
3, Write, 4508, 5534, 1026, 0, 0, 0, 0, 0, 0, 0, 127, 5, 15030 ns
3, Write, 4754, 5661, 907, 0, 0, 0, 0, 0, 0, 0, 127, 5, 15850 ns
3, Write, 4882, 5909, 1027, 0, 0, 0, 0, 0, 0, 0, 127, 5, 16277 ns
3, Write, 5010, 6037, 1027, 0, 0, 0, 0, 0, 0, 0, 127, 5, 16703 ns
3, Write, 5138, 6166, 1028, 0, 0, 0, 0, 0, 0, 0, 127, 5, 17130 ns
3, Write, 5266, 6293, 1027, 0, 0, 0, 0, 0, 0, 0, 127, 5, 17557 ns
3, Write, 5394, 6421, 1027, 0, 0, 0, 0, 0, 0, 0, 127, 5, 17984 ns
3, Write, 5522, 6549, 1027, 0, 0, 0, 0, 0, 0, 0, 127, 5, 18410 ns
3, Write, 5650, 6678, 1028, 0, 0, 0, 0, 0, 0, 0, 127, 5, 18837 ns
3, Write, 5898, 6805, 907, 0, 0, 0, 0, 0, 0, 0, 127, 5, 19664 ns
3, Write, 6026, 7058, 1032, 0, 0, 0, 0, 0, 0, 0, 127, 5, 20091 ns
3, Write, 6154, 7185, 1031, 0, 0, 0, 0, 0, 0, 0, 127, 5, 20517 ns
3, Write, 6282, 7314, 1032, 0, 0, 0, 0, 0, 0, 0, 127, 5, 20944 ns
3, Write, 6410, 7442, 1032, 0, 0, 0, 0, 0, 0, 0, 127, 5, 21371 ns
3, Write, 6538, 7570, 1032, 0, 0, 0, 0, 0, 0, 0, 127, 5, 21798 ns
3, Write, 6666, 7698, 1032, 0, 0, 0, 0, 0, 0, 0, 127, 5, 22224 ns
3, Write, 6794, 7825, 1031, 0, 0, 0, 0, 0, 0, 0, 127, 5, 22651 ns
3, Write, 7046, 7954, 908, 0, 0, 0, 0, 0, 0, 0, 127, 5, 23491 ns
3, Write, 7174, 8204, 1030, 0, 0, 0, 0, 0, 0, 0, 127, 5, 23918 ns
3, Write, 7302, 8331, 1029, 0, 0, 0, 0, 0, 0, 0, 127, 5, 24345 ns
3, Write, 7430, 8460, 1030, 0, 0, 0, 0, 0, 0, 0, 127, 5, 24772 ns
3, Write, 7558, 8588, 1030, 0, 0, 0, 0, 0, 0, 0, 127, 5, 25198 ns
3, Write, 7686, 8716, 1030, 0, 0, 0, 0, 0, 0, 0, 127, 5, 25625 ns
3, Write, 7814, 8843, 1029, 0, 0, 0, 0, 0, 0, 0, 127, 5, 26052 ns
3, Write, 7942, 8972, 1030, 0, 0, 0, 0, 0, 0, 0, 127, 5, 26479 ns
3, Write, 8192, 9100, 908, 0, 0, 0, 0, 0, 0, 0, 127, 5, 27312 ns
3, Write, 8320, 9350, 1030, 0, 0, 0, 0, 0, 0, 0, 127, 5, 27739 ns
3, Write, 8448, 9473, 1025, 0, 0, 0, 0, 0, 0, 0, 127, 5, 28166 ns
3, Write, 8576, 9601, 1025, 0, 0, 0, 0, 0, 0, 0, 127, 5, 28592 ns
3, Write, 8704, 9730, 1026, 0, 0, 0, 0, 0, 0, 0, 127, 5, 29019 ns
3, Write, 8832, 9858, 1026, 0, 0, 0, 0, 0, 0, 0, 127, 5, 29446 ns
3, Write, 8960, 9985, 1025, 0, 0, 0, 0, 0, 0, 0, 127, 5, 29873 ns
3, Write, 9088, 10114, 1026, 0, 0, 0, 0, 0, 0, 0, 127, 5, 30299 ns
3, Write, 9334, 10241, 907, 0, 0, 0, 0, 0, 0, 0, 127, 5, 31120 ns
3, Write, 9462, 10501, 1039, 0, 0, 0, 0, 0, 0, 0, 127, 5, 31546 ns
3, Write, 9590, 10618, 1028, 0, 0, 0, 0, 0, 0, 0, 127, 5, 31973 ns
3, Write, 9718, 10745, 1027, 0, 0, 0, 0, 0, 0, 0, 127, 5, 32400 ns
3, Write, 9846, 10873, 1027, 0, 0, 0, 0, 0, 0, 0, 127, 5, 32827 ns
3, Write, 9974, 11001, 1027, 0, 0, 0, 0, 0, 0, 0, 127, 5, 33253 ns
3, Write, 10102, 11130, 1028, 0, 0, 0, 0, 0, 0, 0, 127, 5, 33680 ns
3, Write, 10230, 11257, 1027, 0, 0, 0, 0, 0, 0, 0, 127, 5, 34107 ns
3, Write, 10482, 11385, 903, 0, 0, 0, 0, 0, 0, 0, 127, 5, 34947 ns
3, Write, 10606, 11651, 1045, 0, 0, 0, 0, 0, 0, 0, 127, 5, 35360 ns
3, Write, 10734, 11759, 1025, 0, 0, 0, 0, 0, 0, 0, 127, 5, 35787 ns
3, Write, 10862, 11888, 1026, 0, 0, 0, 0, 0, 0, 0, 127, 5, 36214 ns
3, Write, 10990, 12016, 1026, 0, 0, 0, 0, 0, 0, 0, 127, 5, 36641 ns
3, Write, 11118, 12144, 1026, 0, 0, 0, 0, 0, 0, 0, 127, 5, 37067 ns
3, Write, 11246, 12272, 1026, 0, 0, 0, 0, 0, 0, 0, 127, 5, 37494 ns
3, Write, 11374, 12400, 1026, 0, 0, 0, 0, 0, 0, 0, 127, 5, 37921 ns
3, Write, 11502, 12528, 1026, 0, 0, 0, 0, 0, 0, 0, 127, 5, 38348 ns
3, Write, 11748, 12656, 908, 0, 0, 0, 0, 0, 0, 0, 127, 5, 39168 ns
3, Write, 11876, 12905, 1029, 0, 0, 0, 0, 0, 0, 0, 127, 5, 39595 ns
3, Write, 12004, 13032, 1028, 0, 0, 0, 0, 0, 0, 0, 127, 5, 40021 ns
3, Write, 12132, 13160, 1028, 0, 0, 0, 0, 0, 0, 0, 127, 5, 40448 ns
3, Write, 12260, 13289, 1029, 0, 0, 0, 0, 0, 0, 0, 127, 5, 40875 ns
3, Write, 12388, 13416, 1028, 0, 0, 0, 0, 0, 0, 0, 127, 5, 41302 ns
3, Write, 12516, 13544, 1028, 0, 0, 0, 0, 0, 0, 0, 127, 5, 41728 ns
3, Write, 12644, 13672, 1028, 0, 0, 0, 0, 0, 0, 0, 127, 5, 42155 ns
3, Write, 12893, 13801, 908, 0, 0, 0, 0, 0, 0, 0, 127, 5, 42985 ns
3, Write, 13021, 14052, 1031, 0, 0, 0, 0, 0, 0, 0, 127, 5, 43412 ns
3, Write, 13149, 14181, 1032, 0, 0, 0, 0, 0, 0, 0, 127, 5, 43839 ns
3, Write, 13277, 14308, 1031, 0, 0, 0, 0, 0, 0, 0, 127, 5, 44266 ns
3, Write, 13405, 14436, 1031, 0, 0, 0, 0, 0, 0, 0, 127, 5, 44692 ns
3, Write, 13533, 14565, 1032, 0, 0, 0, 0, 0, 0, 0, 127, 5, 45119 ns
3, Write, 13661, 14693, 1032, 0, 0, 0, 0, 0, 0, 0, 127, 5, 45546 ns
3, Write, 13789, 14820, 1031, 0, 0, 0, 0, 0, 0, 0, 127, 5, 45973 ns
3, Write, 14041, 14949, 908, 0, 0, 0, 0, 0, 0, 0, 127, 5, 46813 ns
3, Write, 14169, 15199, 1030, 0, 0, 0, 0, 0, 0, 0, 127, 5, 47239 ns
3, Write, 14297, 15324, 1027, 0, 0, 0, 0, 0, 0, 0, 127, 5, 47666 ns
3, Read, 15326, 15485, 159, 0, 0, 0, 0, 0, 0, 0, 127, 5, 51097 ns
3, Read, 15327, 15613, 286, 0, 0, 0, 0, 0, 0, 0, 127, 5, 51100 ns
3, Read, 15328, 15741, 413, 0, 0, 0, 0, 0, 0, 0, 127, 5, 51104 ns
3, Read, 15329, 15869, 540, 0, 0, 0, 0, 0, 0, 0, 127, 5, 51107 ns
3, Read, 15330, 15997, 667, 0, 0, 0, 0, 0, 0, 0, 127, 5, 51110 ns
3, Read, 15331, 16125, 794, 0, 0, 0, 0, 0, 0, 0, 127, 5, 51114 ns
3, Read, 15332, 16253, 921, 0, 0, 0, 0, 0, 0, 0, 127, 5, 51117 ns
3, Read, 15342, 16424, 1082, 0, 0, 0, 0, 0, 0, 0, 127, 5, 51150 ns
3, Read, 15481, 16552, 1071, 0, 0, 0, 0, 0, 0, 0, 127, 5, 51614 ns
3, Read, 15609, 16680, 1071, 0, 0, 0, 0, 0, 0, 0, 127, 5, 52040 ns
3, Read, 15737, 16808, 1071, 0, 0, 0, 0, 0, 0, 0, 127, 5, 52467 ns
3, Read, 15865, 16936, 1071, 0, 0, 0, 0, 0, 0, 0, 127, 5, 52894 ns
3, Read, 15993, 17064, 1071, 0, 0, 0, 0, 0, 0, 0, 127, 5, 53321 ns
3, Read, 16121, 17192, 1071, 0, 0, 0, 0, 0, 0, 0, 127, 5, 53747 ns
3, Read, 16249, 17320, 1071, 0, 0, 0, 0, 0, 0, 0, 127, 5, 54174 ns
3, Read, 16420, 17448, 1028, 0, 0, 0, 0, 0, 0, 0, 127, 5, 54744 ns
3, Read, 16548, 17621, 1073, 0, 0, 0, 0, 0, 0, 0, 127, 5, 55171 ns
3, Read, 16676, 17749, 1073, 0, 0, 0, 0, 0, 0, 0, 127, 5, 55598 ns
3, Read, 16804, 17877, 1073, 0, 0, 0, 0, 0, 0, 0, 127, 5, 56025 ns
3, Read, 16932, 18005, 1073, 0, 0, 0, 0, 0, 0, 0, 127, 5, 56451 ns
3, Read, 17060, 18133, 1073, 0, 0, 0, 0, 0, 0, 0, 127, 5, 56878 ns
3, Read, 17188, 18261, 1073, 0, 0, 0, 0, 0, 0, 0, 127, 5, 57305 ns
3, Read, 17316, 18389, 1073, 0, 0, 0, 0, 0, 0, 0, 127, 5, 57732 ns
3, Read, 17444, 18517, 1073, 0, 0, 0, 0, 0, 0, 0, 127, 5, 58158 ns
3, Read, 17617, 18687, 1070, 0, 0, 0, 0, 0, 0, 0, 127, 5, 58735 ns
3, Read, 17745, 18815, 1070, 0, 0, 0, 0, 0, 0, 0, 127, 5, 59162 ns
3, Read, 17873, 18943, 1070, 0, 0, 0, 0, 0, 0, 0, 127, 5, 59589 ns
3, Read, 18001, 19071, 1070, 0, 0, 0, 0, 0, 0, 0, 127, 5, 60015 ns
3, Read, 18129, 19199, 1070, 0, 0, 0, 0, 0, 0, 0, 127, 5, 60442 ns
3, Read, 18257, 19327, 1070, 0, 0, 0, 0, 0, 0, 0, 127, 5, 60869 ns
3, Read, 18385, 19455, 1070, 0, 0, 0, 0, 0, 0, 0, 127, 5, 61296 ns
3, Read, 18513, 19583, 1070, 0, 0, 0, 0, 0, 0, 0, 127, 5, 61722 ns
3, Read, 18684, 19711, 1027, 0, 0, 0, 0, 0, 0, 0, 127, 5, 62292 ns
3, Read, 18811, 19881, 1070, 0, 0, 0, 0, 0, 0, 0, 127, 5, 62716 ns
3, Read, 18939, 20009, 1070, 0, 0, 0, 0, 0, 0, 0, 127, 5, 63143 ns
3, Read, 19067, 20137, 1070, 0, 0, 0, 0, 0, 0, 0, 127, 5, 63569 ns
3, Read, 19195, 20265, 1070, 0, 0, 0, 0, 0, 0, 0, 127, 5, 63996 ns
3, Read, 19323, 20393, 1070, 0, 0, 0, 0, 0, 0, 0, 127, 5, 64423 ns
3, Read, 19451, 20521, 1070, 0, 0, 0, 0, 0, 0, 0, 127, 5, 64850 ns
3, Read, 19579, 20649, 1070, 0, 0, 0, 0, 0, 0, 0, 127, 5, 65276 ns
3, Read, 19707, 20777, 1070, 0, 0, 0, 0, 0, 0, 0, 127, 5, 65703 ns
3, Read, 19877, 20905, 1028, 0, 0, 0, 0, 0, 0, 0, 127, 5, 66270 ns
3, Read, 20005, 21086, 1081, 0, 0, 0, 0, 0, 0, 0, 127, 5, 66697 ns
3, Read, 20133, 21214, 1081, 0, 0, 0, 0, 0, 0, 0, 127, 5, 67123 ns
3, Read, 20261, 21342, 1081, 0, 0, 0, 0, 0, 0, 0, 127, 5, 67550 ns
3, Read, 20389, 21470, 1081, 0, 0, 0, 0, 0, 0, 0, 127, 5, 67977 ns
3, Read, 20517, 21598, 1081, 0, 0, 0, 0, 0, 0, 0, 127, 5, 68404 ns
3, Read, 20645, 21726, 1081, 0, 0, 0, 0, 0, 0, 0, 127, 5, 68830 ns
3, Read, 20773, 21854, 1081, 0, 0, 0, 0, 0, 0, 0, 127, 5, 69257 ns
3, Read, 20901, 21982, 1081, 0, 0, 0, 0, 0, 0, 0, 127, 5, 69684 ns
3, Read, 21082, 22110, 1028, 0, 0, 0, 0, 0, 0, 0, 127, 5, 70287 ns
3, Read, 21210, 22281, 1071, 0, 0, 0, 0, 0, 0, 0, 127, 5, 70714 ns
3, Read, 21338, 22409, 1071, 0, 0, 0, 0, 0, 0, 0, 127, 5, 71141 ns
3, Read, 21466, 22537, 1071, 0, 0, 0, 0, 0, 0, 0, 127, 5, 71568 ns
3, Read, 21594, 22665, 1071, 0, 0, 0, 0, 0, 0, 0, 127, 5, 71994 ns
3, Read, 21722, 22793, 1071, 0, 0, 0, 0, 0, 0, 0, 127, 5, 72421 ns
3, Read, 21850, 22921, 1071, 0, 0, 0, 0, 0, 0, 0, 127, 5, 72848 ns
3, Read, 21978, 23049, 1071, 0, 0, 0, 0, 0, 0, 0, 127, 5, 73275 ns
3, Read, 22106, 23177, 1071, 0, 0, 0, 0, 0, 0, 0, 127, 5, 73701 ns
3, Read, 22277, 23305, 1028, 0, 0, 0, 0, 0, 0, 0, 127, 5, 74272 ns
3, Read, 22405, 23484, 1079, 0, 0, 0, 0, 0, 0, 0, 127, 5, 74698 ns
3, Read, 22533, 23612, 1079, 0, 0, 0, 0, 0, 0, 0, 127, 5, 75125 ns
3, Read, 22661, 23740, 1079, 0, 0, 0, 0, 0, 0, 0, 127, 5, 75552 ns
3, Read, 22789, 23868, 1079, 0, 0, 0, 0, 0, 0, 0, 127, 5, 75979 ns
3, Read, 22917, 23996, 1079, 0, 0, 0, 0, 0, 0, 0, 127, 5, 76405 ns
3, Read, 23045, 24124, 1079, 0, 0, 0, 0, 0, 0, 0, 127, 5, 76832 ns
3, Read, 23173, 24252, 1079, 0, 0, 0, 0, 0, 0, 0, 127, 5, 77259 ns
3, Read, 23301, 24380, 1079, 0, 0, 0, 0, 0, 0, 0, 127, 5, 77686 ns
3, Read, 23480, 24552, 1072, 0, 0, 0, 0, 0, 0, 0, 127, 5, 78282 ns
3, Read, 23608, 24680, 1072, 0, 0, 0, 0, 0, 0, 0, 127, 5, 78709 ns
3, Read, 23736, 24808, 1072, 0, 0, 0, 0, 0, 0, 0, 127, 5, 79136 ns
3, Read, 23864, 24936, 1072, 0, 0, 0, 0, 0, 0, 0, 127, 5, 79563 ns
3, Read, 23992, 25064, 1072, 0, 0, 0, 0, 0, 0, 0, 127, 5, 79989 ns
3, Read, 24120, 25192, 1072, 0, 0, 0, 0, 0, 0, 0, 127, 5, 80416 ns
3, Read, 24248, 25320, 1072, 0, 0, 0, 0, 0, 0, 0, 127, 5, 80843 ns
3, Read, 24376, 25448, 1072, 0, 0, 0, 0, 0, 0, 0, 127, 5, 81270 ns
3, Read, 24548, 25576, 1028, 0, 0, 0, 0, 0, 0, 0, 127, 5, 81843 ns
3, Read, 24676, 25751, 1075, 0, 0, 0, 0, 0, 0, 0, 127, 5, 82270 ns
3, Read, 24804, 25879, 1075, 0, 0, 0, 0, 0, 0, 0, 127, 5, 82697 ns
3, Read, 24932, 26007, 1075, 0, 0, 0, 0, 0, 0, 0, 127, 5, 83123 ns
3, Read, 25060, 26135, 1075, 0, 0, 0, 0, 0, 0, 0, 127, 5, 83550 ns
3, Read, 25188, 26263, 1075, 0, 0, 0, 0, 0, 0, 0, 127, 5, 83977 ns
3, Read, 25316, 26391, 1075, 0, 0, 0, 0, 0, 0, 0, 127, 5, 84404 ns
3, Read, 25444, 26519, 1075, 0, 0, 0, 0, 0, 0, 0, 127, 5, 84830 ns
3, Read, 25572, 26647, 1075, 0, 0, 0, 0, 0, 0, 0, 127, 5, 85257 ns
3, Read, 25747, 26775, 1028, 0, 0, 0, 0, 0, 0, 0, 127, 5, 85840 ns
3, Read, 25875, 26946, 1071, 0, 0, 0, 0, 0, 0, 0, 127, 5, 86267 ns
3, Read, 26003, 27074, 1071, 0, 0, 0, 0, 0, 0, 0, 127, 5, 86694 ns
3, Read, 26131, 27202, 1071, 0, 0, 0, 0, 0, 0, 0, 127, 5, 87121 ns
3, Read, 26259, 27330, 1071, 0, 0, 0, 0, 0, 0, 0, 127, 5, 87548 ns
3, Read, 26387, 27458, 1071, 0, 0, 0, 0, 0, 0, 0, 127, 5, 87974 ns
3, Read, 26515, 27586, 1071, 0, 0, 0, 0, 0, 0, 0, 127, 5, 88401 ns
3, Read, 26643, 27714, 1071, 0, 0, 0, 0, 0, 0, 0, 127, 5, 88828 ns
3, Read, 26771, 27842, 1071, 0, 0, 0, 0, 0, 0, 0, 127, 5, 89255 ns
3, Read, 26942, 27970, 1028, 0, 0, 0, 0, 0, 0, 0, 127, 5, 89825 ns
3, Read, 27070, 28141, 1071, 0, 0, 0, 0, 0, 0, 0, 127, 5, 90251 ns
3, Read, 27198, 28269, 1071, 0, 0, 0, 0, 0, 0, 0, 127, 5, 90678 ns
3, Read, 27326, 28397, 1071, 0, 0, 0, 0, 0, 0, 0, 127, 5, 91105 ns
3, Read, 27454, 28525, 1071, 0, 0, 0, 0, 0, 0, 0, 127, 5, 91532 ns
3, Read, 27582, 28653, 1071, 0, 0, 0, 0, 0, 0, 0, 127, 5, 91958 ns
