2, Write, 1005, 1204, 199, 0, 0, 0, 0, 0, 0, 0, 127, 5, 3351 ns
2, Write, 1006, 1329, 323, 0, 0, 0, 0, 0, 0, 0, 127, 5, 3354 ns
2, Write, 1007, 1457, 450, 0, 0, 0, 0, 0, 0, 0, 127, 5, 3357 ns
2, Write, 1008, 1585, 577, 0, 0, 0, 0, 0, 0, 0, 127, 5, 3361 ns
2, Write, 1009, 1714, 705, 0, 0, 0, 0, 0, 0, 0, 127, 5, 3364 ns
2, Write, 1010, 1841, 831, 0, 0, 0, 0, 0, 0, 0, 127, 5, 3367 ns
2, Write, 1011, 1969, 958, 0, 0, 0, 0, 0, 0, 0, 127, 5, 3371 ns
2, Write, 1190, 2098, 908, 0, 0, 0, 0, 0, 0, 0, 127, 5, 3967 ns
2, Write, 1318, 2346, 1028, 0, 0, 0, 0, 0, 0, 0, 127, 5, 4394 ns
2, Write, 1446, 2473, 1027, 0, 0, 0, 0, 0, 0, 0, 127, 5, 4821 ns
2, Write, 1574, 2602, 1028, 0, 0, 0, 0, 0, 0, 0, 127, 5, 5248 ns
2, Write, 1702, 2729, 1027, 0, 0, 0, 0, 0, 0, 0, 127, 5, 5674 ns
2, Write, 1830, 2858, 1028, 0, 0, 0, 0, 0, 0, 0, 127, 5, 6101 ns
2, Write, 1958, 2986, 1028, 0, 0, 0, 0, 0, 0, 0, 127, 5, 6528 ns
2, Write, 2086, 3113, 1027, 0, 0, 0, 0, 0, 0, 0, 127, 5, 6955 ns
2, Write, 2334, 3241, 907, 0, 0, 0, 0, 0, 0, 0, 127, 5, 7782 ns
2, Write, 2462, 3496, 1034, 0, 0, 0, 0, 0, 0, 0, 127, 5, 8208 ns
2, Write, 2590, 3618, 1028, 0, 0, 0, 0, 0, 0, 0, 127, 5, 8635 ns
2, Write, 2718, 3746, 1028, 0, 0, 0, 0, 0, 0, 0, 127, 5, 9062 ns
2, Write, 2846, 3873, 1027, 0, 0, 0, 0, 0, 0, 0, 127, 5, 9489 ns
2, Write, 2974, 4001, 1027, 0, 0, 0, 0, 0, 0, 0, 127, 5, 9915 ns
2, Write, 3102, 4130, 1028, 0, 0, 0, 0, 0, 0, 0, 127, 5, 10342 ns
2, Write, 3230, 4258, 1028, 0, 0, 0, 0, 0, 0, 0, 127, 5, 10769 ns
2, Write, 3478, 4385, 907, 0, 0, 0, 0, 0, 0, 0, 127, 5, 11596 ns
2, Write, 3606, 4647, 1041, 0, 0, 0, 0, 0, 0, 0, 127, 5, 12022 ns
2, Write, 3734, 4763, 1029, 0, 0, 0, 0, 0, 0, 0, 127, 5, 12449 ns
2, Write, 3862, 4891, 1029, 0, 0, 0, 0, 0, 0, 0, 127, 5, 12876 ns
2, Write, 3990, 5019, 1029, 0, 0, 0, 0, 0, 0, 0, 127, 5, 13303 ns
2, Write, 4118, 5147, 1029, 0, 0, 0, 0, 0, 0, 0, 127, 5, 13729 ns
2, Write, 4246, 5274, 1028, 0, 0, 0, 0, 0, 0, 0, 127, 5, 14156 ns
2, Write, 4374, 5403, 1029, 0, 0, 0, 0, 0, 0, 0, 127, 5, 14583 ns
2, Write, 4502, 5531, 1029, 0, 0, 0, 0, 0, 0, 0, 127, 5, 15010 ns
2, Write, 4751, 5658, 907, 0, 0, 0, 0, 0, 0, 0, 127, 5, 15840 ns
2, Write, 4879, 5906, 1027, 0, 0, 0, 0, 0, 0, 0, 127, 5, 16267 ns
2, Write, 5007, 6034, 1027, 0, 0, 0, 0, 0, 0, 0, 127, 5, 16693 ns
2, Write, 5135, 6163, 1028, 0, 0, 0, 0, 0, 0, 0, 127, 5, 17120 ns
2, Write, 5263, 6290, 1027, 0, 0, 0, 0, 0, 0, 0, 127, 5, 17547 ns
2, Write, 5391, 6418, 1027, 0, 0, 0, 0, 0, 0, 0, 127, 5, 17974 ns
2, Write, 5519, 6546, 1027, 0, 0, 0, 0, 0, 0, 0, 127, 5, 18400 ns
2, Write, 5647, 6675, 1028, 0, 0, 0, 0, 0, 0, 0, 127, 5, 18827 ns
2, Write, 5895, 6802, 907, 0, 0, 0, 0, 0, 0, 0, 127, 5, 19654 ns
2, Write, 6023, 7052, 1029, 0, 0, 0, 0, 0, 0, 0, 127, 5, 20081 ns
2, Write, 6151, 7180, 1029, 0, 0, 0, 0, 0, 0, 0, 127, 5, 20507 ns
2, Write, 6279, 7308, 1029, 0, 0, 0, 0, 0, 0, 0, 127, 5, 20934 ns
2, Write, 6407, 7436, 1029, 0, 0, 0, 0, 0, 0, 0, 127, 5, 21361 ns
2, Write, 6535, 7564, 1029, 0, 0, 0, 0, 0, 0, 0, 127, 5, 21788 ns
2, Write, 6663, 7692, 1029, 0, 0, 0, 0, 0, 0, 0, 127, 5, 22214 ns
2, Write, 6791, 7819, 1028, 0, 0, 0, 0, 0, 0, 0, 127, 5, 22641 ns
2, Write, 7040, 7948, 908, 0, 0, 0, 0, 0, 0, 0, 127, 5, 23471 ns
2, Write, 7168, 8193, 1025, 0, 0, 0, 0, 0, 0, 0, 127, 5, 23898 ns
2, Write, 7296, 8322, 1026, 0, 0, 0, 0, 0, 0, 0, 127, 5, 24325 ns
2, Write, 7424, 8449, 1025, 0, 0, 0, 0, 0, 0, 0, 127, 5, 24752 ns
2, Write, 7552, 8577, 1025, 0, 0, 0, 0, 0, 0, 0, 127, 5, 25178 ns
2, Write, 7680, 8705, 1025, 0, 0, 0, 0, 0, 0, 0, 127, 5, 25605 ns
2, Write, 7808, 8834, 1026, 0, 0, 0, 0, 0, 0, 0, 127, 5, 26032 ns
2, Write, 7936, 8961, 1025, 0, 0, 0, 0, 0, 0, 0, 127, 5, 26459 ns
2, Write, 8182, 9089, 907, 0, 0, 0, 0, 0, 0, 0, 127, 5, 27279 ns
2, Write, 8310, 9347, 1037, 0, 0, 0, 0, 0, 0, 0, 127, 5, 27706 ns
2, Write, 8438, 9469, 1031, 0, 0, 0, 0, 0, 0, 0, 127, 5, 28132 ns
2, Write, 8566, 9597, 1031, 0, 0, 0, 0, 0, 0, 0, 127, 5, 28559 ns
2, Write, 8694, 9724, 1030, 0, 0, 0, 0, 0, 0, 0, 127, 5, 28986 ns
2, Write, 8822, 9853, 1031, 0, 0, 0, 0, 0, 0, 0, 127, 5, 29413 ns
2, Write, 8950, 9981, 1031, 0, 0, 0, 0, 0, 0, 0, 127, 5, 29839 ns
2, Write, 9078, 10109, 1031, 0, 0, 0, 0, 0, 0, 0, 127, 5, 30266 ns
2, Write, 9329, 10237, 908, 0, 0, 0, 0, 0, 0, 0, 127, 5, 31103 ns
2, Write, 9457, 10498, 1041, 0, 0, 0, 0, 0, 0, 0, 127, 5, 31530 ns
2, Write, 9585, 10613, 1028, 0, 0, 0, 0, 0, 0, 0, 127, 5, 31956 ns
2, Write, 9713, 10741, 1028, 0, 0, 0, 0, 0, 0, 0, 127, 5, 32383 ns
2, Write, 9841, 10870, 1029, 0, 0, 0, 0, 0, 0, 0, 127, 5, 32810 ns
2, Write, 9969, 10997, 1028, 0, 0, 0, 0, 0, 0, 0, 127, 5, 33237 ns
2, Write, 10097, 11125, 1028, 0, 0, 0, 0, 0, 0, 0, 127, 5, 33663 ns
2, Write, 10225, 11253, 1028, 0, 0, 0, 0, 0, 0, 0, 127, 5, 34090 ns
2, Write, 10353, 11382, 1029, 0, 0, 0, 0, 0, 0, 0, 127, 5, 34517 ns
2, Write, 10602, 11509, 907, 0, 0, 0, 0, 0, 0, 0, 127, 5, 35347 ns
2, Write, 10730, 11757, 1027, 0, 0, 0, 0, 0, 0, 0, 127, 5, 35774 ns
2, Write, 10858, 11885, 1027, 0, 0, 0, 0, 0, 0, 0, 127, 5, 36201 ns
2, Write, 10986, 12014, 1028, 0, 0, 0, 0, 0, 0, 0, 127, 5, 36627 ns
2, Write, 11114, 12142, 1028, 0, 0, 0, 0, 0, 0, 0, 127, 5, 37054 ns
2, Write, 11242, 12269, 1027, 0, 0, 0, 0, 0, 0, 0, 127, 5, 37481 ns
2, Write, 11370, 12398, 1028, 0, 0, 0, 0, 0, 0, 0, 127, 5, 37908 ns
2, Write, 11498, 12525, 1027, 0, 0, 0, 0, 0, 0, 0, 127, 5, 38334 ns
2, Write, 11746, 12654, 908, 0, 0, 0, 0, 0, 0, 0, 127, 5, 39161 ns
2, Write, 11874, 12906, 1032, 0, 0, 0, 0, 0, 0, 0, 127, 5, 39588 ns
2, Write, 12002, 13034, 1032, 0, 0, 0, 0, 0, 0, 0, 127, 5, 40015 ns
2, Write, 12130, 13163, 1033, 0, 0, 0, 0, 0, 0, 0, 127, 5, 40441 ns
2, Write, 12258, 13291, 1033, 0, 0, 0, 0, 0, 0, 0, 127, 5, 40868 ns
2, Write, 12386, 13418, 1032, 0, 0, 0, 0, 0, 0, 0, 127, 5, 41295 ns
2, Write, 12514, 13546, 1032, 0, 0, 0, 0, 0, 0, 0, 127, 5, 41722 ns
2, Write, 12642, 13675, 1033, 0, 0, 0, 0, 0, 0, 0, 127, 5, 42148 ns
2, Write, 12895, 13803, 908, 0, 0, 0, 0, 0, 0, 0, 127, 5, 42992 ns
2, Write, 13023, 14049, 1026, 0, 0, 0, 0, 0, 0, 0, 127, 5, 43419 ns
2, Write, 13151, 14178, 1027, 0, 0, 0, 0, 0, 0, 0, 127, 5, 43845 ns
2, Write, 13279, 14305, 1026, 0, 0, 0, 0, 0, 0, 0, 127, 5, 44272 ns
2, Write, 13407, 14433, 1026, 0, 0, 0, 0, 0, 0, 0, 127, 5, 44699 ns
2, Write, 13535, 14562, 1027, 0, 0, 0, 0, 0, 0, 0, 127, 5, 45126 ns
2, Write, 13663, 14690, 1027, 0, 0, 0, 0, 0, 0, 0, 127, 5, 45552 ns
2, Write, 13791, 14817, 1026, 0, 0, 0, 0, 0, 0, 0, 127, 5, 45979 ns
2, Write, 14038, 14946, 908, 0, 0, 0, 0, 0, 0, 0, 127, 5, 46803 ns
2, Write, 14166, 15202, 1036, 0, 0, 0, 0, 0, 0, 0, 127, 5, 47229 ns
2, Write, 14294, 15325, 1031, 0, 0, 0, 0, 0, 0, 0, 127, 5, 47656 ns
2, Read, 15327, 15489, 162, 0, 0, 0, 0, 0, 0, 0, 127, 5, 51100 ns
2, Read, 15328, 15617, 289, 0, 0, 0, 0, 0, 0, 0, 127, 5, 51104 ns
2, Read, 15329, 15745, 416, 0, 0, 0, 0, 0, 0, 0, 127, 5, 51107 ns
2, Read, 15330, 15873, 543, 0, 0, 0, 0, 0, 0, 0, 127, 5, 51110 ns
2, Read, 15331, 16001, 670, 0, 0, 0, 0, 0, 0, 0, 127, 5, 51114 ns
2, Read, 15332, 16129, 797, 0, 0, 0, 0, 0, 0, 0, 127, 5, 51117 ns
2, Read, 15333, 16257, 924, 0, 0, 0, 0, 0, 0, 0, 127, 5, 51120 ns
2, Read, 15343, 16428, 1085, 0, 0, 0, 0, 0, 0, 0, 127, 5, 51154 ns
2, Read, 15485, 16556, 1071, 0, 0, 0, 0, 0, 0, 0, 127, 5, 51627 ns
2, Read, 15613, 16684, 1071, 0, 0, 0, 0, 0, 0, 0, 127, 5, 52054 ns
2, Read, 15741, 16812, 1071, 0, 0, 0, 0, 0, 0, 0, 127, 5, 52480 ns
2, Read, 15869, 16940, 1071, 0, 0, 0, 0, 0, 0, 0, 127, 5, 52907 ns
2, Read, 15997, 17068, 1071, 0, 0, 0, 0, 0, 0, 0, 127, 5, 53334 ns
2, Read, 16125, 17196, 1071, 0, 0, 0, 0, 0, 0, 0, 127, 5, 53761 ns
2, Read, 16253, 17324, 1071, 0, 0, 0, 0, 0, 0, 0, 127, 5, 54188 ns
2, Read, 16424, 17452, 1028, 0, 0, 0, 0, 0, 0, 0, 127, 5, 54758 ns
2, Read, 16552, 17626, 1074, 0, 0, 0, 0, 0, 0, 0, 127, 5, 55184 ns
2, Read, 16680, 17754, 1074, 0, 0, 0, 0, 0, 0, 0, 127, 5, 55611 ns
2, Read, 16808, 17882, 1074, 0, 0, 0, 0, 0, 0, 0, 127, 5, 56038 ns
2, Read, 16936, 18010, 1074, 0, 0, 0, 0, 0, 0, 0, 127, 5, 56465 ns
2, Read, 17064, 18138, 1074, 0, 0, 0, 0, 0, 0, 0, 127, 5, 56891 ns
2, Read, 17192, 18266, 1074, 0, 0, 0, 0, 0, 0, 0, 127, 5, 57318 ns
2, Read, 17320, 18394, 1074, 0, 0, 0, 0, 0, 0, 0, 127, 5, 57745 ns
2, Read, 17448, 18522, 1074, 0, 0, 0, 0, 0, 0, 0, 127, 5, 58172 ns
2, Read, 17622, 18692, 1070, 0, 0, 0, 0, 0, 0, 0, 127, 5, 58752 ns
2, Read, 17750, 18820, 1070, 0, 0, 0, 0, 0, 0, 0, 127, 5, 59179 ns
2, Read, 17878, 18948, 1070, 0, 0, 0, 0, 0, 0, 0, 127, 5, 59605 ns
2, Read, 18006, 19076, 1070, 0, 0, 0, 0, 0, 0, 0, 127, 5, 60032 ns
2, Read, 18134, 19204, 1070, 0, 0, 0, 0, 0, 0, 0, 127, 5, 60459 ns
2, Read, 18262, 19332, 1070, 0, 0, 0, 0, 0, 0, 0, 127, 5, 60886 ns
2, Read, 18390, 19460, 1070, 0, 0, 0, 0, 0, 0, 0, 127, 5, 61312 ns
2, Read, 18518, 19588, 1070, 0, 0, 0, 0, 0, 0, 0, 127, 5, 61739 ns
2, Read, 18688, 19716, 1028, 0, 0, 0, 0, 0, 0, 0, 127, 5, 62306 ns
2, Read, 18816, 19886, 1070, 0, 0, 0, 0, 0, 0, 0, 127, 5, 62733 ns
2, Read, 18944, 20014, 1070, 0, 0, 0, 0, 0, 0, 0, 127, 5, 63159 ns
2, Read, 19072, 20142, 1070, 0, 0, 0, 0, 0, 0, 0, 127, 5, 63586 ns
2, Read, 19200, 20270, 1070, 0, 0, 0, 0, 0, 0, 0, 127, 5, 64013 ns
2, Read, 19328, 20398, 1070, 0, 0, 0, 0, 0, 0, 0, 127, 5, 64440 ns
2, Read, 19456, 20526, 1070, 0, 0, 0, 0, 0, 0, 0, 127, 5, 64866 ns
2, Read, 19584, 20654, 1070, 0, 0, 0, 0, 0, 0, 0, 127, 5, 65293 ns
2, Read, 19712, 20782, 1070, 0, 0, 0, 0, 0, 0, 0, 127, 5, 65720 ns
2, Read, 19882, 20910, 1028, 0, 0, 0, 0, 0, 0, 0, 127, 5, 66287 ns
2, Read, 20010, 21090, 1080, 0, 0, 0, 0, 0, 0, 0, 127, 5, 66713 ns
2, Read, 20138, 21218, 1080, 0, 0, 0, 0, 0, 0, 0, 127, 5, 67140 ns
2, Read, 20266, 21346, 1080, 0, 0, 0, 0, 0, 0, 0, 127, 5, 67567 ns
2, Read, 20394, 21474, 1080, 0, 0, 0, 0, 0, 0, 0, 127, 5, 67994 ns
2, Read, 20522, 21602, 1080, 0, 0, 0, 0, 0, 0, 0, 127, 5, 68420 ns
2, Read, 20650, 21730, 1080, 0, 0, 0, 0, 0, 0, 0, 127, 5, 68847 ns
2, Read, 20778, 21858, 1080, 0, 0, 0, 0, 0, 0, 0, 127, 5, 69274 ns
2, Read, 20906, 21986, 1080, 0, 0, 0, 0, 0, 0, 0, 127, 5, 69701 ns
2, Read, 21086, 22114, 1028, 0, 0, 0, 0, 0, 0, 0, 127, 5, 70301 ns
2, Read, 21214, 22286, 1072, 0, 0, 0, 0, 0, 0, 0, 127, 5, 70727 ns
2, Read, 21342, 22414, 1072, 0, 0, 0, 0, 0, 0, 0, 127, 5, 71154 ns
2, Read, 21470, 22542, 1072, 0, 0, 0, 0, 0, 0, 0, 127, 5, 71581 ns
2, Read, 21598, 22670, 1072, 0, 0, 0, 0, 0, 0, 0, 127, 5, 72008 ns
2, Read, 21726, 22798, 1072, 0, 0, 0, 0, 0, 0, 0, 127, 5, 72434 ns
2, Read, 21854, 22926, 1072, 0, 0, 0, 0, 0, 0, 0, 127, 5, 72861 ns
2, Read, 21982, 23054, 1072, 0, 0, 0, 0, 0, 0, 0, 127, 5, 73288 ns
2, Read, 22110, 23182, 1072, 0, 0, 0, 0, 0, 0, 0, 127, 5, 73715 ns
2, Read, 22282, 23310, 1028, 0, 0, 0, 0, 0, 0, 0, 127, 5, 74288 ns
2, Read, 22410, 23489, 1079, 0, 0, 0, 0, 0, 0, 0, 127, 5, 74715 ns
2, Read, 22538, 23617, 1079, 0, 0, 0, 0, 0, 0, 0, 127, 5, 75142 ns
2, Read, 22666, 23745, 1079, 0, 0, 0, 0, 0, 0, 0, 127, 5, 75568 ns
2, Read, 22794, 23873, 1079, 0, 0, 0, 0, 0, 0, 0, 127, 5, 75995 ns
2, Read, 22922, 24001, 1079, 0, 0, 0, 0, 0, 0, 0, 127, 5, 76422 ns
2, Read, 23050, 24129, 1079, 0, 0, 0, 0, 0, 0, 0, 127, 5, 76849 ns
2, Read, 23178, 24257, 1079, 0, 0, 0, 0, 0, 0, 0, 127, 5, 77275 ns
2, Read, 23306, 24385, 1079, 0, 0, 0, 0, 0, 0, 0, 127, 5, 77702 ns
2, Read, 23485, 24555, 1070, 0, 0, 0, 0, 0, 0, 0, 127, 5, 78299 ns
2, Read, 23613, 24683, 1070, 0, 0, 0, 0, 0, 0, 0, 127, 5, 78726 ns
2, Read, 23741, 24811, 1070, 0, 0, 0, 0, 0, 0, 0, 127, 5, 79152 ns
2, Read, 23869, 24939, 1070, 0, 0, 0, 0, 0, 0, 0, 127, 5, 79579 ns
2, Read, 23997, 25067, 1070, 0, 0, 0, 0, 0, 0, 0, 127, 5, 80006 ns
2, Read, 24125, 25195, 1070, 0, 0, 0, 0, 0, 0, 0, 127, 5, 80433 ns
2, Read, 24253, 25323, 1070, 0, 0, 0, 0, 0, 0, 0, 127, 5, 80860 ns
2, Read, 24381, 25451, 1070, 0, 0, 0, 0, 0, 0, 0, 127, 5, 81286 ns
2, Read, 24551, 25579, 1028, 0, 0, 0, 0, 0, 0, 0, 127, 5, 81853 ns
2, Read, 24679, 25755, 1076, 0, 0, 0, 0, 0, 0, 0, 127, 5, 82280 ns
2, Read, 24807, 25883, 1076, 0, 0, 0, 0, 0, 0, 0, 127, 5, 82707 ns
2, Read, 24935, 26011, 1076, 0, 0, 0, 0, 0, 0, 0, 127, 5, 83133 ns
2, Read, 25063, 26139, 1076, 0, 0, 0, 0, 0, 0, 0, 127, 5, 83560 ns
2, Read, 25191, 26267, 1076, 0, 0, 0, 0, 0, 0, 0, 127, 5, 83987 ns
2, Read, 25319, 26395, 1076, 0, 0, 0, 0, 0, 0, 0, 127, 5, 84414 ns
2, Read, 25447, 26523, 1076, 0, 0, 0, 0, 0, 0, 0, 127, 5, 84840 ns
2, Read, 25575, 26651, 1076, 0, 0, 0, 0, 0, 0, 0, 127, 5, 85267 ns
2, Read, 25751, 26779, 1028, 0, 0, 0, 0, 0, 0, 0, 127, 5, 85854 ns
2, Read, 25879, 26949, 1070, 0, 0, 0, 0, 0, 0, 0, 127, 5, 86281 ns
2, Read, 26007, 27077, 1070, 0, 0, 0, 0, 0, 0, 0, 127, 5, 86707 ns
2, Read, 26135, 27205, 1070, 0, 0, 0, 0, 0, 0, 0, 127, 5, 87134 ns
2, Read, 26263, 27333, 1070, 0, 0, 0, 0, 0, 0, 0, 127, 5, 87561 ns
2, Read, 26391, 27461, 1070, 0, 0, 0, 0, 0, 0, 0, 127, 5, 87988 ns
2, Read, 26519, 27589, 1070, 0, 0, 0, 0, 0, 0, 0, 127, 5, 88414 ns
2, Read, 26647, 27717, 1070, 0, 0, 0, 0, 0, 0, 0, 127, 5, 88841 ns
2, Read, 26775, 27845, 1070, 0, 0, 0, 0, 0, 0, 0, 127, 5, 89268 ns
2, Read, 26945, 27973, 1028, 0, 0, 0, 0, 0, 0, 0, 127, 5, 89835 ns
2, Read, 27073, 28146, 1073, 0, 0, 0, 0, 0, 0, 0, 127, 5, 90261 ns
2, Read, 27201, 28274, 1073, 0, 0, 0, 0, 0, 0, 0, 127, 5, 90688 ns
2, Read, 27329, 28402, 1073, 0, 0, 0, 0, 0, 0, 0, 127, 5, 91115 ns
2, Read, 27457, 28530, 1073, 0, 0, 0, 0, 0, 0, 0, 127, 5, 91542 ns
2, Read, 27585, 28658, 1073, 0, 0, 0, 0, 0, 0, 0, 127, 5, 91968 ns
