INFO: [VRFC 10-2263] Analyzing SystemVerilog file "/home/younas/Documents/Vivado/hbm_module_2_synth_impl/hbm_module_2_synth_impl.ip_user_files/bd/design_1/ip/design_1_axi_noc_0_0/bd_0/ip/ip_2/hdl/bfm/bd_8be5_HBM02_AXI_nmu_0_top.sv" into library xil_defaultlib
INFO: [VRFC 10-311] analyzing module bd_8be5_HBM02_AXI_nmu_0_top
WARNING: [VRFC 10-965] invalid size of integer constant literal [/home/younas/Documents/Vivado/hbm_module_2_synth_impl/hbm_module_2_synth_impl.ip_user_files/bd/design_1/ip/design_1_axi_noc_0_0/bd_0/ip/ip_2/hdl/bfm/bd_8be5_HBM02_AXI_nmu_0_top.sv:558]
WARNING: [VRFC 10-965] invalid size of integer constant literal [/home/younas/Documents/Vivado/hbm_module_2_synth_impl/hbm_module_2_synth_impl.ip_user_files/bd/design_1/ip/design_1_axi_noc_0_0/bd_0/ip/ip_2/hdl/bfm/bd_8be5_HBM02_AXI_nmu_0_top.sv:570]
INFO: [VRFC 10-2263] Analyzing SystemVerilog file "/home/younas/Documents/Vivado/hbm_module_2_synth_impl/hbm_module_2_synth_impl.ip_user_files/bd/design_1/ip/design_1_axi_noc_0_0/bd_0/ip/ip_2/hdl/bfm/bd_8be5_HBM02_AXI_nmu_0.sv" into library xil_defaultlib
INFO: [VRFC 10-311] analyzing module bd_8be5_HBM02_AXI_nmu_0
INFO: [VRFC 10-2263] Analyzing SystemVerilog file "/home/younas/Documents/Vivado/hbm_module_2_synth_impl/hbm_module_2_synth_impl.ip_user_files/bd/design_1/ip/design_1_axi_noc_0_0/bd_0/ip/ip_3/hdl/bfm/bd_8be5_HBM01_AXI_nmu_0_top.sv" into library xil_defaultlib
INFO: [VRFC 10-311] analyzing module bd_8be5_HBM01_AXI_nmu_0_top
WARNING: [VRFC 10-965] invalid size of integer constant literal [/home/younas/Documents/Vivado/hbm_module_2_synth_impl/hbm_module_2_synth_impl.ip_user_files/bd/design_1/ip/design_1_axi_noc_0_0/bd_0/ip/ip_3/hdl/bfm/bd_8be5_HBM01_AXI_nmu_0_top.sv:558]
WARNING: [VRFC 10-965] invalid size of integer constant literal [/home/younas/Documents/Vivado/hbm_module_2_synth_impl/hbm_module_2_synth_impl.ip_user_files/bd/design_1/ip/design_1_axi_noc_0_0/bd_0/ip/ip_3/hdl/bfm/bd_8be5_HBM01_AXI_nmu_0_top.sv:570]
INFO: [VRFC 10-2263] Analyzing SystemVerilog file "/home/younas/Documents/Vivado/hbm_module_2_synth_impl/hbm_module_2_synth_impl.ip_user_files/bd/design_1/ip/design_1_axi_noc_0_0/bd_0/ip/ip_3/hdl/bfm/bd_8be5_HBM01_AXI_nmu_0.sv" into library xil_defaultlib
INFO: [VRFC 10-311] analyzing module bd_8be5_HBM01_AXI_nmu_0
INFO: [VRFC 10-2263] Analyzing SystemVerilog file "/home/younas/Documents/Vivado/hbm_module_2_synth_impl/hbm_module_2_synth_impl.ip_user_files/bd/design_1/ip/design_1_axi_noc_0_0/bd_0/ip/ip_4/hdl/bfm/bd_8be5_HBM00_AXI_nmu_0_top.sv" into library xil_defaultlib
INFO: [VRFC 10-311] analyzing module bd_8be5_HBM00_AXI_nmu_0_top
WARNING: [VRFC 10-965] invalid size of integer constant literal [/home/younas/Documents/Vivado/hbm_module_2_synth_impl/hbm_module_2_synth_impl.ip_user_files/bd/design_1/ip/design_1_axi_noc_0_0/bd_0/ip/ip_4/hdl/bfm/bd_8be5_HBM00_AXI_nmu_0_top.sv:558]
WARNING: [VRFC 10-965] invalid size of integer constant literal [/home/younas/Documents/Vivado/hbm_module_2_synth_impl/hbm_module_2_synth_impl.ip_user_files/bd/design_1/ip/design_1_axi_noc_0_0/bd_0/ip/ip_4/hdl/bfm/bd_8be5_HBM00_AXI_nmu_0_top.sv:570]
INFO: [VRFC 10-2263] Analyzing SystemVerilog file "/home/younas/Documents/Vivado/hbm_module_2_synth_impl/hbm_module_2_synth_impl.ip_user_files/bd/design_1/ip/design_1_axi_noc_0_0/bd_0/ip/ip_4/hdl/bfm/bd_8be5_HBM00_AXI_nmu_0.sv" into library xil_defaultlib
INFO: [VRFC 10-311] analyzing module bd_8be5_HBM00_AXI_nmu_0
INFO: [VRFC 10-2263] Analyzing SystemVerilog file "/home/younas/Documents/Vivado/hbm_module_2_synth_impl/hbm_module_2_synth_impl.ip_user_files/bd/design_1/ip/design_1_axi_noc_0_0/bd_0/ip/ip_5/hdl/rtl/bd_8be5_MC_hbmc_0_top_unisim_stack0.sv" into library xil_defaultlib
WARNING: [VRFC 10-3381] ignoring re-definition of command line macro 'XILINX_SIMULATOR' [/home/younas/Documents/Vivado/hbm_module_2_synth_impl/hbm_module_2_synth_impl.ip_user_files/bd/design_1/ip/design_1_axi_noc_0_0/bd_0/ip/ip_5/hdl/rtl/bd_8be5_MC_hbmc_0_top_unisim_stack0.sv:10]
INFO: [VRFC 10-311] analyzing module bd_8be5_MC_hbmc_0_top_unisim_stack0
INFO: [VRFC 10-2263] Analyzing SystemVerilog file "/home/younas/Documents/Vivado/hbm_module_2_synth_impl/hbm_module_2_synth_impl.ip_user_files/bd/design_1/ip/design_1_axi_noc_0_0/bd_0/ip/ip_5/hdl/rtl/bd_8be5_MC_hbmc_0_top_wrapper.sv" into library xil_defaultlib
WARNING: [VRFC 10-3381] ignoring re-definition of command line macro 'XILINX_SIMULATOR' [/home/younas/Documents/Vivado/hbm_module_2_synth_impl/hbm_module_2_synth_impl.ip_user_files/bd/design_1/ip/design_1_axi_noc_0_0/bd_0/ip/ip_5/hdl/rtl/bd_8be5_MC_hbmc_0_top_wrapper.sv:10]
INFO: [VRFC 10-311] analyzing module bd_8be5_MC_hbmc_0_top_wrapper
INFO: [VRFC 10-2263] Analyzing SystemVerilog file "/home/younas/Documents/Vivado/hbm_module_2_synth_impl/hbm_module_2_synth_impl.ip_user_files/bd/design_1/ip/design_1_axi_noc_0_0/bd_0/ip/ip_5/hdl/memory_model/hbm_responder.sv" into library xil_defaultlib
INFO: [VRFC 10-311] analyzing module hbm_responder
INFO: [VRFC 10-2263] Analyzing SystemVerilog file "/home/younas/Documents/Vivado/hbm_module_2_synth_impl/hbm_module_2_synth_impl.ip_user_files/bd/design_1/ip/design_1_axi_noc_0_0/bd_0/ip/ip_5/hdl/bfm/PHY_IO_PLL/BM_HBM_PHY_MS.sv" into library xil_defaultlib
INFO: [VRFC 10-311] analyzing module BM_HBM_PHY_MS
INFO: [VRFC 10-2263] Analyzing SystemVerilog file "/home/younas/Documents/Vivado/hbm_module_2_synth_impl/hbm_module_2_synth_impl.ip_user_files/bd/design_1/ip/design_1_axi_noc_0_0/bd_0/ip/ip_5/hdl/bfm/PHY_IO_PLL/BM_IO_MS.sv" into library xil_defaultlib
INFO: [VRFC 10-311] analyzing module BM_HBM_IO_MS
INFO: [VRFC 10-2263] Analyzing SystemVerilog file "/home/younas/Documents/Vivado/hbm_module_2_synth_impl/hbm_module_2_synth_impl.ip_user_files/bd/design_1/ip/design_1_axi_noc_0_0/bd_0/ip/ip_5/hdl/bfm/PHY_IO_PLL/hbm_io_ms_top_bfm.sv" into library xil_defaultlib
INFO: [VRFC 10-311] analyzing module hbm_io_ms_top_bfm
INFO: [VRFC 10-2263] Analyzing SystemVerilog file "/home/younas/Documents/Vivado/hbm_module_2_synth_impl/hbm_module_2_synth_impl.ip_user_files/bd/design_1/ip/design_1_axi_noc_0_0/bd_0/ip/ip_5/hdl/bfm/PHY_IO_PLL/hbm_phy_ms_top_bfm.sv" into library xil_defaultlib
INFO: [VRFC 10-311] analyzing module hbm_phy_ms_top_bfm
INFO: [VRFC 10-2263] Analyzing SystemVerilog file "/home/younas/Documents/Vivado/hbm_module_2_synth_impl/hbm_module_2_synth_impl.ip_user_files/bd/design_1/ip/design_1_axi_noc_0_0/bd_0/ip/ip_5/hdl/rtl/bd_8be5_MC_hbmc_0.sv" into library xil_defaultlib
INFO: [VRFC 10-311] analyzing module bd_8be5_MC_hbmc_0
