INFO: [VRFC 10-2263] Analyzing SystemVerilog file "/tools/Xilinx/Vivado/2024.2/data/xilinx_vip/hdl/axi4stream_vip_axi4streampc.sv" into library xilinx_vip
INFO: [VRFC 10-2263] Analyzing SystemVerilog file "/tools/Xilinx/Vivado/2024.2/data/xilinx_vip/hdl/axi_vip_axi4pc.sv" into library xilinx_vip
INFO: [VRFC 10-2263] Analyzing SystemVerilog file "/tools/Xilinx/Vivado/2024.2/data/xilinx_vip/hdl/xil_common_vip_pkg.sv" into library xilinx_vip
INFO: [VRFC 10-2263] Analyzing SystemVerilog file "/tools/Xilinx/Vivado/2024.2/data/xilinx_vip/hdl/axi4stream_vip_pkg.sv" into library xilinx_vip
INFO: [VRFC 10-2263] Analyzing SystemVerilog file "/tools/Xilinx/Vivado/2024.2/data/xilinx_vip/hdl/axi_vip_pkg.sv" into library xilinx_vip
INFO: [VRFC 10-2263] Analyzing SystemVerilog file "/tools/Xilinx/Vivado/2024.2/data/xilinx_vip/hdl/axi4stream_vip_if.sv" into library xilinx_vip
INFO: [VRFC 10-2263] Analyzing SystemVerilog file "/tools/Xilinx/Vivado/2024.2/data/xilinx_vip/hdl/axi_vip_if.sv" into library xilinx_vip
INFO: [VRFC 10-2263] Analyzing SystemVerilog file "/tools/Xilinx/Vivado/2024.2/data/xilinx_vip/hdl/clk_vip_if.sv" into library xilinx_vip
INFO: [VRFC 10-2263] Analyzing SystemVerilog file "/tools/Xilinx/Vivado/2024.2/data/xilinx_vip/hdl/rst_vip_if.sv" into library xilinx_vip
INFO: [VRFC 10-2263] Analyzing SystemVerilog file "/tools/Xilinx/Vivado/2024.2/data/ip/xpm/xpm_cdc/hdl/xpm_cdc.sv" into library xpm
INFO: [VRFC 10-311] analyzing module xpm_cdc_single
INFO: [VRFC 10-311] analyzing module xpm_cdc_gray
INFO: [VRFC 10-311] analyzing module xpm_cdc_handshake
INFO: [VRFC 10-311] analyzing module xpm_cdc_pulse
INFO: [VRFC 10-311] analyzing module xpm_cdc_array_single
INFO: [VRFC 10-311] analyzing module xpm_cdc_sync_rst
INFO: [VRFC 10-311] analyzing module xpm_cdc_async_rst
INFO: [VRFC 10-311] analyzing module xpm_cdc_low_latency_handshake
INFO: [VRFC 10-2263] Analyzing SystemVerilog file "/tools/Xilinx/Vivado/2024.2/data/ip/xpm/xpm_fifo/hdl/xpm_fifo.sv" into library xpm
INFO: [VRFC 10-311] analyzing module xpm_fifo_base
INFO: [VRFC 10-311] analyzing module xpm_fifo_rst
INFO: [VRFC 10-311] analyzing module xpm_counter_updn
INFO: [VRFC 10-311] analyzing module xpm_fifo_reg_vec
INFO: [VRFC 10-311] analyzing module xpm_fifo_reg_bit
INFO: [VRFC 10-311] analyzing module xpm_reg_pipe_bit
INFO: [VRFC 10-311] analyzing module xpm_fifo_sync
INFO: [VRFC 10-311] analyzing module xpm_fifo_async
INFO: [VRFC 10-311] analyzing module xpm_fifo_axis
INFO: [VRFC 10-311] analyzing module xpm_fifo_axif
INFO: [VRFC 10-311] analyzing module xpm_fifo_axil
INFO: [VRFC 10-311] analyzing module xpm_fifo_axi_reg_slice
INFO: [VRFC 10-2263] Analyzing SystemVerilog file "/tools/Xilinx/Vivado/2024.2/data/ip/xpm/xpm_memory/hdl/xpm_memory.sv" into library xpm
INFO: [VRFC 10-311] analyzing module xpm_memory_base
INFO: [VRFC 10-311] analyzing module asym_bwe_bb
INFO: [VRFC 10-311] analyzing module xpm_memory_dpdistram
INFO: [VRFC 10-311] analyzing module xpm_memory_dprom
INFO: [VRFC 10-311] analyzing module xpm_memory_sdpram
INFO: [VRFC 10-311] analyzing module xpm_memory_spram
INFO: [VRFC 10-311] analyzing module xpm_memory_sprom
INFO: [VRFC 10-311] analyzing module xpm_memory_tdpram
INFO: [VRFC 10-2263] Analyzing SystemVerilog file "/home/younas/Documents/Vivado/hbm_module_2_synth_impl/hbm_module_2_synth_impl.gen/sim_1/bd/xlnoc/ipshared/a0b0/hdl/noc_nps4_v1_0_vl_rfs.sv" into library noc_nps4_v1_0_0
INFO: [VRFC 10-311] analyzing module nps4_lru_arbitration
INFO: [VRFC 10-311] analyzing module nps4_ipa
INFO: [VRFC 10-311] analyzing module nps4_ivca
INFO: [VRFC 10-311] analyzing module nps4_bfm
INFO: [VRFC 10-311] analyzing module BM_NOC_NPS4
INFO: [VRFC 10-2263] Analyzing SystemVerilog file "/home/younas/Documents/Vivado/hbm_module_2_synth_impl/hbm_module_2_synth_impl.gen/sim_1/bd/xlnoc/ipshared/3fba/hdl/noc_nps6_v1_0_vl_rfs.sv" into library noc_nps6_v1_0_0
INFO: [VRFC 10-311] analyzing module nps6_bfm
INFO: [VRFC 10-311] analyzing module BM_NOC_NPS6
INFO: [VRFC 10-2263] Analyzing SystemVerilog file "/home/younas/Documents/Vivado/hbm_module_2_synth_impl/hbm_module_2_synth_impl.gen/sources_1/bd/design_1/ipshared/6436/hdl/noc_nmu_sim_v1_0_vl_rfs.sv" into library noc_nmu_sim_v1_0_0
WARNING: [VRFC 10-8772] attribute 'SW_TYPE' is already specified; last one will take precedence [/home/younas/Documents/Vivado/hbm_module_2_synth_impl/hbm_module_2_synth_impl.gen/sources_1/bd/design_1/ipshared/6436/hdl/noc_nmu_sim_v1_0_vl_rfs.sv:249]
WARNING: [VRFC 10-8772] attribute 'SW_TYPE' is already specified; last one will take precedence [/home/younas/Documents/Vivado/hbm_module_2_synth_impl/hbm_module_2_synth_impl.gen/sources_1/bd/design_1/ipshared/6436/hdl/noc_nmu_sim_v1_0_vl_rfs.sv:250]
WARNING: [VRFC 10-8772] attribute 'SW_TYPE' is already specified; last one will take precedence [/home/younas/Documents/Vivado/hbm_module_2_synth_impl/hbm_module_2_synth_impl.gen/sources_1/bd/design_1/ipshared/6436/hdl/noc_nmu_sim_v1_0_vl_rfs.sv:251]
WARNING: [VRFC 10-8772] attribute 'SW_TYPE' is already specified; last one will take precedence [/home/younas/Documents/Vivado/hbm_module_2_synth_impl/hbm_module_2_synth_impl.gen/sources_1/bd/design_1/ipshared/6436/hdl/noc_nmu_sim_v1_0_vl_rfs.sv:268]
WARNING: [VRFC 10-8772] attribute 'SW_TYPE' is already specified; last one will take precedence [/home/younas/Documents/Vivado/hbm_module_2_synth_impl/hbm_module_2_synth_impl.gen/sources_1/bd/design_1/ipshared/6436/hdl/noc_nmu_sim_v1_0_vl_rfs.sv:269]
WARNING: [VRFC 10-8772] attribute 'SW_TYPE' is already specified; last one will take precedence [/home/younas/Documents/Vivado/hbm_module_2_synth_impl/hbm_module_2_synth_impl.gen/sources_1/bd/design_1/ipshared/6436/hdl/noc_nmu_sim_v1_0_vl_rfs.sv:270]
WARNING: [VRFC 10-8772] attribute 'SW_TYPE' is already specified; last one will take precedence [/home/younas/Documents/Vivado/hbm_module_2_synth_impl/hbm_module_2_synth_impl.gen/sources_1/bd/design_1/ipshared/6436/hdl/noc_nmu_sim_v1_0_vl_rfs.sv:281]
WARNING: [VRFC 10-8772] attribute 'SW_TYPE' is already specified; last one will take precedence [/home/younas/Documents/Vivado/hbm_module_2_synth_impl/hbm_module_2_synth_impl.gen/sources_1/bd/design_1/ipshared/6436/hdl/noc_nmu_sim_v1_0_vl_rfs.sv:282]
WARNING: [VRFC 10-8772] attribute 'SW_TYPE' is already specified; last one will take precedence [/home/younas/Documents/Vivado/hbm_module_2_synth_impl/hbm_module_2_synth_impl.gen/sources_1/bd/design_1/ipshared/6436/hdl/noc_nmu_sim_v1_0_vl_rfs.sv:283]
WARNING: [VRFC 10-8772] attribute 'SW_TYPE' is already specified; last one will take precedence [/home/younas/Documents/Vivado/hbm_module_2_synth_impl/hbm_module_2_synth_impl.gen/sources_1/bd/design_1/ipshared/6436/hdl/noc_nmu_sim_v1_0_vl_rfs.sv:295]
WARNING: [VRFC 10-8772] attribute 'SW_TYPE' is already specified; last one will take precedence [/home/younas/Documents/Vivado/hbm_module_2_synth_impl/hbm_module_2_synth_impl.gen/sources_1/bd/design_1/ipshared/6436/hdl/noc_nmu_sim_v1_0_vl_rfs.sv:304]
WARNING: [VRFC 10-8772] attribute 'SW_TYPE' is already specified; last one will take precedence [/home/younas/Documents/Vivado/hbm_module_2_synth_impl/hbm_module_2_synth_impl.gen/sources_1/bd/design_1/ipshared/6436/hdl/noc_nmu_sim_v1_0_vl_rfs.sv:326]
WARNING: [VRFC 10-8772] attribute 'SW_TYPE' is already specified; last one will take precedence [/home/younas/Documents/Vivado/hbm_module_2_synth_impl/hbm_module_2_synth_impl.gen/sources_1/bd/design_1/ipshared/6436/hdl/noc_nmu_sim_v1_0_vl_rfs.sv:327]
WARNING: [VRFC 10-8772] attribute 'SW_TYPE' is already specified; last one will take precedence [/home/younas/Documents/Vivado/hbm_module_2_synth_impl/hbm_module_2_synth_impl.gen/sources_1/bd/design_1/ipshared/6436/hdl/noc_nmu_sim_v1_0_vl_rfs.sv:328]
WARNING: [VRFC 10-8772] attribute 'SW_TYPE' is already specified; last one will take precedence [/home/younas/Documents/Vivado/hbm_module_2_synth_impl/hbm_module_2_synth_impl.gen/sources_1/bd/design_1/ipshared/6436/hdl/noc_nmu_sim_v1_0_vl_rfs.sv:345]
WARNING: [VRFC 10-8772] attribute 'SW_TYPE' is already specified; last one will take precedence [/home/younas/Documents/Vivado/hbm_module_2_synth_impl/hbm_module_2_synth_impl.gen/sources_1/bd/design_1/ipshared/6436/hdl/noc_nmu_sim_v1_0_vl_rfs.sv:346]
WARNING: [VRFC 10-8772] attribute 'SW_TYPE' is already specified; last one will take precedence [/home/younas/Documents/Vivado/hbm_module_2_synth_impl/hbm_module_2_synth_impl.gen/sources_1/bd/design_1/ipshared/6436/hdl/noc_nmu_sim_v1_0_vl_rfs.sv:347]
WARNING: [VRFC 10-8772] attribute 'SW_TYPE' is already specified; last one will take precedence [/home/younas/Documents/Vivado/hbm_module_2_synth_impl/hbm_module_2_synth_impl.gen/sources_1/bd/design_1/ipshared/6436/hdl/noc_nmu_sim_v1_0_vl_rfs.sv:358]
WARNING: [VRFC 10-8772] attribute 'SW_TYPE' is already specified; last one will take precedence [/home/younas/Documents/Vivado/hbm_module_2_synth_impl/hbm_module_2_synth_impl.gen/sources_1/bd/design_1/ipshared/6436/hdl/noc_nmu_sim_v1_0_vl_rfs.sv:359]
WARNING: [VRFC 10-8772] attribute 'SW_TYPE' is already specified; last one will take precedence [/home/younas/Documents/Vivado/hbm_module_2_synth_impl/hbm_module_2_synth_impl.gen/sources_1/bd/design_1/ipshared/6436/hdl/noc_nmu_sim_v1_0_vl_rfs.sv:360]
WARNING: [VRFC 10-8772] attribute 'SW_TYPE' is already specified; last one will take precedence [/home/younas/Documents/Vivado/hbm_module_2_synth_impl/hbm_module_2_synth_impl.gen/sources_1/bd/design_1/ipshared/6436/hdl/noc_nmu_sim_v1_0_vl_rfs.sv:372]
WARNING: [VRFC 10-8772] attribute 'SW_TYPE' is already specified; last one will take precedence [/home/younas/Documents/Vivado/hbm_module_2_synth_impl/hbm_module_2_synth_impl.gen/sources_1/bd/design_1/ipshared/6436/hdl/noc_nmu_sim_v1_0_vl_rfs.sv:381]
WARNING: [VRFC 10-8772] attribute 'SW_TYPE' is already specified; last one will take precedence [/home/younas/Documents/Vivado/hbm_module_2_synth_impl/hbm_module_2_synth_impl.gen/sources_1/bd/design_1/ipshared/6436/hdl/noc_nmu_sim_v1_0_vl_rfs.sv:392]
WARNING: [VRFC 10-8772] attribute 'SW_TYPE' is already specified; last one will take precedence [/home/younas/Documents/Vivado/hbm_module_2_synth_impl/hbm_module_2_synth_impl.gen/sources_1/bd/design_1/ipshared/6436/hdl/noc_nmu_sim_v1_0_vl_rfs.sv:411]
WARNING: [VRFC 10-8772] attribute 'SW_TYPE' is already specified; last one will take precedence [/home/younas/Documents/Vivado/hbm_module_2_synth_impl/hbm_module_2_synth_impl.gen/sources_1/bd/design_1/ipshared/6436/hdl/noc_nmu_sim_v1_0_vl_rfs.sv:445]
WARNING: [VRFC 10-8772] attribute 'SW_TYPE' is already specified; last one will take precedence [/home/younas/Documents/Vivado/hbm_module_2_synth_impl/hbm_module_2_synth_impl.gen/sources_1/bd/design_1/ipshared/6436/hdl/noc_nmu_sim_v1_0_vl_rfs.sv:455]
WARNING: [VRFC 10-8772] attribute 'SW_TYPE' is already specified; last one will take precedence [/home/younas/Documents/Vivado/hbm_module_2_synth_impl/hbm_module_2_synth_impl.gen/sources_1/bd/design_1/ipshared/6436/hdl/noc_nmu_sim_v1_0_vl_rfs.sv:469]
WARNING: [VRFC 10-8772] attribute 'SW_TYPE' is already specified; last one will take precedence [/home/younas/Documents/Vivado/hbm_module_2_synth_impl/hbm_module_2_synth_impl.gen/sources_1/bd/design_1/ipshared/6436/hdl/noc_nmu_sim_v1_0_vl_rfs.sv:488]
WARNING: [VRFC 10-8772] attribute 'SW_TYPE' is already specified; last one will take precedence [/home/younas/Documents/Vivado/hbm_module_2_synth_impl/hbm_module_2_synth_impl.gen/sources_1/bd/design_1/ipshared/6436/hdl/noc_nmu_sim_v1_0_vl_rfs.sv:522]
WARNING: [VRFC 10-8772] attribute 'SW_TYPE' is already specified; last one will take precedence [/home/younas/Documents/Vivado/hbm_module_2_synth_impl/hbm_module_2_synth_impl.gen/sources_1/bd/design_1/ipshared/6436/hdl/noc_nmu_sim_v1_0_vl_rfs.sv:532]
INFO: [VRFC 10-311] analyzing module nmu
WARNING: [VRFC 10-9157] macro 'xil_fatal' is redefined [../../../../hbm_module_2_synth_impl.gen/sources_1/bd/design_1/ipshared/6436/hdl/bfm/noc_npp_sb_nmu.sv:47]
INFO: [VRFC 10-311] analyzing module noc_npp_debug_monitor_nmu
INFO: [VRFC 10-311] analyzing module BM_NOC_NMU512
INFO: [VRFC 10-311] analyzing module BM_NOC_NMU256
WARNING: [VRFC 10-8658] /* is inside a comment [/home/younas/Documents/Vivado/hbm_module_2_synth_impl/hbm_module_2_synth_impl.gen/sources_1/bd/design_1/ipshared/6436/hdl/noc_nmu_sim_v1_0_vl_rfs.sv:4446]
WARNING: [VRFC 10-8658] /* is inside a comment [/home/younas/Documents/Vivado/hbm_module_2_synth_impl/hbm_module_2_synth_impl.gen/sources_1/bd/design_1/ipshared/6436/hdl/noc_nmu_sim_v1_0_vl_rfs.sv:4447]
INFO: [VRFC 10-311] analyzing module BM_NOC_NMU128
WARNING: [VRFC 10-8658] /* is inside a comment [/home/younas/Documents/Vivado/hbm_module_2_synth_impl/hbm_module_2_synth_impl.gen/sources_1/bd/design_1/ipshared/6436/hdl/noc_nmu_sim_v1_0_vl_rfs.sv:5334]
WARNING: [VRFC 10-8658] /* is inside a comment [/home/younas/Documents/Vivado/hbm_module_2_synth_impl/hbm_module_2_synth_impl.gen/sources_1/bd/design_1/ipshared/6436/hdl/noc_nmu_sim_v1_0_vl_rfs.sv:5335]
INFO: [VRFC 10-2263] Analyzing SystemVerilog file "/home/younas/Documents/Vivado/hbm_module_2_synth_impl/hbm_module_2_synth_impl.gen/sources_1/bd/design_1/ipshared/01b2/hdl/noc_hbm_nmu_sim_v1_0_vl_rfs.sv" into library noc_hbm_nmu_sim_v1_0_0
INFO: [VRFC 10-311] analyzing module nmu_hbm
INFO: [VRFC 10-311] analyzing module BM_NOC_NMU_HBM2E
INFO: [VRFC 10-2263] Analyzing Verilog file "/home/younas/Documents/Vivado/hbm_module_2_synth_impl/hbm_module_2_synth_impl.gen/sources_1/bd/design_1/ipshared/e2d2/hdl/xlconstant_v1_1_vl_rfs.v" into library xlconstant_v1_1_9
INFO: [VRFC 10-311] analyzing module xlconstant_v1_1_9_xlconstant
INFO: [VRFC 10-2263] Analyzing SystemVerilog file "/home/younas/Documents/Vivado/hbm_module_2_synth_impl/hbm_module_2_synth_impl.ip_user_files/bd/design_1/ip/design_1_axi_noc_0_0/bd_0/ip/ip_2/hdl/bfm/bd_8be5_HBM02_AXI_nmu_0_top.sv" into library xil_defaultlib
INFO: [VRFC 10-311] analyzing module bd_8be5_HBM02_AXI_nmu_0_top
WARNING: [VRFC 10-965] invalid size of integer constant literal [/home/younas/Documents/Vivado/hbm_module_2_synth_impl/hbm_module_2_synth_impl.ip_user_files/bd/design_1/ip/design_1_axi_noc_0_0/bd_0/ip/ip_2/hdl/bfm/bd_8be5_HBM02_AXI_nmu_0_top.sv:558]
WARNING: [VRFC 10-965] invalid size of integer constant literal [/home/younas/Documents/Vivado/hbm_module_2_synth_impl/hbm_module_2_synth_impl.ip_user_files/bd/design_1/ip/design_1_axi_noc_0_0/bd_0/ip/ip_2/hdl/bfm/bd_8be5_HBM02_AXI_nmu_0_top.sv:570]
INFO: [VRFC 10-2263] Analyzing SystemVerilog file "/home/younas/Documents/Vivado/hbm_module_2_synth_impl/hbm_module_2_synth_impl.ip_user_files/bd/design_1/ip/design_1_axi_noc_0_0/bd_0/ip/ip_2/hdl/bfm/bd_8be5_HBM02_AXI_nmu_0.sv" into library xil_defaultlib
INFO: [VRFC 10-311] analyzing module bd_8be5_HBM02_AXI_nmu_0
INFO: [VRFC 10-2263] Analyzing SystemVerilog file "/home/younas/Documents/Vivado/hbm_module_2_synth_impl/hbm_module_2_synth_impl.ip_user_files/bd/design_1/ip/design_1_axi_noc_0_0/bd_0/ip/ip_3/hdl/bfm/bd_8be5_HBM01_AXI_nmu_0_top.sv" into library xil_defaultlib
INFO: [VRFC 10-311] analyzing module bd_8be5_HBM01_AXI_nmu_0_top
WARNING: [VRFC 10-965] invalid size of integer constant literal [/home/younas/Documents/Vivado/hbm_module_2_synth_impl/hbm_module_2_synth_impl.ip_user_files/bd/design_1/ip/design_1_axi_noc_0_0/bd_0/ip/ip_3/hdl/bfm/bd_8be5_HBM01_AXI_nmu_0_top.sv:558]
WARNING: [VRFC 10-965] invalid size of integer constant literal [/home/younas/Documents/Vivado/hbm_module_2_synth_impl/hbm_module_2_synth_impl.ip_user_files/bd/design_1/ip/design_1_axi_noc_0_0/bd_0/ip/ip_3/hdl/bfm/bd_8be5_HBM01_AXI_nmu_0_top.sv:570]
INFO: [VRFC 10-2263] Analyzing SystemVerilog file "/home/younas/Documents/Vivado/hbm_module_2_synth_impl/hbm_module_2_synth_impl.ip_user_files/bd/design_1/ip/design_1_axi_noc_0_0/bd_0/ip/ip_3/hdl/bfm/bd_8be5_HBM01_AXI_nmu_0.sv" into library xil_defaultlib
INFO: [VRFC 10-311] analyzing module bd_8be5_HBM01_AXI_nmu_0
INFO: [VRFC 10-2263] Analyzing SystemVerilog file "/home/younas/Documents/Vivado/hbm_module_2_synth_impl/hbm_module_2_synth_impl.ip_user_files/bd/design_1/ip/design_1_axi_noc_0_0/bd_0/ip/ip_4/hdl/bfm/bd_8be5_HBM00_AXI_nmu_0_top.sv" into library xil_defaultlib
INFO: [VRFC 10-311] analyzing module bd_8be5_HBM00_AXI_nmu_0_top
WARNING: [VRFC 10-965] invalid size of integer constant literal [/home/younas/Documents/Vivado/hbm_module_2_synth_impl/hbm_module_2_synth_impl.ip_user_files/bd/design_1/ip/design_1_axi_noc_0_0/bd_0/ip/ip_4/hdl/bfm/bd_8be5_HBM00_AXI_nmu_0_top.sv:558]
WARNING: [VRFC 10-965] invalid size of integer constant literal [/home/younas/Documents/Vivado/hbm_module_2_synth_impl/hbm_module_2_synth_impl.ip_user_files/bd/design_1/ip/design_1_axi_noc_0_0/bd_0/ip/ip_4/hdl/bfm/bd_8be5_HBM00_AXI_nmu_0_top.sv:570]
INFO: [VRFC 10-2263] Analyzing SystemVerilog file "/home/younas/Documents/Vivado/hbm_module_2_synth_impl/hbm_module_2_synth_impl.ip_user_files/bd/design_1/ip/design_1_axi_noc_0_0/bd_0/ip/ip_4/hdl/bfm/bd_8be5_HBM00_AXI_nmu_0.sv" into library xil_defaultlib
INFO: [VRFC 10-311] analyzing module bd_8be5_HBM00_AXI_nmu_0
INFO: [VRFC 10-2263] Analyzing SystemVerilog file "/home/younas/Documents/Vivado/hbm_module_2_synth_impl/hbm_module_2_synth_impl.ip_user_files/bd/design_1/ip/design_1_axi_noc_0_0/bd_0/ip/ip_5/hdl/rtl/bd_8be5_MC_hbmc_0_top_unisim_stack0.sv" into library xil_defaultlib
WARNING: [VRFC 10-3381] ignoring re-definition of command line macro 'XILINX_SIMULATOR' [/home/younas/Documents/Vivado/hbm_module_2_synth_impl/hbm_module_2_synth_impl.ip_user_files/bd/design_1/ip/design_1_axi_noc_0_0/bd_0/ip/ip_5/hdl/rtl/bd_8be5_MC_hbmc_0_top_unisim_stack0.sv:10]
INFO: [VRFC 10-311] analyzing module bd_8be5_MC_hbmc_0_top_unisim_stack0
INFO: [VRFC 10-2263] Analyzing SystemVerilog file "/home/younas/Documents/Vivado/hbm_module_2_synth_impl/hbm_module_2_synth_impl.ip_user_files/bd/design_1/ip/design_1_axi_noc_0_0/bd_0/ip/ip_5/hdl/rtl/bd_8be5_MC_hbmc_0_top_wrapper.sv" into library xil_defaultlib
WARNING: [VRFC 10-3381] ignoring re-definition of command line macro 'XILINX_SIMULATOR' [/home/younas/Documents/Vivado/hbm_module_2_synth_impl/hbm_module_2_synth_impl.ip_user_files/bd/design_1/ip/design_1_axi_noc_0_0/bd_0/ip/ip_5/hdl/rtl/bd_8be5_MC_hbmc_0_top_wrapper.sv:10]
INFO: [VRFC 10-311] analyzing module bd_8be5_MC_hbmc_0_top_wrapper
INFO: [VRFC 10-2263] Analyzing SystemVerilog file "/home/younas/Documents/Vivado/hbm_module_2_synth_impl/hbm_module_2_synth_impl.gen/sources_1/bd/design_1/ipshared/b994/hdl/Unisims/HBM_CHNL.sv" into library noc_hbm_v1_0_1
INFO: [VRFC 10-311] analyzing module HBM_CHNL
INFO: [VRFC 10-2263] Analyzing SystemVerilog file "/home/younas/Documents/Vivado/hbm_module_2_synth_impl/hbm_module_2_synth_impl.gen/sources_1/bd/design_1/ipshared/b994/hdl/Unisims/HBM_CHNL_PHY_ONLY.sv" into library noc_hbm_v1_0_1
INFO: [VRFC 10-311] analyzing module HBM_CHNL_PHY_ONLY
INFO: [VRFC 10-2263] Analyzing SystemVerilog file "/home/younas/Documents/Vivado/hbm_module_2_synth_impl/hbm_module_2_synth_impl.gen/sources_1/bd/design_1/ipshared/b994/hdl/bfm/MC/BM_HBM_MC.sv" into library noc_hbm_v1_0_1
INFO: [VRFC 10-311] analyzing module BM_HBM_MC
INFO: [VRFC 10-2263] Analyzing SystemVerilog file "/home/younas/Documents/Vivado/hbm_module_2_synth_impl/hbm_module_2_synth_impl.gen/sources_1/bd/design_1/ipshared/b994/hdl/bfm/MC/hbm_dbuf_bfm.sv" into library noc_hbm_v1_0_1
INFO: [VRFC 10-311] analyzing module hbm_bfm_dbuf
INFO: [VRFC 10-2263] Analyzing SystemVerilog file "/home/younas/Documents/Vivado/hbm_module_2_synth_impl/hbm_module_2_synth_impl.gen/sources_1/bd/design_1/ipshared/b994/hdl/bfm/MC/hbm_dc_bfm.sv" into library noc_hbm_v1_0_1
INFO: [VRFC 10-311] analyzing module hbm_bfm_dc
INFO: [VRFC 10-2263] Analyzing SystemVerilog file "/home/younas/Documents/Vivado/hbm_module_2_synth_impl/hbm_module_2_synth_impl.gen/sources_1/bd/design_1/ipshared/b994/hdl/bfm/MC/hbm_dpath_bfm.sv" into library noc_hbm_v1_0_1
INFO: [VRFC 10-311] analyzing module hbm_bfm_dpath
INFO: [VRFC 10-2263] Analyzing SystemVerilog file "/home/younas/Documents/Vivado/hbm_module_2_synth_impl/hbm_module_2_synth_impl.gen/sources_1/bd/design_1/ipshared/b994/hdl/bfm/MC/hbm_refresh_bfm.sv" into library noc_hbm_v1_0_1
INFO: [VRFC 10-311] analyzing module hbm_refresh
INFO: [VRFC 10-2263] Analyzing SystemVerilog file "/home/younas/Documents/Vivado/hbm_module_2_synth_impl/hbm_module_2_synth_impl.gen/sources_1/bd/design_1/ipshared/b994/hdl/bfm/MC/hbm_txnq_bfm.sv" into library noc_hbm_v1_0_1
INFO: [VRFC 10-311] analyzing module hbm_bfm_txnq
INFO: [VRFC 10-2263] Analyzing SystemVerilog file "/home/younas/Documents/Vivado/hbm_module_2_synth_impl/hbm_module_2_synth_impl.gen/sources_1/bd/design_1/ipshared/b994/hdl/bfm/MC/hbm_pend_fifo_bfm.sv" into library noc_hbm_v1_0_1
INFO: [VRFC 10-311] analyzing module hbm_pend_fifo
INFO: [VRFC 10-2263] Analyzing SystemVerilog file "/home/younas/Documents/Vivado/hbm_module_2_synth_impl/hbm_module_2_synth_impl.gen/sources_1/bd/design_1/ipshared/b994/hdl/bfm/MC/hbm_farb_bfm.sv" into library noc_hbm_v1_0_1
INFO: [VRFC 10-311] analyzing module hbm_bfm_farb
INFO: [VRFC 10-2263] Analyzing SystemVerilog file "/home/younas/Documents/Vivado/hbm_module_2_synth_impl/hbm_module_2_synth_impl.gen/sources_1/bd/design_1/ipshared/b994/hdl/bfm/MC/hbmmc_na_bfm.sv" into library noc_hbm_v1_0_1
INFO: [VRFC 10-311] analyzing module nsu_verbosity
INFO: [VRFC 10-311] analyzing module arb_verbosity
INFO: [VRFC 10-311] analyzing module lbus_verbosity
INFO: [VRFC 10-311] analyzing module hbm_afifo
INFO: [VRFC 10-311] analyzing module hbmmc_na_nsu_bfm
INFO: [VRFC 10-311] analyzing module hbmmc_na_arb_bfm
INFO: [VRFC 10-311] analyzing module hbmmc_lbus_bridge_bfm
INFO: [VRFC 10-311] analyzing module hbmmc_na_bfm
INFO: [VRFC 10-311] analyzing module hbmmc_na_arb_qos
INFO: [VRFC 10-2263] Analyzing SystemVerilog file "/home/younas/Documents/Vivado/hbm_module_2_synth_impl/hbm_module_2_synth_impl.gen/sources_1/bd/design_1/ipshared/b994/hdl/bfm/MC/lbus_checker.sv" into library noc_hbm_v1_0_1
INFO: [VRFC 10-311] analyzing module lbus_checker
INFO: [VRFC 10-2263] Analyzing SystemVerilog file "/home/younas/Documents/Vivado/hbm_module_2_synth_impl/hbm_module_2_synth_impl.gen/sources_1/bd/design_1/ipshared/b994/hdl/bfm/MC/hbmmc_mc_bfm.sv" into library noc_hbm_v1_0_1
INFO: [VRFC 10-311] analyzing module hbm_mc_bfm
INFO: [VRFC 10-2263] Analyzing SystemVerilog file "/home/younas/Documents/Vivado/hbm_module_2_synth_impl/hbm_module_2_synth_impl.gen/sources_1/bd/design_1/ipshared/b994/hdl/bfm/MC/hbm_ctrl_bfm.sv" into library noc_hbm_v1_0_1
INFO: [VRFC 10-311] analyzing module hbm_bfm_ctlr
INFO: [VRFC 10-2263] Analyzing SystemVerilog file "/home/younas/Documents/Vivado/hbm_module_2_synth_impl/hbm_module_2_synth_impl.gen/sources_1/bd/design_1/ipshared/b994/hdl/bfm/MC/hbm_bfm_phy_shim.sv" into library noc_hbm_v1_0_1
INFO: [VRFC 10-311] analyzing module hbmmc_phy_shim
INFO: [VRFC 10-2263] Analyzing SystemVerilog file "/home/younas/Documents/Vivado/hbm_module_2_synth_impl/hbm_module_2_synth_impl.gen/sources_1/bd/design_1/ipshared/b994/hdl/bfm/PHY_IO_PLL/BM_HBM_IO_CHNL.sv" into library noc_hbm_v1_0_1
INFO: [VRFC 10-311] analyzing module BM_HBM_IO_CHNL
INFO: [VRFC 10-2263] Analyzing SystemVerilog file "/home/younas/Documents/Vivado/hbm_module_2_synth_impl/hbm_module_2_synth_impl.gen/sources_1/bd/design_1/ipshared/b994/hdl/bfm/PHY_IO_PLL/BM_HBM_PHY_CHNL.sv" into library noc_hbm_v1_0_1
WARNING: [VRFC 10-9157] macro 'NOC_NPP_WSTRB_G0_G0' is redefined [../../../../hbm_module_2_synth_impl.gen/sources_1/bd/design_1/ipshared/b994/hdl/bfm/PHY_IO_PLL/phydir_noc_define.vh:120]
WARNING: [VRFC 10-9157] macro 'NOC_NPP_WSTRB_G0_G1' is redefined [../../../../hbm_module_2_synth_impl.gen/sources_1/bd/design_1/ipshared/b994/hdl/bfm/PHY_IO_PLL/phydir_noc_define.vh:121]
WARNING: [VRFC 10-9157] macro 'NOC_NPP_WSTRB_G0_G2' is redefined [../../../../hbm_module_2_synth_impl.gen/sources_1/bd/design_1/ipshared/b994/hdl/bfm/PHY_IO_PLL/phydir_noc_define.vh:122]
WARNING: [VRFC 10-9157] macro 'NOC_NPP_WSTRB_G0_G3' is redefined [../../../../hbm_module_2_synth_impl.gen/sources_1/bd/design_1/ipshared/b994/hdl/bfm/PHY_IO_PLL/phydir_noc_define.vh:123]
WARNING: [VRFC 10-9157] macro 'NOC_NMU_WRITE_PKT_TYPE_HDR' is redefined [../../../../hbm_module_2_synth_impl.gen/sources_1/bd/design_1/ipshared/b994/hdl/bfm/PHY_IO_PLL/phydir_noc_define.vh:134]
WARNING: [VRFC 10-9157] macro 'NOC_NMU_WRITE_PKT_TYPE_DATA' is redefined [../../../../hbm_module_2_synth_impl.gen/sources_1/bd/design_1/ipshared/b994/hdl/bfm/PHY_IO_PLL/phydir_noc_define.vh:135]
WARNING: [VRFC 10-9157] macro 'NOC_NMU_RATE_CREDIT_DROP_WIDTH' is redefined [../../../../hbm_module_2_synth_impl.gen/sources_1/bd/design_1/ipshared/b994/hdl/bfm/PHY_IO_PLL/phydir_noc_define.vh:175]
WARNING: [VRFC 10-9157] macro 'NOC_NMU_CHOPSIZE_256B' is redefined [../../../../hbm_module_2_synth_impl.gen/sources_1/bd/design_1/ipshared/b994/hdl/bfm/PHY_IO_PLL/phydir_noc_define.vh:188]
WARNING: [VRFC 10-9157] macro 'NOC_NPP_RSVD_WIDTH' is redefined [../../../../hbm_module_2_synth_impl.gen/sources_1/bd/design_1/ipshared/b994/hdl/bfm/PHY_IO_PLL/phydir_noc_define.vh:376]
WARNING: [VRFC 10-9157] macro 'NOC_NPP_AXRSVD0_WIDTH' is redefined [../../../../hbm_module_2_synth_impl.gen/sources_1/bd/design_1/ipshared/b994/hdl/bfm/PHY_IO_PLL/phydir_noc_define.vh:381]
WARNING: [VRFC 10-9157] macro 'NOC_NPP_TAG' is redefined [../../../../hbm_module_2_synth_impl.gen/sources_1/bd/design_1/ipshared/b994/hdl/bfm/PHY_IO_PLL/phydir_noc_define.vh:421]
INFO: [VRFC 10-311] analyzing module BM_HBM_PHY_CHNL
INFO: [VRFC 10-2263] Analyzing SystemVerilog file "/home/younas/Documents/Vivado/hbm_module_2_synth_impl/hbm_module_2_synth_impl.gen/sources_1/bd/design_1/ipshared/b994/hdl/bfm/PHY_IO_PLL/BM_HPLL.sv" into library noc_hbm_v1_0_1
INFO: [VRFC 10-311] analyzing module BM_HPLL
INFO: [VRFC 10-2263] Analyzing SystemVerilog file "/home/younas/Documents/Vivado/hbm_module_2_synth_impl/hbm_module_2_synth_impl.gen/sources_1/bd/design_1/ipshared/b994/hdl/bfm/PHY_IO_PLL/cmt_hbm_hpll_bfm.sv" into library noc_hbm_v1_0_1
INFO: [VRFC 10-311] analyzing module cmt_hbm_hpll_bfm
INFO: [VRFC 10-2263] Analyzing SystemVerilog file "/home/younas/Documents/Vivado/hbm_module_2_synth_impl/hbm_module_2_synth_impl.gen/sources_1/bd/design_1/ipshared/b994/hdl/bfm/PHY_IO_PLL/hbm_io_chnl_top_bfm.sv" into library noc_hbm_v1_0_1
INFO: [VRFC 10-311] analyzing module hbm_io_chnl_top_bfm
INFO: [VRFC 10-2263] Analyzing SystemVerilog file "/home/younas/Documents/Vivado/hbm_module_2_synth_impl/hbm_module_2_synth_impl.gen/sources_1/bd/design_1/ipshared/b994/hdl/bfm/PHY_IO_PLL/hbm_phy_chnl_8_1_bfm.sv" into library noc_hbm_v1_0_1
INFO: [VRFC 10-311] analyzing module hbm_phy_chnl_8_1_bfm
INFO: [VRFC 10-2263] Analyzing SystemVerilog file "/home/younas/Documents/Vivado/hbm_module_2_synth_impl/hbm_module_2_synth_impl.gen/sources_1/bd/design_1/ipshared/b994/hdl/bfm/PHY_IO_PLL/hbm_phy_chnl_intf_bfm.sv" into library noc_hbm_v1_0_1
INFO: [VRFC 10-311] analyzing module hbm_phy_chnl_intf_bfm
INFO: [VRFC 10-2263] Analyzing SystemVerilog file "/home/younas/Documents/Vivado/hbm_module_2_synth_impl/hbm_module_2_synth_impl.gen/sources_1/bd/design_1/ipshared/b994/hdl/bfm/PHY_IO_PLL/hbm_phy_chnl_top_bfm.sv" into library noc_hbm_v1_0_1
INFO: [VRFC 10-311] analyzing module hbm_phy_chnl_top_bfm
INFO: [VRFC 10-2263] Analyzing SystemVerilog file "/home/younas/Documents/Vivado/hbm_module_2_synth_impl/hbm_module_2_synth_impl.ip_user_files/bd/design_1/ip/design_1_axi_noc_0_0/bd_0/ip/ip_5/hdl/memory_model/hbm_responder.sv" into library xil_defaultlib
INFO: [VRFC 10-311] analyzing module hbm_responder
INFO: [VRFC 10-2263] Analyzing SystemVerilog file "/home/younas/Documents/Vivado/hbm_module_2_synth_impl/hbm_module_2_synth_impl.ip_user_files/bd/design_1/ip/design_1_axi_noc_0_0/bd_0/ip/ip_5/hdl/bfm/PHY_IO_PLL/BM_HBM_PHY_MS.sv" into library xil_defaultlib
INFO: [VRFC 10-311] analyzing module BM_HBM_PHY_MS
INFO: [VRFC 10-2263] Analyzing SystemVerilog file "/home/younas/Documents/Vivado/hbm_module_2_synth_impl/hbm_module_2_synth_impl.ip_user_files/bd/design_1/ip/design_1_axi_noc_0_0/bd_0/ip/ip_5/hdl/bfm/PHY_IO_PLL/BM_IO_MS.sv" into library xil_defaultlib
INFO: [VRFC 10-311] analyzing module BM_HBM_IO_MS
INFO: [VRFC 10-2263] Analyzing SystemVerilog file "/home/younas/Documents/Vivado/hbm_module_2_synth_impl/hbm_module_2_synth_impl.ip_user_files/bd/design_1/ip/design_1_axi_noc_0_0/bd_0/ip/ip_5/hdl/bfm/PHY_IO_PLL/hbm_io_ms_top_bfm.sv" into library xil_defaultlib
INFO: [VRFC 10-311] analyzing module hbm_io_ms_top_bfm
INFO: [VRFC 10-2263] Analyzing SystemVerilog file "/home/younas/Documents/Vivado/hbm_module_2_synth_impl/hbm_module_2_synth_impl.ip_user_files/bd/design_1/ip/design_1_axi_noc_0_0/bd_0/ip/ip_5/hdl/bfm/PHY_IO_PLL/hbm_phy_ms_top_bfm.sv" into library xil_defaultlib
INFO: [VRFC 10-311] analyzing module hbm_phy_ms_top_bfm
INFO: [VRFC 10-2263] Analyzing SystemVerilog file "/home/younas/Documents/Vivado/hbm_module_2_synth_impl/hbm_module_2_synth_impl.ip_user_files/bd/design_1/ip/design_1_axi_noc_0_0/bd_0/ip/ip_5/hdl/rtl/bd_8be5_MC_hbmc_0.sv" into library xil_defaultlib
INFO: [VRFC 10-311] analyzing module bd_8be5_MC_hbmc_0
INFO: [VRFC 10-2263] Analyzing SystemVerilog file "/home/younas/Documents/Vivado/hbm_module_2_synth_impl/hbm_module_2_synth_impl.gen/sources_1/bd/design_1/ipshared/0c0c/hdl/clk_gen_sim_v1_0_vl_rfs.sv" into library clk_gen_sim_v1_0_4
INFO: [VRFC 10-311] analyzing module clk_gen_sim_v1_0_4
INFO: [VRFC 10-2263] Analyzing Verilog file "/home/younas/Documents/Vivado/hbm_module_2_synth_impl/hbm_module_2_synth_impl.gen/sources_1/bd/design_1/ipshared/ec67/hdl/axi_infrastructure_v1_1_vl_rfs.v" into library axi_infrastructure_v1_1_0
INFO: [VRFC 10-311] analyzing module axi_infrastructure_v1_1_0_axi2vector
INFO: [VRFC 10-311] analyzing module axi_infrastructure_v1_1_0_axic_srl_fifo
INFO: [VRFC 10-311] analyzing module axi_infrastructure_v1_1_0_vector2axi
INFO: [VRFC 10-2263] Analyzing Verilog file "/home/younas/Documents/Vivado/hbm_module_2_synth_impl/hbm_module_2_synth_impl.gen/sources_1/bd/design_1/ipshared/3ee4/hdl/axi_register_slice_v2_1_vl_rfs.v" into library axi_register_slice_v2_1_33
INFO: [VRFC 10-311] analyzing module axi_register_slice_v2_1_33_test_master
INFO: [VRFC 10-311] analyzing module axi_register_slice_v2_1_33_test_slave
INFO: [VRFC 10-311] analyzing module axi_register_slice_v2_1_33_tdm_sample
INFO: [VRFC 10-311] analyzing module axi_register_slice_v2_1_33_auto_slr
INFO: [VRFC 10-311] analyzing module axi_register_slice_v2_1_33_auto_src
INFO: [VRFC 10-311] analyzing module axi_register_slice_v2_1_33_auto_dest
INFO: [VRFC 10-311] analyzing module axi_register_slice_v2_1_33_srl_rtl
INFO: [VRFC 10-311] analyzing module axi_register_slice_v2_1_33_axic_register_slice
INFO: [VRFC 10-311] analyzing module axi_register_slice_v2_1_33_multi_slr
INFO: [VRFC 10-311] analyzing module axi_register_slice_v2_1_33_middle_region_slr
INFO: [VRFC 10-311] analyzing module axi_register_slice_v2_1_33_source_region_slr
INFO: [VRFC 10-311] analyzing module axi_register_slice_v2_1_33_dest_region_slr
INFO: [VRFC 10-311] analyzing module axi_register_slice_v2_1_33_single_slr
INFO: [VRFC 10-311] analyzing module axi_register_slice_v2_1_33_axic_reg_srl_fifo
INFO: [VRFC 10-311] analyzing module axi_register_slice_v2_1_33_axi_register_slice
INFO: [VRFC 10-2263] Analyzing SystemVerilog file "/home/younas/Documents/Vivado/hbm_module_2_synth_impl/hbm_module_2_synth_impl.gen/sources_1/bd/design_1/ipshared/8c45/hdl/axi_vip_v1_1_vl_rfs.sv" into library axi_vip_v1_1_19
INFO: [VRFC 10-311] analyzing module axi_vip_v1_1_19_top
INFO: [VRFC 10-2263] Analyzing Verilog file "/home/younas/Documents/Vivado/hbm_module_2_synth_impl/hbm_module_2_synth_impl.gen/sources_1/bd/design_1/ipshared/434f/hdl/axis_infrastructure_v1_1_vl_rfs.v" into library axis_infrastructure_v1_1_1
INFO: [VRFC 10-311] analyzing module axis_infrastructure_v1_1_1_mux_enc
INFO: [VRFC 10-311] analyzing module axis_infrastructure_v1_1_1_util_aclken_converter
INFO: [VRFC 10-311] analyzing module axis_infrastructure_v1_1_1_util_aclken_converter_wrapper
INFO: [VRFC 10-311] analyzing module axis_infrastructure_v1_1_1_util_axis2vector
INFO: [VRFC 10-311] analyzing module axis_infrastructure_v1_1_1_util_vector2axis
INFO: [VRFC 10-311] analyzing module axis_infrastructure_v1_1_1_clock_synchronizer
INFO: [VRFC 10-311] analyzing module axis_infrastructure_v1_1_1_cdc_handshake
INFO: [VRFC 10-2263] Analyzing SystemVerilog file "/home/younas/Documents/Vivado/hbm_module_2_synth_impl/hbm_module_2_synth_impl.gen/sources_1/bd/design_1/ipshared/51ff/hdl/axi4stream_vip_v1_1_vl_rfs.sv" into library axi4stream_vip_v1_1_19
INFO: [VRFC 10-311] analyzing module axi4stream_vip_v1_1_19_top
INFO: [VRFC 10-2263] Analyzing SystemVerilog file "/home/younas/Documents/Vivado/hbm_module_2_synth_impl/hbm_module_2_synth_impl.gen/sources_1/bd/design_1/ipshared/5ace/hdl/bfm/axi_data_integrity_checker.sv" into library perf_axi_tg_v1_0_15
INFO: [VRFC 10-2263] Analyzing SystemVerilog file "/home/younas/Documents/Vivado/hbm_module_2_synth_impl/hbm_module_2_synth_impl.gen/sources_1/bd/design_1/ipshared/5ace/hdl/bfm/addr_cls_pkg.sv" into library perf_axi_tg_v1_0_15
INFO: [VRFC 10-2263] Analyzing SystemVerilog file "/home/younas/Documents/Vivado/hbm_module_2_synth_impl/hbm_module_2_synth_impl.gen/sources_1/bd/design_1/ipshared/5ace/hdl/bfm/top_axi_mst_ext_if.sv" into library perf_axi_tg_v1_0_15
INFO: [VRFC 10-2263] Analyzing SystemVerilog file "/home/younas/Documents/Vivado/hbm_module_2_synth_impl/hbm_module_2_synth_impl.gen/sources_1/bd/design_1/ipshared/5ace/hdl/bfm/top_axis_mst_ext_if.sv" into library perf_axi_tg_v1_0_15
INFO: [VRFC 10-2263] Analyzing SystemVerilog file "/home/younas/Documents/Vivado/hbm_module_2_synth_impl/hbm_module_2_synth_impl.gen/sources_1/bd/design_1/ipshared/5ace/hdl/rtl/axi_inst_core.sv" into library perf_axi_tg_v1_0_15
INFO: [VRFC 10-311] analyzing module axi_inst_core
INFO: [VRFC 10-2263] Analyzing SystemVerilog file "/home/younas/Documents/Vivado/hbm_module_2_synth_impl/hbm_module_2_synth_impl.gen/sources_1/bd/design_1/ipshared/5ace/hdl/rtl/axi_rdch_ctrl.sv" into library perf_axi_tg_v1_0_15
INFO: [VRFC 10-311] analyzing module axi_rdch_ctrl
INFO: [VRFC 10-2263] Analyzing SystemVerilog file "/home/younas/Documents/Vivado/hbm_module_2_synth_impl/hbm_module_2_synth_impl.gen/sources_1/bd/design_1/ipshared/5ace/hdl/rtl/axi_stream_inst_core.sv" into library perf_axi_tg_v1_0_15
INFO: [VRFC 10-311] analyzing module axi_stream_inst_core
INFO: [VRFC 10-2263] Analyzing SystemVerilog file "/home/younas/Documents/Vivado/hbm_module_2_synth_impl/hbm_module_2_synth_impl.gen/sources_1/bd/design_1/ipshared/5ace/hdl/rtl/axi_stream_sptg.sv" into library perf_axi_tg_v1_0_15
INFO: [VRFC 10-311] analyzing module axi_stream_sptg
INFO: [VRFC 10-2263] Analyzing SystemVerilog file "/home/younas/Documents/Vivado/hbm_module_2_synth_impl/hbm_module_2_synth_impl.gen/sources_1/bd/design_1/ipshared/5ace/hdl/rtl/axi_wrch_ctrl.sv" into library perf_axi_tg_v1_0_15
INFO: [VRFC 10-311] analyzing module axi_wrch_ctrl
INFO: [VRFC 10-2263] Analyzing SystemVerilog file "/home/younas/Documents/Vivado/hbm_module_2_synth_impl/hbm_module_2_synth_impl.gen/sources_1/bd/design_1/ipshared/5ace/hdl/rtl/mem_tg_mode_data_pat_generator.sv" into library perf_axi_tg_v1_0_15
INFO: [VRFC 10-311] analyzing module mem_tg_mode_data_pat_generator
INFO: [VRFC 10-2263] Analyzing SystemVerilog file "/home/younas/Documents/Vivado/hbm_module_2_synth_impl/hbm_module_2_synth_impl.gen/sources_1/bd/design_1/ipshared/5ace/hdl/rtl/axi_rd_wr_err_detect.sv" into library perf_axi_tg_v1_0_15
INFO: [VRFC 10-311] analyzing module axi_rd_wr_err_detect
INFO: [VRFC 10-2263] Analyzing SystemVerilog file "/home/younas/Documents/Vivado/hbm_module_2_synth_impl/hbm_module_2_synth_impl.gen/sources_1/bd/design_1/ipshared/5ace/hdl/rtl/atg_axi_tg_data_prbs.sv" into library perf_axi_tg_v1_0_15
INFO: [VRFC 10-311] analyzing module atg_axi_tg_data_prbs
INFO: [VRFC 10-2263] Analyzing SystemVerilog file "/home/younas/Documents/Vivado/hbm_module_2_synth_impl/hbm_module_2_synth_impl.gen/sources_1/bd/design_1/ipshared/5ace/hdl/rtl/atg_axi_tg_prbs_gen.sv" into library perf_axi_tg_v1_0_15
INFO: [VRFC 10-311] analyzing module atg_axi_tg_prbs_gen
INFO: [VRFC 10-2263] Analyzing SystemVerilog file "/home/younas/Documents/Vivado/hbm_module_2_synth_impl/hbm_module_2_synth_impl.gen/sources_1/bd/design_1/ipshared/5ace/hdl/rtl/atg_axi_tg_data_prbs_seed.sv" into library perf_axi_tg_v1_0_15
INFO: [VRFC 10-311] analyzing module atg_axi_tg_data_prbs_seed
INFO: [VRFC 10-2263] Analyzing SystemVerilog file "/home/younas/Documents/Vivado/hbm_module_2_synth_impl/hbm_module_2_synth_impl.gen/sources_1/bd/design_1/ipshared/5ace/hdl/rtl/cfg_reg_rw.sv" into library perf_axi_tg_v1_0_15
INFO: [VRFC 10-311] analyzing module cfg_reg_rw
INFO: [VRFC 10-2263] Analyzing SystemVerilog file "/home/younas/Documents/Vivado/hbm_module_2_synth_impl/hbm_module_2_synth_impl.gen/sources_1/bd/design_1/ipshared/5ace/hdl/rtl/cnst_id_latency.sv" into library perf_axi_tg_v1_0_15
INFO: [VRFC 10-311] analyzing module cnst_id_latency
INFO: [VRFC 10-2263] Analyzing SystemVerilog file "/home/younas/Documents/Vivado/hbm_module_2_synth_impl/hbm_module_2_synth_impl.gen/sources_1/bd/design_1/ipshared/5ace/hdl/rtl/di_check_cnst_id.sv" into library perf_axi_tg_v1_0_15
INFO: [VRFC 10-311] analyzing module di_check_cnst_id
INFO: [VRFC 10-2263] Analyzing SystemVerilog file "/home/younas/Documents/Vivado/hbm_module_2_synth_impl/hbm_module_2_synth_impl.gen/sources_1/bd/design_1/ipshared/5ace/hdl/rtl/di_check_mult_id.sv" into library perf_axi_tg_v1_0_15
INFO: [VRFC 10-311] analyzing module di_check_mult_id
INFO: [VRFC 10-2263] Analyzing SystemVerilog file "/home/younas/Documents/Vivado/hbm_module_2_synth_impl/hbm_module_2_synth_impl.gen/sources_1/bd/design_1/ipshared/5ace/hdl/rtl/incr_id_latency.sv" into library perf_axi_tg_v1_0_15
INFO: [VRFC 10-311] analyzing module incr_id_latency
INFO: [VRFC 10-2263] Analyzing SystemVerilog file "/home/younas/Documents/Vivado/hbm_module_2_synth_impl/hbm_module_2_synth_impl.gen/sources_1/bd/design_1/ipshared/5ace/hdl/rtl/inst_fetch.sv" into library perf_axi_tg_v1_0_15
INFO: [VRFC 10-311] analyzing module inst_fetch
INFO: [VRFC 10-2263] Analyzing SystemVerilog file "/home/younas/Documents/Vivado/hbm_module_2_synth_impl/hbm_module_2_synth_impl.gen/sources_1/bd/design_1/ipshared/5ace/hdl/rtl/inst_fifo.sv" into library perf_axi_tg_v1_0_15
INFO: [VRFC 10-311] analyzing module inst_fifo
INFO: [VRFC 10-2263] Analyzing SystemVerilog file "/home/younas/Documents/Vivado/hbm_module_2_synth_impl/hbm_module_2_synth_impl.gen/sources_1/bd/design_1/ipshared/5ace/hdl/rtl/addr_decoder.sv" into library perf_axi_tg_v1_0_15
INFO: [VRFC 10-311] analyzing module addr_decoder
INFO: [VRFC 10-2263] Analyzing SystemVerilog file "/home/younas/Documents/Vivado/hbm_module_2_synth_impl/hbm_module_2_synth_impl.gen/sources_1/bd/design_1/ipshared/5ace/hdl/rtl/prbs_data_gen.sv" into library perf_axi_tg_v1_0_15
INFO: [VRFC 10-311] analyzing module perf_axi_tg_prbs_data_gen
INFO: [VRFC 10-2263] Analyzing SystemVerilog file "/home/younas/Documents/Vivado/hbm_module_2_synth_impl/hbm_module_2_synth_impl.gen/sources_1/bd/design_1/ipshared/5ace/hdl/rtl/prbs_generator_32b.sv" into library perf_axi_tg_v1_0_15
INFO: [VRFC 10-311] analyzing module prbs_generator_32b
INFO: [VRFC 10-2263] Analyzing SystemVerilog file "/home/younas/Documents/Vivado/hbm_module_2_synth_impl/hbm_module_2_synth_impl.gen/sources_1/bd/design_1/ipshared/5ace/hdl/rtl/reg_space_stream.sv" into library perf_axi_tg_v1_0_15
INFO: [VRFC 10-311] analyzing module reg_space_stream
INFO: [VRFC 10-2263] Analyzing SystemVerilog file "/home/younas/Documents/Vivado/hbm_module_2_synth_impl/hbm_module_2_synth_impl.gen/sources_1/bd/design_1/ipshared/5ace/hdl/rtl/mem_strobe_gen.sv" into library perf_axi_tg_v1_0_15
INFO: [VRFC 10-311] analyzing module mem_strobe_gen
INFO: [VRFC 10-2263] Analyzing SystemVerilog file "/home/younas/Documents/Vivado/hbm_module_2_synth_impl/hbm_module_2_synth_impl.gen/sources_1/bd/design_1/ipshared/5ace/hdl/rtl/mem_strb_stream_gen.sv" into library perf_axi_tg_v1_0_15
INFO: [VRFC 10-311] analyzing module mem_strb_stream_gen
INFO: [VRFC 10-2263] Analyzing SystemVerilog file "/home/younas/Documents/Vivado/hbm_module_2_synth_impl/hbm_module_2_synth_impl.gen/sources_1/bd/design_1/ipshared/5ace/hdl/rtl/trig_in_out_sync.sv" into library perf_axi_tg_v1_0_15
INFO: [VRFC 10-311] analyzing module trig_in_out_sync
INFO: [VRFC 10-2263] Analyzing SystemVerilog file "/home/younas/Documents/Vivado/hbm_module_2_synth_impl/hbm_module_2_synth_impl.gen/sources_1/bd/design_1/ipshared/5ace/hdl/rtl/sptg_synchronizer.sv" into library perf_axi_tg_v1_0_15
INFO: [VRFC 10-311] analyzing module sptg_synchronizer
INFO: [VRFC 10-2263] Analyzing SystemVerilog file "/home/younas/Documents/Vivado/hbm_module_2_synth_impl/hbm_module_2_synth_impl.gen/sources_1/bd/design_1/ipshared/9cb8/hdl/sim_trig_v1_0_vl_rfs.sv" into library sim_trig_v1_0_13
INFO: [VRFC 10-311] analyzing module APB_to_VIO2
INFO: [VRFC 10-311] analyzing module sim_trig_pulse_stretcher
INFO: [VRFC 10-311] analyzing module sim_trig_pulse_generator
INFO: [VRFC 10-311] analyzing module bridge_logic
INFO: [VRFC 10-311] analyzing module sim_trig_synchronizer
INFO: [VRFC 10-2263] Analyzing SystemVerilog file "/home/younas/Documents/Vivado/hbm_module_2_synth_impl/hbm_module_2_synth_impl.gen/sources_1/bd/design_1/ipshared/3f57/hdl/axi_pmon_v1_0_vl_rfs.sv" into library axi_pmon_v1_0_2
INFO: [VRFC 10-311] analyzing module axi_pmon_v1_0_2
INFO: [VRFC 10-311] analyzing module axi_pmon
INFO: [VRFC 10-2263] Analyzing Verilog file "/home/younas/Documents/Vivado/hbm_module_2_synth_impl/hbm_module_2_synth_impl.gen/sources_1/bd/design_1/ipshared/b54f/hdl/axis_dbg_stub_v1_0_rfs.v" into library axis_dbg_stub_v1_0_1
INFO: [VRFC 10-311] analyzing module axis_dbg_stub_v1_0_1_axis_dbg_stub
INFO: [VRFC 10-2263] Analyzing Verilog file "/home/younas/Documents/Vivado/hbm_module_2_synth_impl/hbm_module_2_synth_impl.gen/sources_1/bd/design_1/ipshared/7899/hdl/axis_dbg_sync_v1_0_vl_rfs.v" into library axis_dbg_sync_v1_0_1
INFO: [VRFC 10-311] analyzing module axis_dbg_sync_v1_0_1_axis_dbg_sync
INFO: [VRFC 10-2263] Analyzing SystemVerilog file "/home/younas/Documents/Vivado/hbm_module_2_synth_impl/hbm_module_2_synth_impl.gen/sources_1/bd/design_1/ipshared/2997/hdl/axis_vio_v1_0_rfs.sv" into library axis_vio_v1_0_12
INFO: [VRFC 10-311] analyzing module axis_vio_v1_0_12_probe_in
INFO: [VRFC 10-311] analyzing module axis_vio_v1_0_12_probe_out_all
INFO: [VRFC 10-311] analyzing module axis_vio_v1_0_12_valid_last_gen
INFO: [VRFC 10-311] analyzing module axis_vio_v1_0_12_reg_array
INFO: [VRFC 10-311] analyzing module axis_vio_v1_0_12_vio
INFO: [VRFC 10-311] analyzing module axis_vio_v1_0_12_clk_status
INFO: [VRFC 10-2263] Analyzing SystemVerilog file "/home/younas/Documents/Vivado/hbm_module_2_synth_impl/hbm_module_2_synth_impl.gen/sources_1/bd/design_1/ipshared/f0b6/hdl/sc_util_v1_0_vl_rfs.sv" into library smartconnect_v1_0
INFO: [VRFC 10-311] analyzing module sc_util_v1_0_4_fifo
INFO: [VRFC 10-311] analyzing module sc_util_v1_0_4_vcafifo
INFO: [VRFC 10-311] analyzing module sc_util_v1_0_4_vcafifo_progfull
INFO: [VRFC 10-311] analyzing module sc_util_v1_0_4_afifo_meta
INFO: [VRFC 10-311] analyzing module sc_util_v1_0_4_mux
INFO: [VRFC 10-311] analyzing module sc_util_v1_0_4_standard_mux16
INFO: [VRFC 10-311] analyzing module sc_util_v1_0_4_pipeline
INFO: [VRFC 10-311] analyzing module sc_util_v1_0_4_onehot_to_binary
INFO: [VRFC 10-311] analyzing module sc_util_v1_0_4_counter
INFO: [VRFC 10-311] analyzing module sc_util_v1_0_4_sample_cycle_ratio
INFO: [VRFC 10-311] analyzing module sc_util_v1_0_4_fifo_output_reg
INFO: [VRFC 10-311] analyzing module sc_util_v1_0_4_xpm_memory_fifo
INFO: [VRFC 10-311] analyzing module sc_util_v1_0_4_xpm_fifo_wrapper
INFO: [VRFC 10-311] analyzing module sc_util_v1_0_4_axic_fifo
INFO: [VRFC 10-311] analyzing module sc_util_v1_0_4_axi_splitter
INFO: [VRFC 10-311] analyzing module sc_util_v1_0_4_axi2vector
INFO: [VRFC 10-311] analyzing module sc_util_v1_0_4_vector2axi
INFO: [VRFC 10-311] analyzing module sc_util_v1_0_4_axi_reg_stall
INFO: [VRFC 10-311] analyzing module sc_util_v1_0_4_srl_rtl
INFO: [VRFC 10-311] analyzing module sc_util_v1_0_4_axic_reg_srl_fifo
INFO: [VRFC 10-311] analyzing module sc_util_v1_0_4_axic_register_slice
INFO: [VRFC 10-2263] Analyzing SystemVerilog file "/home/younas/Documents/Vivado/hbm_module_2_synth_impl/hbm_module_2_synth_impl.gen/sources_1/bd/design_1/ipshared/f49a/hdl/sc_mmu_v1_0_vl_rfs.sv" into library smartconnect_v1_0
INFO: [VRFC 10-311] analyzing module sc_mmu_v1_0_14_addr_decoder
INFO: [VRFC 10-311] analyzing module sc_mmu_v1_0_14_decerr_slave
INFO: [VRFC 10-311] analyzing module sc_mmu_v1_0_14_top
INFO: [VRFC 10-2263] Analyzing SystemVerilog file "/home/younas/Documents/Vivado/hbm_module_2_synth_impl/hbm_module_2_synth_impl.gen/sources_1/bd/design_1/ipshared/2da8/hdl/sc_transaction_regulator_v1_0_vl_rfs.sv" into library smartconnect_v1_0
INFO: [VRFC 10-311] analyzing module sc_transaction_regulator_v1_0_11_singleorder
INFO: [VRFC 10-311] analyzing module sc_transaction_regulator_v1_0_11_multithread
INFO: [VRFC 10-311] analyzing module sc_transaction_regulator_v1_0_11_top
INFO: [VRFC 10-2263] Analyzing SystemVerilog file "/home/younas/Documents/Vivado/hbm_module_2_synth_impl/hbm_module_2_synth_impl.gen/sources_1/bd/design_1/ipshared/63ed/hdl/sc_si_converter_v1_0_vl_rfs.sv" into library smartconnect_v1_0
INFO: [VRFC 10-311] analyzing module sc_si_converter_v1_0_14_arb_alg_rr
INFO: [VRFC 10-311] analyzing module sc_si_converter_v1_0_14_offset_fifo
INFO: [VRFC 10-311] analyzing module sc_si_converter_v1_0_14_splitter
INFO: [VRFC 10-311] analyzing module sc_si_converter_v1_0_14_wrap_narrow
INFO: [VRFC 10-311] analyzing module sc_si_converter_v1_0_14_axilite_conv
INFO: [VRFC 10-311] analyzing module sc_si_converter_v1_0_14_top
INFO: [VRFC 10-2263] Analyzing SystemVerilog file "/home/younas/Documents/Vivado/hbm_module_2_synth_impl/hbm_module_2_synth_impl.gen/sources_1/bd/design_1/ipshared/0127/hdl/sc_node_v1_0_vl_rfs.sv" into library smartconnect_v1_0
INFO: [VRFC 10-311] analyzing module sc_node_v1_0_17_arb_alg_rr
INFO: [VRFC 10-311] analyzing module sc_node_v1_0_17_si_handler
INFO: [VRFC 10-311] analyzing module sc_node_v1_0_17_reg_fifo
INFO: [VRFC 10-311] analyzing module sc_node_v1_0_17_reg_fifo_async
INFO: [VRFC 10-311] analyzing module sc_node_v1_0_17_fifo
INFO: [VRFC 10-311] analyzing module sc_node_v1_0_17_reg_slice3
INFO: [VRFC 10-311] analyzing module sc_node_v1_0_17_ingress
INFO: [VRFC 10-311] analyzing module sc_node_v1_0_17_egress
INFO: [VRFC 10-311] analyzing module sc_node_v1_0_17_downsizer
INFO: [VRFC 10-311] analyzing module sc_node_v1_0_17_fi_regulator
INFO: [VRFC 10-311] analyzing module sc_node_v1_0_17_upsizer
INFO: [VRFC 10-311] analyzing module sc_node_v1_0_17_mi_handler
INFO: [VRFC 10-311] analyzing module sc_node_v1_0_17_top
INFO: [VRFC 10-2263] Analyzing SystemVerilog file "/home/younas/Documents/Vivado/hbm_module_2_synth_impl/hbm_module_2_synth_impl.gen/sources_1/bd/design_1/ipshared/3718/hdl/sc_switchboard_v1_0_vl_rfs.sv" into library smartconnect_v1_0
INFO: [VRFC 10-311] analyzing module sc_switchboard_v1_0_8_top
INFO: [VRFC 10-2263] Analyzing SystemVerilog file "/home/younas/Documents/Vivado/hbm_module_2_synth_impl/hbm_module_2_synth_impl.gen/sources_1/bd/design_1/ipshared/cef3/hdl/sc_axi2sc_v1_0_vl_rfs.sv" into library smartconnect_v1_0
INFO: [VRFC 10-311] analyzing module sc_axi2sc_v1_0_10_top
INFO: [VRFC 10-2263] Analyzing SystemVerilog file "/home/younas/Documents/Vivado/hbm_module_2_synth_impl/hbm_module_2_synth_impl.gen/sources_1/bd/design_1/ipshared/7f4f/hdl/sc_sc2axi_v1_0_vl_rfs.sv" into library smartconnect_v1_0
INFO: [VRFC 10-311] analyzing module sc_sc2axi_v1_0_10_top
INFO: [VRFC 10-2263] Analyzing SystemVerilog file "/home/younas/Documents/Vivado/hbm_module_2_synth_impl/hbm_module_2_synth_impl.gen/sources_1/bd/design_1/ipshared/37bc/hdl/sc_exit_v1_0_vl_rfs.sv" into library smartconnect_v1_0
INFO: [VRFC 10-311] analyzing module sc_exit_v1_0_16_axi2vector
INFO: [VRFC 10-311] analyzing module sc_exit_v1_0_16_axi2vector_with_wid
INFO: [VRFC 10-311] analyzing module sc_exit_v1_0_16_axi3_conv
INFO: [VRFC 10-311] analyzing module sc_exit_v1_0_16_axic_register_slice
INFO: [VRFC 10-311] analyzing module sc_exit_v1_0_16_axi_register_slice
INFO: [VRFC 10-311] analyzing module sc_exit_v1_0_16_axilite_conv
INFO: [VRFC 10-311] analyzing module sc_exit_v1_0_16_exit
INFO: [VRFC 10-311] analyzing module sc_exit_v1_0_16_splitter
INFO: [VRFC 10-311] analyzing module sc_exit_v1_0_16_vector2axi
INFO: [VRFC 10-311] analyzing module sc_exit_v1_0_16_vector2axi_with_wid
INFO: [VRFC 10-311] analyzing module sc_exit_v1_0_16_top
INFO: [VRFC 10-311] analyzing module sc_exit_v1_0_16_multithread
INFO: [VRFC 10-2263] Analyzing SystemVerilog file "/home/younas/Documents/Vivado/hbm_module_2_synth_impl/hbm_module_2_synth_impl.gen/sources_1/bd/design_1/ipshared/b193/hdl/versal_cips_ps_vip_v1_0_rfs.sv" into library versal_cips_ps_vip_v1_0_11
INFO: [VRFC 10-311] analyzing module versal_cips_ps_vip_v1_0_11_bd_427c_s00mmu_0
INFO: [VRFC 10-311] analyzing module versal_cips_ps_vip_v1_0_11_bd_428c_s00mmu_0
INFO: [VRFC 10-311] analyzing module versal_cips_ps_vip_v1_0_11_bd_436c_s00mmu_0
INFO: [VRFC 10-311] analyzing module versal_cips_ps_vip_v1_0_11_bd_439c_s00mmu_0
INFO: [VRFC 10-311] analyzing module versal_cips_ps_vip_v1_0_11_bd_6f5b_s00mmu_0
INFO: [VRFC 10-311] analyzing module versal_cips_ps_vip_v1_0_11_bd_7a9a_s00mmu_0
INFO: [VRFC 10-311] analyzing module versal_cips_ps_vip_v1_0_11_bd_826a_s00mmu_0
INFO: [VRFC 10-311] analyzing module versal_cips_ps_vip_v1_0_11_bd_82dd_s00mmu_0
INFO: [VRFC 10-311] analyzing module versal_cips_ps_vip_v1_0_11_bd_833d_s00mmu_0
INFO: [VRFC 10-311] analyzing module versal_cips_ps_vip_v1_0_11_bd_83cd_s00mmu_0
INFO: [VRFC 10-311] analyzing module versal_cips_ps_vip_v1_0_11_bd_a2bb_s00mmu_0
INFO: [VRFC 10-311] analyzing module versal_cips_ps_vip_v1_0_11_bd_b77a_s00mmu_0
INFO: [VRFC 10-311] analyzing module versal_cips_ps_vip_v1_0_11_bd_427c_s00tr_0
INFO: [VRFC 10-311] analyzing module versal_cips_ps_vip_v1_0_11_bd_428c_s00tr_0
INFO: [VRFC 10-311] analyzing module versal_cips_ps_vip_v1_0_11_bd_436c_s00tr_0
INFO: [VRFC 10-311] analyzing module versal_cips_ps_vip_v1_0_11_bd_439c_s00tr_0
INFO: [VRFC 10-311] analyzing module versal_cips_ps_vip_v1_0_11_bd_6f5b_s00tr_0
INFO: [VRFC 10-311] analyzing module versal_cips_ps_vip_v1_0_11_bd_7a9a_s00tr_0
INFO: [VRFC 10-311] analyzing module versal_cips_ps_vip_v1_0_11_bd_826a_s00tr_0
INFO: [VRFC 10-311] analyzing module versal_cips_ps_vip_v1_0_11_bd_82dd_s00tr_0
INFO: [VRFC 10-311] analyzing module versal_cips_ps_vip_v1_0_11_bd_833d_s00tr_0
INFO: [VRFC 10-311] analyzing module versal_cips_ps_vip_v1_0_11_bd_83cd_s00tr_0
INFO: [VRFC 10-311] analyzing module versal_cips_ps_vip_v1_0_11_bd_a2bb_s00tr_0
INFO: [VRFC 10-311] analyzing module versal_cips_ps_vip_v1_0_11_bd_b77a_s00tr_0
INFO: [VRFC 10-311] analyzing module versal_cips_ps_vip_v1_0_11_bd_427c_s00sic_0
INFO: [VRFC 10-311] analyzing module versal_cips_ps_vip_v1_0_11_bd_428c_s00sic_0
INFO: [VRFC 10-311] analyzing module versal_cips_ps_vip_v1_0_11_bd_436c_s00sic_0
INFO: [VRFC 10-311] analyzing module versal_cips_ps_vip_v1_0_11_bd_439c_s00sic_0
INFO: [VRFC 10-311] analyzing module versal_cips_ps_vip_v1_0_11_bd_6f5b_s00sic_0
INFO: [VRFC 10-311] analyzing module versal_cips_ps_vip_v1_0_11_bd_7a9a_s00sic_0
INFO: [VRFC 10-311] analyzing module versal_cips_ps_vip_v1_0_11_bd_826a_s00sic_0
INFO: [VRFC 10-311] analyzing module versal_cips_ps_vip_v1_0_11_bd_82dd_s00sic_0
INFO: [VRFC 10-311] analyzing module versal_cips_ps_vip_v1_0_11_bd_833d_s00sic_0
INFO: [VRFC 10-311] analyzing module versal_cips_ps_vip_v1_0_11_bd_83cd_s00sic_0
INFO: [VRFC 10-311] analyzing module versal_cips_ps_vip_v1_0_11_bd_a2bb_s00sic_0
INFO: [VRFC 10-311] analyzing module versal_cips_ps_vip_v1_0_11_bd_b77a_s00sic_0
INFO: [VRFC 10-311] analyzing module versal_cips_ps_vip_v1_0_11_bd_427c_s00a2s_0
INFO: [VRFC 10-311] analyzing module versal_cips_ps_vip_v1_0_11_bd_428c_s00a2s_0
INFO: [VRFC 10-311] analyzing module versal_cips_ps_vip_v1_0_11_bd_436c_s00a2s_0
INFO: [VRFC 10-311] analyzing module versal_cips_ps_vip_v1_0_11_bd_439c_s00a2s_0
INFO: [VRFC 10-311] analyzing module versal_cips_ps_vip_v1_0_11_bd_6f5b_s00a2s_0
INFO: [VRFC 10-311] analyzing module versal_cips_ps_vip_v1_0_11_bd_7a9a_s00a2s_0
INFO: [VRFC 10-311] analyzing module versal_cips_ps_vip_v1_0_11_bd_826a_s00a2s_0
INFO: [VRFC 10-311] analyzing module versal_cips_ps_vip_v1_0_11_bd_82dd_s00a2s_0
INFO: [VRFC 10-311] analyzing module versal_cips_ps_vip_v1_0_11_bd_833d_s00a2s_0
INFO: [VRFC 10-311] analyzing module versal_cips_ps_vip_v1_0_11_bd_83cd_s00a2s_0
INFO: [VRFC 10-311] analyzing module versal_cips_ps_vip_v1_0_11_bd_a2bb_s00a2s_0
INFO: [VRFC 10-311] analyzing module versal_cips_ps_vip_v1_0_11_bd_b77a_s00a2s_0
INFO: [VRFC 10-311] analyzing module versal_cips_ps_vip_v1_0_11_bd_427c_sawn_0
INFO: [VRFC 10-311] analyzing module versal_cips_ps_vip_v1_0_11_bd_428c_sawn_0
INFO: [VRFC 10-311] analyzing module versal_cips_ps_vip_v1_0_11_bd_436c_sawn_0
INFO: [VRFC 10-311] analyzing module versal_cips_ps_vip_v1_0_11_bd_439c_sawn_0
INFO: [VRFC 10-311] analyzing module versal_cips_ps_vip_v1_0_11_bd_6f5b_sawn_0
INFO: [VRFC 10-311] analyzing module versal_cips_ps_vip_v1_0_11_bd_7a9a_sawn_0
INFO: [VRFC 10-311] analyzing module versal_cips_ps_vip_v1_0_11_bd_826a_sawn_0
INFO: [VRFC 10-311] analyzing module versal_cips_ps_vip_v1_0_11_bd_82dd_sawn_0
INFO: [VRFC 10-311] analyzing module versal_cips_ps_vip_v1_0_11_bd_833d_sawn_0
INFO: [VRFC 10-311] analyzing module versal_cips_ps_vip_v1_0_11_bd_83cd_sawn_0
INFO: [VRFC 10-311] analyzing module versal_cips_ps_vip_v1_0_11_bd_a2bb_sawn_0
INFO: [VRFC 10-311] analyzing module versal_cips_ps_vip_v1_0_11_bd_b77a_sawn_0
INFO: [VRFC 10-311] analyzing module versal_cips_ps_vip_v1_0_11_bd_427c_sarn_0
INFO: [VRFC 10-311] analyzing module versal_cips_ps_vip_v1_0_11_bd_428c_sarn_0
INFO: [VRFC 10-311] analyzing module versal_cips_ps_vip_v1_0_11_bd_436c_sarn_0
INFO: [VRFC 10-311] analyzing module versal_cips_ps_vip_v1_0_11_bd_439c_sarn_0
INFO: [VRFC 10-311] analyzing module versal_cips_ps_vip_v1_0_11_bd_6f5b_sarn_0
INFO: [VRFC 10-311] analyzing module versal_cips_ps_vip_v1_0_11_bd_7a9a_sarn_0
INFO: [VRFC 10-311] analyzing module versal_cips_ps_vip_v1_0_11_bd_826a_sarn_0
INFO: [VRFC 10-311] analyzing module versal_cips_ps_vip_v1_0_11_bd_82dd_sarn_0
INFO: [VRFC 10-311] analyzing module versal_cips_ps_vip_v1_0_11_bd_833d_sarn_0
INFO: [VRFC 10-311] analyzing module versal_cips_ps_vip_v1_0_11_bd_83cd_sarn_0
INFO: [VRFC 10-311] analyzing module versal_cips_ps_vip_v1_0_11_bd_a2bb_sarn_0
INFO: [VRFC 10-311] analyzing module versal_cips_ps_vip_v1_0_11_bd_b77a_sarn_0
INFO: [VRFC 10-311] analyzing module versal_cips_ps_vip_v1_0_11_bd_427c_swn_0
INFO: [VRFC 10-311] analyzing module versal_cips_ps_vip_v1_0_11_bd_428c_swn_0
INFO: [VRFC 10-311] analyzing module versal_cips_ps_vip_v1_0_11_bd_436c_swn_0
INFO: [VRFC 10-311] analyzing module versal_cips_ps_vip_v1_0_11_bd_439c_swn_0
INFO: [VRFC 10-311] analyzing module versal_cips_ps_vip_v1_0_11_bd_6f5b_swn_0
INFO: [VRFC 10-311] analyzing module versal_cips_ps_vip_v1_0_11_bd_7a9a_swn_0
INFO: [VRFC 10-311] analyzing module versal_cips_ps_vip_v1_0_11_bd_826a_swn_0
INFO: [VRFC 10-311] analyzing module versal_cips_ps_vip_v1_0_11_bd_82dd_swn_0
INFO: [VRFC 10-311] analyzing module versal_cips_ps_vip_v1_0_11_bd_833d_swn_0
INFO: [VRFC 10-311] analyzing module versal_cips_ps_vip_v1_0_11_bd_83cd_swn_0
INFO: [VRFC 10-311] analyzing module versal_cips_ps_vip_v1_0_11_bd_a2bb_swn_0
INFO: [VRFC 10-311] analyzing module versal_cips_ps_vip_v1_0_11_bd_b77a_swn_0
INFO: [VRFC 10-311] analyzing module versal_cips_ps_vip_v1_0_11_bd_427c_srn_0
INFO: [VRFC 10-311] analyzing module versal_cips_ps_vip_v1_0_11_bd_428c_srn_0
INFO: [VRFC 10-311] analyzing module versal_cips_ps_vip_v1_0_11_bd_436c_srn_0
INFO: [VRFC 10-311] analyzing module versal_cips_ps_vip_v1_0_11_bd_439c_srn_0
INFO: [VRFC 10-311] analyzing module versal_cips_ps_vip_v1_0_11_bd_6f5b_srn_0
INFO: [VRFC 10-311] analyzing module versal_cips_ps_vip_v1_0_11_bd_7a9a_srn_0
INFO: [VRFC 10-311] analyzing module versal_cips_ps_vip_v1_0_11_bd_826a_srn_0
INFO: [VRFC 10-311] analyzing module versal_cips_ps_vip_v1_0_11_bd_82dd_srn_0
INFO: [VRFC 10-311] analyzing module versal_cips_ps_vip_v1_0_11_bd_833d_srn_0
INFO: [VRFC 10-311] analyzing module versal_cips_ps_vip_v1_0_11_bd_83cd_srn_0
INFO: [VRFC 10-311] analyzing module versal_cips_ps_vip_v1_0_11_bd_a2bb_srn_0
INFO: [VRFC 10-311] analyzing module versal_cips_ps_vip_v1_0_11_bd_b77a_srn_0
INFO: [VRFC 10-311] analyzing module versal_cips_ps_vip_v1_0_11_bd_427c_sbn_0
INFO: [VRFC 10-311] analyzing module versal_cips_ps_vip_v1_0_11_bd_428c_sbn_0
INFO: [VRFC 10-311] analyzing module versal_cips_ps_vip_v1_0_11_bd_436c_sbn_0
INFO: [VRFC 10-311] analyzing module versal_cips_ps_vip_v1_0_11_bd_439c_sbn_0
INFO: [VRFC 10-311] analyzing module versal_cips_ps_vip_v1_0_11_bd_6f5b_sbn_0
INFO: [VRFC 10-311] analyzing module versal_cips_ps_vip_v1_0_11_bd_7a9a_sbn_0
INFO: [VRFC 10-311] analyzing module versal_cips_ps_vip_v1_0_11_bd_826a_sbn_0
INFO: [VRFC 10-311] analyzing module versal_cips_ps_vip_v1_0_11_bd_82dd_sbn_0
INFO: [VRFC 10-311] analyzing module versal_cips_ps_vip_v1_0_11_bd_833d_sbn_0
INFO: [VRFC 10-311] analyzing module versal_cips_ps_vip_v1_0_11_bd_83cd_sbn_0
INFO: [VRFC 10-311] analyzing module versal_cips_ps_vip_v1_0_11_bd_a2bb_sbn_0
INFO: [VRFC 10-311] analyzing module versal_cips_ps_vip_v1_0_11_bd_b77a_sbn_0
INFO: [VRFC 10-311] analyzing module versal_cips_ps_vip_v1_0_11_bd_83cd_arsw_0
INFO: [VRFC 10-311] analyzing module versal_cips_ps_vip_v1_0_11_bd_83cd_awsw_0
INFO: [VRFC 10-311] analyzing module versal_cips_ps_vip_v1_0_11_bd_83cd_bsw_0
INFO: [VRFC 10-311] analyzing module versal_cips_ps_vip_v1_0_11_bd_83cd_rsw_0
INFO: [VRFC 10-311] analyzing module versal_cips_ps_vip_v1_0_11_bd_83cd_wsw_0
INFO: [VRFC 10-311] analyzing module versal_cips_ps_vip_v1_0_11_bd_83cd_m00awn_0
INFO: [VRFC 10-311] analyzing module versal_cips_ps_vip_v1_0_11_bd_83cd_m01awn_0
INFO: [VRFC 10-311] analyzing module versal_cips_ps_vip_v1_0_11_bd_83cd_m02awn_0
INFO: [VRFC 10-311] analyzing module versal_cips_ps_vip_v1_0_11_bd_83cd_m03awn_0
INFO: [VRFC 10-311] analyzing module versal_cips_ps_vip_v1_0_11_bd_83cd_m04awn_0
INFO: [VRFC 10-311] analyzing module versal_cips_ps_vip_v1_0_11_bd_83cd_m05awn_0
INFO: [VRFC 10-311] analyzing module versal_cips_ps_vip_v1_0_11_bd_83cd_m06awn_0
INFO: [VRFC 10-311] analyzing module versal_cips_ps_vip_v1_0_11_bd_83cd_m07awn_0
INFO: [VRFC 10-311] analyzing module versal_cips_ps_vip_v1_0_11_bd_83cd_m08awn_0
INFO: [VRFC 10-311] analyzing module versal_cips_ps_vip_v1_0_11_bd_83cd_m09awn_0
INFO: [VRFC 10-311] analyzing module versal_cips_ps_vip_v1_0_11_bd_83cd_m10awn_0
INFO: [VRFC 10-311] analyzing module versal_cips_ps_vip_v1_0_11_bd_83cd_m11awn_0
INFO: [VRFC 10-311] analyzing module versal_cips_ps_vip_v1_0_11_bd_83cd_m12awn_0
INFO: [VRFC 10-311] analyzing module versal_cips_ps_vip_v1_0_11_bd_83cd_m13awn_0
INFO: [VRFC 10-311] analyzing module versal_cips_ps_vip_v1_0_11_bd_83cd_m00arn_0
INFO: [VRFC 10-311] analyzing module versal_cips_ps_vip_v1_0_11_bd_83cd_m01arn_0
INFO: [VRFC 10-311] analyzing module versal_cips_ps_vip_v1_0_11_bd_83cd_m02arn_0
INFO: [VRFC 10-311] analyzing module versal_cips_ps_vip_v1_0_11_bd_83cd_m03arn_0
INFO: [VRFC 10-311] analyzing module versal_cips_ps_vip_v1_0_11_bd_83cd_m04arn_0
INFO: [VRFC 10-311] analyzing module versal_cips_ps_vip_v1_0_11_bd_83cd_m05arn_0
INFO: [VRFC 10-311] analyzing module versal_cips_ps_vip_v1_0_11_bd_83cd_m06arn_0
INFO: [VRFC 10-311] analyzing module versal_cips_ps_vip_v1_0_11_bd_83cd_m07arn_0
INFO: [VRFC 10-311] analyzing module versal_cips_ps_vip_v1_0_11_bd_83cd_m08arn_0
INFO: [VRFC 10-311] analyzing module versal_cips_ps_vip_v1_0_11_bd_83cd_m09arn_0
INFO: [VRFC 10-311] analyzing module versal_cips_ps_vip_v1_0_11_bd_83cd_m10arn_0
INFO: [VRFC 10-311] analyzing module versal_cips_ps_vip_v1_0_11_bd_83cd_m11arn_0
INFO: [VRFC 10-311] analyzing module versal_cips_ps_vip_v1_0_11_bd_83cd_m12arn_0
INFO: [VRFC 10-311] analyzing module versal_cips_ps_vip_v1_0_11_bd_83cd_m13arn_0
INFO: [VRFC 10-311] analyzing module versal_cips_ps_vip_v1_0_11_bd_83cd_m00wn_0
INFO: [VRFC 10-311] analyzing module versal_cips_ps_vip_v1_0_11_bd_83cd_m01wn_0
INFO: [VRFC 10-311] analyzing module versal_cips_ps_vip_v1_0_11_bd_83cd_m02wn_0
INFO: [VRFC 10-311] analyzing module versal_cips_ps_vip_v1_0_11_bd_83cd_m03wn_0
INFO: [VRFC 10-311] analyzing module versal_cips_ps_vip_v1_0_11_bd_83cd_m04wn_0
INFO: [VRFC 10-311] analyzing module versal_cips_ps_vip_v1_0_11_bd_83cd_m05wn_0
INFO: [VRFC 10-311] analyzing module versal_cips_ps_vip_v1_0_11_bd_83cd_m06wn_0
INFO: [VRFC 10-311] analyzing module versal_cips_ps_vip_v1_0_11_bd_83cd_m07wn_0
INFO: [VRFC 10-311] analyzing module versal_cips_ps_vip_v1_0_11_bd_83cd_m08wn_0
INFO: [VRFC 10-311] analyzing module versal_cips_ps_vip_v1_0_11_bd_83cd_m09wn_0
INFO: [VRFC 10-311] analyzing module versal_cips_ps_vip_v1_0_11_bd_83cd_m10wn_0
INFO: [VRFC 10-311] analyzing module versal_cips_ps_vip_v1_0_11_bd_83cd_m11wn_0
INFO: [VRFC 10-311] analyzing module versal_cips_ps_vip_v1_0_11_bd_83cd_m12wn_0
INFO: [VRFC 10-311] analyzing module versal_cips_ps_vip_v1_0_11_bd_83cd_m13wn_0
INFO: [VRFC 10-311] analyzing module versal_cips_ps_vip_v1_0_11_bd_83cd_m00rn_0
INFO: [VRFC 10-311] analyzing module versal_cips_ps_vip_v1_0_11_bd_83cd_m01rn_0
INFO: [VRFC 10-311] analyzing module versal_cips_ps_vip_v1_0_11_bd_83cd_m02rn_0
INFO: [VRFC 10-311] analyzing module versal_cips_ps_vip_v1_0_11_bd_83cd_m03rn_0
INFO: [VRFC 10-311] analyzing module versal_cips_ps_vip_v1_0_11_bd_83cd_m04rn_0
INFO: [VRFC 10-311] analyzing module versal_cips_ps_vip_v1_0_11_bd_83cd_m05rn_0
INFO: [VRFC 10-311] analyzing module versal_cips_ps_vip_v1_0_11_bd_83cd_m06rn_0
INFO: [VRFC 10-311] analyzing module versal_cips_ps_vip_v1_0_11_bd_83cd_m07rn_0
INFO: [VRFC 10-311] analyzing module versal_cips_ps_vip_v1_0_11_bd_83cd_m08rn_0
INFO: [VRFC 10-311] analyzing module versal_cips_ps_vip_v1_0_11_bd_83cd_m09rn_0
INFO: [VRFC 10-311] analyzing module versal_cips_ps_vip_v1_0_11_bd_83cd_m10rn_0
INFO: [VRFC 10-311] analyzing module versal_cips_ps_vip_v1_0_11_bd_83cd_m11rn_0
INFO: [VRFC 10-311] analyzing module versal_cips_ps_vip_v1_0_11_bd_83cd_m12rn_0
INFO: [VRFC 10-311] analyzing module versal_cips_ps_vip_v1_0_11_bd_83cd_m13rn_0
INFO: [VRFC 10-311] analyzing module versal_cips_ps_vip_v1_0_11_bd_83cd_m00bn_0
INFO: [VRFC 10-311] analyzing module versal_cips_ps_vip_v1_0_11_bd_83cd_m01bn_0
INFO: [VRFC 10-311] analyzing module versal_cips_ps_vip_v1_0_11_bd_83cd_m02bn_0
INFO: [VRFC 10-311] analyzing module versal_cips_ps_vip_v1_0_11_bd_83cd_m03bn_0
INFO: [VRFC 10-311] analyzing module versal_cips_ps_vip_v1_0_11_bd_83cd_m04bn_0
INFO: [VRFC 10-311] analyzing module versal_cips_ps_vip_v1_0_11_bd_83cd_m05bn_0
INFO: [VRFC 10-311] analyzing module versal_cips_ps_vip_v1_0_11_bd_83cd_m06bn_0
INFO: [VRFC 10-311] analyzing module versal_cips_ps_vip_v1_0_11_bd_83cd_m07bn_0
INFO: [VRFC 10-311] analyzing module versal_cips_ps_vip_v1_0_11_bd_83cd_m08bn_0
INFO: [VRFC 10-311] analyzing module versal_cips_ps_vip_v1_0_11_bd_83cd_m09bn_0
INFO: [VRFC 10-311] analyzing module versal_cips_ps_vip_v1_0_11_bd_83cd_m10bn_0
INFO: [VRFC 10-311] analyzing module versal_cips_ps_vip_v1_0_11_bd_83cd_m11bn_0
INFO: [VRFC 10-311] analyzing module versal_cips_ps_vip_v1_0_11_bd_83cd_m12bn_0
INFO: [VRFC 10-311] analyzing module versal_cips_ps_vip_v1_0_11_bd_83cd_m13bn_0
INFO: [VRFC 10-311] analyzing module versal_cips_ps_vip_v1_0_11_bd_427c_m00s2a_0
INFO: [VRFC 10-311] analyzing module versal_cips_ps_vip_v1_0_11_bd_428c_m00s2a_0
INFO: [VRFC 10-311] analyzing module versal_cips_ps_vip_v1_0_11_bd_436c_m00s2a_0
INFO: [VRFC 10-311] analyzing module versal_cips_ps_vip_v1_0_11_bd_439c_m00s2a_0
INFO: [VRFC 10-311] analyzing module versal_cips_ps_vip_v1_0_11_bd_6f5b_m00s2a_0
INFO: [VRFC 10-311] analyzing module versal_cips_ps_vip_v1_0_11_bd_7a9a_m00s2a_0
INFO: [VRFC 10-311] analyzing module versal_cips_ps_vip_v1_0_11_bd_826a_m00s2a_0
INFO: [VRFC 10-311] analyzing module versal_cips_ps_vip_v1_0_11_bd_82dd_m00s2a_0
INFO: [VRFC 10-311] analyzing module versal_cips_ps_vip_v1_0_11_bd_833d_m00s2a_0
INFO: [VRFC 10-311] analyzing module versal_cips_ps_vip_v1_0_11_bd_83cd_m00s2a_0
INFO: [VRFC 10-311] analyzing module versal_cips_ps_vip_v1_0_11_bd_83cd_m01s2a_0
INFO: [VRFC 10-311] analyzing module versal_cips_ps_vip_v1_0_11_bd_83cd_m02s2a_0
INFO: [VRFC 10-311] analyzing module versal_cips_ps_vip_v1_0_11_bd_83cd_m03s2a_0
INFO: [VRFC 10-311] analyzing module versal_cips_ps_vip_v1_0_11_bd_83cd_m04s2a_0
INFO: [VRFC 10-311] analyzing module versal_cips_ps_vip_v1_0_11_bd_83cd_m05s2a_0
INFO: [VRFC 10-311] analyzing module versal_cips_ps_vip_v1_0_11_bd_83cd_m06s2a_0
INFO: [VRFC 10-311] analyzing module versal_cips_ps_vip_v1_0_11_bd_83cd_m07s2a_0
INFO: [VRFC 10-311] analyzing module versal_cips_ps_vip_v1_0_11_bd_83cd_m08s2a_0
INFO: [VRFC 10-311] analyzing module versal_cips_ps_vip_v1_0_11_bd_83cd_m09s2a_0
INFO: [VRFC 10-311] analyzing module versal_cips_ps_vip_v1_0_11_bd_83cd_m10s2a_0
INFO: [VRFC 10-311] analyzing module versal_cips_ps_vip_v1_0_11_bd_83cd_m11s2a_0
INFO: [VRFC 10-311] analyzing module versal_cips_ps_vip_v1_0_11_bd_83cd_m12s2a_0
INFO: [VRFC 10-311] analyzing module versal_cips_ps_vip_v1_0_11_bd_83cd_m13s2a_0
INFO: [VRFC 10-311] analyzing module versal_cips_ps_vip_v1_0_11_bd_a2bb_m00s2a_0
INFO: [VRFC 10-311] analyzing module versal_cips_ps_vip_v1_0_11_bd_b77a_m00s2a_0
INFO: [VRFC 10-311] analyzing module versal_cips_ps_vip_v1_0_11_bd_427c_m00e_0
INFO: [VRFC 10-311] analyzing module versal_cips_ps_vip_v1_0_11_bd_428c_m00e_0
INFO: [VRFC 10-311] analyzing module versal_cips_ps_vip_v1_0_11_bd_436c_m00e_0
INFO: [VRFC 10-311] analyzing module versal_cips_ps_vip_v1_0_11_bd_439c_m00e_0
INFO: [VRFC 10-311] analyzing module versal_cips_ps_vip_v1_0_11_bd_6f5b_m00e_0
INFO: [VRFC 10-311] analyzing module versal_cips_ps_vip_v1_0_11_bd_7a9a_m00e_0
INFO: [VRFC 10-311] analyzing module versal_cips_ps_vip_v1_0_11_bd_826a_m00e_0
INFO: [VRFC 10-311] analyzing module versal_cips_ps_vip_v1_0_11_bd_82dd_m00e_0
INFO: [VRFC 10-311] analyzing module versal_cips_ps_vip_v1_0_11_bd_833d_m00e_0
INFO: [VRFC 10-311] analyzing module versal_cips_ps_vip_v1_0_11_bd_83cd_m00e_0
INFO: [VRFC 10-311] analyzing module versal_cips_ps_vip_v1_0_11_bd_83cd_m01e_0
INFO: [VRFC 10-311] analyzing module versal_cips_ps_vip_v1_0_11_bd_83cd_m02e_0
INFO: [VRFC 10-311] analyzing module versal_cips_ps_vip_v1_0_11_bd_83cd_m03e_0
INFO: [VRFC 10-311] analyzing module versal_cips_ps_vip_v1_0_11_bd_83cd_m04e_0
INFO: [VRFC 10-311] analyzing module versal_cips_ps_vip_v1_0_11_bd_83cd_m05e_0
INFO: [VRFC 10-311] analyzing module versal_cips_ps_vip_v1_0_11_bd_83cd_m06e_0
INFO: [VRFC 10-311] analyzing module versal_cips_ps_vip_v1_0_11_bd_83cd_m07e_0
INFO: [VRFC 10-311] analyzing module versal_cips_ps_vip_v1_0_11_bd_83cd_m08e_0
INFO: [VRFC 10-311] analyzing module versal_cips_ps_vip_v1_0_11_bd_83cd_m09e_0
INFO: [VRFC 10-311] analyzing module versal_cips_ps_vip_v1_0_11_bd_83cd_m10e_0
INFO: [VRFC 10-311] analyzing module versal_cips_ps_vip_v1_0_11_bd_83cd_m11e_0
INFO: [VRFC 10-311] analyzing module versal_cips_ps_vip_v1_0_11_bd_83cd_m12e_0
INFO: [VRFC 10-311] analyzing module versal_cips_ps_vip_v1_0_11_bd_83cd_m13e_0
INFO: [VRFC 10-311] analyzing module versal_cips_ps_vip_v1_0_11_bd_a2bb_m00e_0
INFO: [VRFC 10-311] analyzing module versal_cips_ps_vip_v1_0_11_bd_b77a_m00e_0
INFO: [VRFC 10-311] analyzing module versal_cips_ps_vip_v1_0_11_bd_427c
INFO: [VRFC 10-311] analyzing module versal_cips_ps_vip_v1_0_11_clk_map_imp_FG09ES
INFO: [VRFC 10-311] analyzing module versal_cips_ps_vip_v1_0_11_m00_exit_pipeline_imp_1LFXP4V
INFO: [VRFC 10-311] analyzing module versal_cips_ps_vip_v1_0_11_s00_entry_pipeline_imp_L4Z918
INFO: [VRFC 10-311] analyzing module versal_cips_ps_vip_v1_0_11_s00_nodes_imp_OUV2P2
INFO: [VRFC 10-311] analyzing module versal_cips_ps_vip_v1_0_11_bd_428c
INFO: [VRFC 10-311] analyzing module versal_cips_ps_vip_v1_0_11_clk_map_imp_1CVYGKR
INFO: [VRFC 10-311] analyzing module versal_cips_ps_vip_v1_0_11_m00_exit_pipeline_imp_K5E01C
INFO: [VRFC 10-311] analyzing module versal_cips_ps_vip_v1_0_11_s00_entry_pipeline_imp_1KIUP4J
INFO: [VRFC 10-311] analyzing module versal_cips_ps_vip_v1_0_11_s00_nodes_imp_1PM1VVT
INFO: [VRFC 10-311] analyzing module versal_cips_ps_vip_v1_0_11_bd_436c
INFO: [VRFC 10-311] analyzing module versal_cips_ps_vip_v1_0_11_clk_map_imp_D5UY1E
INFO: [VRFC 10-311] analyzing module versal_cips_ps_vip_v1_0_11_m00_exit_pipeline_imp_1NWAVPL
INFO: [VRFC 10-311] analyzing module versal_cips_ps_vip_v1_0_11_s00_entry_pipeline_imp_NKNUOA
INFO: [VRFC 10-311] analyzing module versal_cips_ps_vip_v1_0_11_s00_nodes_imp_I4CLXS
INFO: [VRFC 10-311] analyzing module versal_cips_ps_vip_v1_0_11_bd_439c
INFO: [VRFC 10-311] analyzing module versal_cips_ps_vip_v1_0_11_clk_map_imp_1AV6IVX
INFO: [VRFC 10-311] analyzing module versal_cips_ps_vip_v1_0_11_m00_exit_pipeline_imp_M9W98M
INFO: [VRFC 10-311] analyzing module versal_cips_ps_vip_v1_0_11_s00_entry_pipeline_imp_1MNXBK5
INFO: [VRFC 10-311] analyzing module versal_cips_ps_vip_v1_0_11_s00_nodes_imp_1J65R6N
INFO: [VRFC 10-311] analyzing module versal_cips_ps_vip_v1_0_11_bd_6f5b
INFO: [VRFC 10-311] analyzing module versal_cips_ps_vip_v1_0_11_clk_map_imp_1DPEZBR
INFO: [VRFC 10-311] analyzing module versal_cips_ps_vip_v1_0_11_m00_exit_pipeline_imp_KYM3D8
INFO: [VRFC 10-311] analyzing module versal_cips_ps_vip_v1_0_11_s00_entry_pipeline_imp_1JO2F0V
INFO: [VRFC 10-311] analyzing module versal_cips_ps_vip_v1_0_11_s00_nodes_imp_1PCKJV9
INFO: [VRFC 10-311] analyzing module versal_cips_ps_vip_v1_0_11_bd_7a9a
INFO: [VRFC 10-311] analyzing module versal_cips_ps_vip_v1_0_11_clk_map_imp_GHJ9J5
INFO: [VRFC 10-311] analyzing module versal_cips_ps_vip_v1_0_11_m00_exit_pipeline_imp_1IBGUZE
INFO: [VRFC 10-311] analyzing module versal_cips_ps_vip_v1_0_11_s00_entry_pipeline_imp_I0JGT5
INFO: [VRFC 10-311] analyzing module versal_cips_ps_vip_v1_0_11_s00_nodes_imp_NOBQGZ
INFO: [VRFC 10-311] analyzing module versal_cips_ps_vip_v1_0_11_bd_826a
INFO: [VRFC 10-311] analyzing module versal_cips_ps_vip_v1_0_11_clk_map_imp_12EL5DD
INFO: [VRFC 10-311] analyzing module versal_cips_ps_vip_v1_0_11_m00_exit_pipeline_imp_VUELRE
INFO: [VRFC 10-311] analyzing module versal_cips_ps_vip_v1_0_11_s00_entry_pipeline_imp_1V4J1RD
INFO: [VRFC 10-311] analyzing module versal_cips_ps_vip_v1_0_11_s00_nodes_imp_1RCRSTV
INFO: [VRFC 10-311] analyzing module versal_cips_ps_vip_v1_0_11_bd_82dd
INFO: [VRFC 10-311] analyzing module versal_cips_ps_vip_v1_0_11_clk_map_imp_VS963S
INFO: [VRFC 10-311] analyzing module versal_cips_ps_vip_v1_0_11_m00_exit_pipeline_imp_12BSW6R
INFO: [VRFC 10-311] analyzing module versal_cips_ps_vip_v1_0_11_s00_entry_pipeline_imp_2IC35C
INFO: [VRFC 10-311] analyzing module versal_cips_ps_vip_v1_0_11_s00_nodes_imp_7YNBVU
INFO: [VRFC 10-311] analyzing module versal_cips_ps_vip_v1_0_11_bd_833d
INFO: [VRFC 10-311] analyzing module versal_cips_ps_vip_v1_0_11_clk_map_imp_11DKCR0
INFO: [VRFC 10-311] analyzing module versal_cips_ps_vip_v1_0_11_m00_exit_pipeline_imp_YZM05Z
INFO: [VRFC 10-311] analyzing module versal_cips_ps_vip_v1_0_11_s00_entry_pipeline_imp_1Y95QAC
INFO: [VRFC 10-311] analyzing module versal_cips_ps_vip_v1_0_11_s00_nodes_imp_1SISTVY
INFO: [VRFC 10-311] analyzing module versal_cips_ps_vip_v1_0_11_bd_83cd
INFO: [VRFC 10-311] analyzing module versal_cips_ps_vip_v1_0_11_clk_map_imp_GNVBO8
INFO: [VRFC 10-311] analyzing module versal_cips_ps_vip_v1_0_11_m00_exit_pipeline_imp_1IK2SCJ
INFO: [VRFC 10-311] analyzing module versal_cips_ps_vip_v1_0_11_m00_nodes_imp_15847XR
INFO: [VRFC 10-311] analyzing module versal_cips_ps_vip_v1_0_11_m01_exit_pipeline_imp_1MOZ6PV
INFO: [VRFC 10-311] analyzing module versal_cips_ps_vip_v1_0_11_m01_nodes_imp_2NZ0IH
INFO: [VRFC 10-311] analyzing module versal_cips_ps_vip_v1_0_11_m02_exit_pipeline_imp_1T6SQYR
INFO: [VRFC 10-311] analyzing module versal_cips_ps_vip_v1_0_11_m02_nodes_imp_WQGEWY
INFO: [VRFC 10-311] analyzing module versal_cips_ps_vip_v1_0_11_m03_exit_pipeline_imp_1YFMTDV
INFO: [VRFC 10-311] analyzing module versal_cips_ps_vip_v1_0_11_m03_nodes_imp_1SMYINO
INFO: [VRFC 10-311] analyzing module versal_cips_ps_vip_v1_0_11_m04_exit_pipeline_imp_166BB43
INFO: [VRFC 10-311] analyzing module versal_cips_ps_vip_v1_0_11_m04_nodes_imp_136MH4K
INFO: [VRFC 10-311] analyzing module versal_cips_ps_vip_v1_0_11_m05_exit_pipeline_imp_13PZCN7
INFO: [VRFC 10-311] analyzing module versal_cips_ps_vip_v1_0_11_m05_nodes_imp_4HYYBM
INFO: [VRFC 10-311] analyzing module versal_cips_ps_vip_v1_0_11_m06_exit_pipeline_imp_1EL33PF
INFO: [VRFC 10-311] analyzing module versal_cips_ps_vip_v1_0_11_m06_nodes_imp_U24ZH5
INFO: [VRFC 10-311] analyzing module versal_cips_ps_vip_v1_0_11_m07_exit_pipeline_imp_18SVB5V
INFO: [VRFC 10-311] analyzing module versal_cips_ps_vip_v1_0_11_m07_nodes_imp_1UYSFLB
INFO: [VRFC 10-311] analyzing module versal_cips_ps_vip_v1_0_11_m08_exit_pipeline_imp_YXERYB
INFO: [VRFC 10-311] analyzing module versal_cips_ps_vip_v1_0_11_m08_nodes_imp_1AK4LQX
INFO: [VRFC 10-311] analyzing module versal_cips_ps_vip_v1_0_11_m09_exit_pipeline_imp_TMPADF
INFO: [VRFC 10-311] analyzing module versal_cips_ps_vip_v1_0_11_m09_nodes_imp_GAXXM7
INFO: [VRFC 10-311] analyzing module versal_cips_ps_vip_v1_0_11_m10_exit_pipeline_imp_QL5H3R
INFO: [VRFC 10-311] analyzing module versal_cips_ps_vip_v1_0_11_m10_nodes_imp_CLUH1J
INFO: [VRFC 10-311] analyzing module versal_cips_ps_vip_v1_0_11_m11_exit_pipeline_imp_K8YUC7
INFO: [VRFC 10-311] analyzing module versal_cips_ps_vip_v1_0_11_m11_nodes_imp_1CXS1IP
INFO: [VRFC 10-311] analyzing module versal_cips_ps_vip_v1_0_11_m12_exit_pipeline_imp_VHSSBB
INFO: [VRFC 10-311] analyzing module versal_cips_ps_vip_v1_0_11_m12_nodes_imp_1KLR0X6
INFO: [VRFC 10-311] analyzing module versal_cips_ps_vip_v1_0_11_m13_exit_pipeline_imp_SHHZMF
INFO: [VRFC 10-311] analyzing module versal_cips_ps_vip_v1_0_11_m13_nodes_imp_MHNRBW
INFO: [VRFC 10-311] analyzing module versal_cips_ps_vip_v1_0_11_s00_entry_pipeline_imp_JUJAWW
INFO: [VRFC 10-311] analyzing module versal_cips_ps_vip_v1_0_11_s00_nodes_imp_MT09I2
INFO: [VRFC 10-311] analyzing module versal_cips_ps_vip_v1_0_11_switchboards_imp_G130UM
INFO: [VRFC 10-311] analyzing module versal_cips_ps_vip_v1_0_11_bd_a2bb
INFO: [VRFC 10-311] analyzing module versal_cips_ps_vip_v1_0_11_clk_map_imp_YBJQ2B
INFO: [VRFC 10-311] analyzing module versal_cips_ps_vip_v1_0_11_m00_exit_pipeline_imp_10DPRVS
INFO: [VRFC 10-311] analyzing module versal_cips_ps_vip_v1_0_11_s00_entry_pipeline_imp_25WMJ
INFO: [VRFC 10-311] analyzing module versal_cips_ps_vip_v1_0_11_s00_nodes_imp_5ZB9F5
INFO: [VRFC 10-311] analyzing module versal_cips_ps_vip_v1_0_11_bd_b77a
INFO: [VRFC 10-311] analyzing module versal_cips_ps_vip_v1_0_11_clk_map_imp_DLUDCT
INFO: [VRFC 10-311] analyzing module versal_cips_ps_vip_v1_0_11_m00_exit_pipeline_imp_1JY66DI
INFO: [VRFC 10-311] analyzing module versal_cips_ps_vip_v1_0_11_s00_entry_pipeline_imp_KONUTH
INFO: [VRFC 10-311] analyzing module versal_cips_ps_vip_v1_0_11_s00_nodes_imp_QF0TZZ
INFO: [VRFC 10-311] analyzing module versal_cips_ps_vip_v1_0_11_bd_427c_one_0
INFO: [VRFC 10-311] analyzing module versal_cips_ps_vip_v1_0_11_bd_428c_one_0
INFO: [VRFC 10-311] analyzing module versal_cips_ps_vip_v1_0_11_bd_436c_one_0
INFO: [VRFC 10-311] analyzing module versal_cips_ps_vip_v1_0_11_bd_439c_one_0
INFO: [VRFC 10-311] analyzing module versal_cips_ps_vip_v1_0_11_bd_6f5b_one_0
INFO: [VRFC 10-311] analyzing module versal_cips_ps_vip_v1_0_11_bd_7a9a_one_0
INFO: [VRFC 10-311] analyzing module versal_cips_ps_vip_v1_0_11_bd_826a_one_0
INFO: [VRFC 10-311] analyzing module versal_cips_ps_vip_v1_0_11_bd_82dd_one_0
INFO: [VRFC 10-311] analyzing module versal_cips_ps_vip_v1_0_11_bd_833d_one_0
INFO: [VRFC 10-311] analyzing module versal_cips_ps_vip_v1_0_11_bd_83cd_one_0
INFO: [VRFC 10-311] analyzing module versal_cips_ps_vip_v1_0_11_bd_a2bb_one_0
INFO: [VRFC 10-311] analyzing module versal_cips_ps_vip_v1_0_11_bd_b77a_one_0
INFO: [VRFC 10-311] analyzing module versal_cips_ps_vip_v1_0_11_design_smartconnect_1_0
INFO: [VRFC 10-311] analyzing module versal_cips_ps_vip_v1_0_11_design_smartconnect_2_0
INFO: [VRFC 10-311] analyzing module versal_cips_ps_vip_v1_0_11_design_smartconnect_3_0
INFO: [VRFC 10-311] analyzing module versal_cips_ps_vip_v1_0_11_design_smartconnect_4_0
INFO: [VRFC 10-311] analyzing module versal_cips_ps_vip_v1_0_11_design_smartconnect_5_0
INFO: [VRFC 10-311] analyzing module versal_cips_ps_vip_v1_0_11_design_smartconnect_6_0
INFO: [VRFC 10-311] analyzing module versal_cips_ps_vip_v1_0_11_design_smartconnect_7_0
INFO: [VRFC 10-311] analyzing module versal_cips_ps_vip_v1_0_11_design_sc_psplfpd128x32_0
INFO: [VRFC 10-311] analyzing module versal_cips_ps_vip_v1_0_11_design_sc_psplfpd128x64_0
INFO: [VRFC 10-311] analyzing module versal_cips_ps_vip_v1_0_11_design_sc_pspllpd128x32_0
INFO: [VRFC 10-311] analyzing module versal_cips_ps_vip_v1_0_11_design_sc_pspllpd128x64_0
INFO: [VRFC 10-311] analyzing module versal_cips_ps_vip_v1_0_11_design_sc_axi2apb_slave_side_0
INFO: [VRFC 10-311] analyzing module versal_cips_ps_vip_v1_0_11_design
INFO: [VRFC 10-311] analyzing module versal_cips_ps_vip_v1_0_11_reg_map
INFO: [VRFC 10-311] analyzing module versal_cips_ps_vip_v1_0_11_ocm_mem
INFO: [VRFC 10-311] analyzing module versal_cips_ps_vip_v1_0_11_regc
INFO: [VRFC 10-311] analyzing module versal_cips_ps_vip_v1_0_11_ocmc
INFO: [VRFC 10-311] analyzing module versal_cips_ps_vip_v1_0_11_gen_reset
INFO: [VRFC 10-311] analyzing module versal_cips_ps_vip_v1_0_11_gen_clock
INFO: [VRFC 10-311] analyzing module versal_cips_ps_vip_v1_0_11_axi_slave
INFO: [VRFC 10-311] analyzing module versal_cips_ps_vip_v1_0_11_axi_master
INFO: [VRFC 10-311] analyzing module versal_cips_ps_vip_cci_address_decode
INFO: [VRFC 10-311] analyzing module versal_cips_ps_vip_v1_0_11_mux_design
INFO: [VRFC 10-311] analyzing module versal_cips_ps_vip_v1_0_11
INFO: [VRFC 10-2263] Analyzing SystemVerilog file "/home/younas/Documents/Vivado/hbm_module_2_synth_impl/hbm_module_2_synth_impl.gen/sources_1/bd/design_1/ipshared/a6f0/hdl/cpm4_v1_0_vl_rfs.sv" into library cpm4_v1_0_17
INFO: [VRFC 10-311] analyzing module cpm4_v1_0_17_versal_smsw_sys_clk_gen_ps
INFO: [VRFC 10-311] analyzing module cpm4_v1_0_17_cpm_cq_credit_gen
INFO: [VRFC 10-311] analyzing module cpm4_v1_0_17_cpm_rc_credit_gen
INFO: [VRFC 10-311] analyzing module cpm4_v1_0_17_dma_mgmt_enc
INFO: [VRFC 10-311] analyzing module cpm4_v1_0_17_dma_pcie_byp_in_conv
INFO: [VRFC 10-311] analyzing module cpm4_v1_0_17_dma_pcie_byp_out_conv
INFO: [VRFC 10-311] analyzing module cpm4_v1_0_17_xdma_fab_demux
INFO: [VRFC 10-311] analyzing module cpm4_v1_0_17_dma_tl_mst
INFO: [VRFC 10-311] analyzing module cpm4_v1_0_17_dma_tl_slv
INFO: [VRFC 10-311] analyzing module cpm4_v1_0_17_fifo_lut
INFO: [VRFC 10-311] analyzing module cpm4_v1_0_17_pcie_dbg_probes
INFO: [VRFC 10-311] analyzing module cpm4_v1_0_17_mdma_fab_demux
INFO: [VRFC 10-311] analyzing module cpm4_v1_0_17_pcie4_ip_ctrl1_if
INFO: [VRFC 10-311] analyzing module cpm4_v1_0_17_pciea_axis_demux
INFO: [VRFC 10-311] analyzing module cpm4_v1_0_17_pciea_pipe_rq_cq_mux
INFO: [VRFC 10-311] analyzing module cpm4_v1_0_17_pcie_4_0_vf_decode_attr
INFO: [VRFC 10-311] analyzing module cpm4_v1_0_17_rra
INFO: [VRFC 10-311] analyzing module cpm4_v1_0_17_txfir_remap
INFO: [VRFC 10-311] analyzing module cpm4_v1_0_17_precursor_remap
INFO: [VRFC 10-311] analyzing module cpm4_v1_0_17_postcursor_remap
INFO: [VRFC 10-311] analyzing module cpm4_v1_0_17_xdma_versal_int_shim
INFO: [VRFC 10-2263] Analyzing SystemVerilog file "/home/younas/Documents/Vivado/hbm_module_2_synth_impl/hbm_module_2_synth_impl.gen/sources_1/bd/design_1/ipshared/6acb/hdl/cpm5_v1_0_vl_rfs.sv" into library cpm5_v1_0_17
INFO: [VRFC 10-311] analyzing module cpm5_v1_0_17_versal_smsw_sys_clk_gen_ps
INFO: [VRFC 10-311] analyzing module cpm5_v1_0_17_axi4mm_find_first
INFO: [VRFC 10-311] analyzing module cpm5_v1_0_17_axi4mm_round_robin
INFO: [VRFC 10-311] analyzing module cpm5_v1_0_17_desegmenter
INFO: [VRFC 10-311] analyzing module cpm5_v1_0_17_h2c_pre_desegmenter
INFO: [VRFC 10-311] analyzing module cpm5_v1_0_17_h2c_desegmenter
INFO: [VRFC 10-311] analyzing module cpm5_v1_0_17_dport_ram_opt
INFO: [VRFC 10-311] analyzing module cpm5_v1_0_17_h2c_crc_int_soft
INFO: [VRFC 10-311] analyzing module cpm5_v1_0_17_inband_converter
INFO: [VRFC 10-311] analyzing module cpm5_v1_0_17_cust_inband_converter
INFO: [VRFC 10-311] analyzing module cpm5_v1_0_17_inband_deconverter
INFO: [VRFC 10-311] analyzing module cpm5_v1_0_17_pcie_byp_out_vfifo_conv
INFO: [VRFC 10-311] analyzing module cpm5_v1_0_17_pcie_c2h_wrb_conv
INFO: [VRFC 10-311] analyzing module cpm5_v1_0_17_pcie_mdma_h2c_crc_ext
INFO: [VRFC 10-311] analyzing module cpm5_v1_0_17_segmenter
INFO: [VRFC 10-311] analyzing module cpm5_v1_0_17_tl_slv_rra
INFO: [VRFC 10-311] analyzing module cpm5_v1_0_17_vfifo_arb_mst
INFO: [VRFC 10-311] analyzing module cpm5_v1_0_17_dma_mgmt_enc
INFO: [VRFC 10-311] analyzing module cpm5_v1_0_17_DW_ecc
INFO: [VRFC 10-311] analyzing module cpm5_v1_0_17_xdma_fab_demux
INFO: [VRFC 10-311] analyzing module cpm5_v1_0_17_mdma_fab_demux
INFO: [VRFC 10-311] analyzing module cpm5_v1_0_17_soft_fab_shim
INFO: [VRFC 10-311] analyzing module cpm5_v1_0_17_pcie_byp_in_conv
INFO: [VRFC 10-311] analyzing module cpm5_v1_0_17_pcie_byp_out_conv
INFO: [VRFC 10-311] analyzing module cpm5_v1_0_17_tl_mst
INFO: [VRFC 10-311] analyzing module cpm5_v1_0_17_tl_slv
INFO: [VRFC 10-311] analyzing module cpm5_v1_0_17_fifo_lut_opt
INFO: [VRFC 10-311] analyzing module cpm5_v1_0_17_pcie_dbg_probes
INFO: [VRFC 10-311] analyzing module cpm5_v1_0_17_pciea_pipe_rq_cq_mux
INFO: [VRFC 10-311] analyzing module cpm5_v1_0_17_pcie_4_0_vf_decode_attr
INFO: [VRFC 10-311] analyzing module cpm5_v1_0_17_rra
INFO: [VRFC 10-311] analyzing module cpm5_v1_0_17_xdma_versal_int_shim
INFO: [VRFC 10-2263] Analyzing Verilog file "/home/younas/Documents/Vivado/hbm_module_2_synth_impl/hbm_module_2_synth_impl.gen/sources_1/bd/design_1/ipshared/6120/hdl/xlconcat_v2_1_vl_rfs.v" into library xlconcat_v2_1_6
INFO: [VRFC 10-311] analyzing module xlconcat_v2_1_6_xlconcat
INFO: [VRFC 10-2263] Analyzing Verilog file "/home/younas/Documents/Vivado/hbm_module_2_synth_impl/hbm_module_2_synth_impl.gen/sources_1/bd/design_1/ipshared/9446/hdl/axis_ila_intf_v1_0_rfs.v" into library axis_ila_intf_v1_0_2
INFO: [VRFC 10-311] analyzing module axis_ila_intf_v1_0_2_axis_ila_intf
INFO: [VRFC 10-311] analyzing module axis_ila_intf_v1_0_2_axis_valid_last_gen
INFO: [VRFC 10-311] analyzing module axis_ila_intf_v1_0_2_reg_array
INFO: [VRFC 10-311] analyzing module axis_ila_intf_v1_0_2_axis_dbg_sync
INFO: [VRFC 10-311] analyzing module axis_ila_intf_v1_0_2_generic_mux
INFO: [VRFC 10-311] analyzing module axis_ila_intf_v1_0_2_clk_status
INFO: [VRFC 10-2263] Analyzing Verilog file "/home/younas/Documents/Vivado/hbm_module_2_synth_impl/hbm_module_2_synth_impl.gen/sources_1/bd/design_1/ipshared/f5d1/hdl/axis_cap_ctrl_v1_0_rfs.v" into library axis_cap_ctrl_v1_0_1
INFO: [VRFC 10-311] analyzing module axis_cap_ctrl_v1_0_1_axis_cap_ctrl
INFO: [VRFC 10-311] analyzing module axis_cap_ctrl_v1_0_1_case1
INFO: [VRFC 10-311] analyzing module axis_cap_ctrl_v1_0_1_case2
INFO: [VRFC 10-311] analyzing module axis_cap_ctrl_v1_0_1_case3
INFO: [VRFC 10-311] analyzing module axis_cap_ctrl_v1_0_1_case4
INFO: [VRFC 10-311] analyzing module axis_cap_ctrl_v1_0_1_case5
INFO: [VRFC 10-311] analyzing module axis_cap_ctrl_v1_0_1_case6
INFO: [VRFC 10-311] analyzing module axis_cap_ctrl_v1_0_1_case7
INFO: [VRFC 10-311] analyzing module axis_cap_ctrl_v1_0_1_case8
INFO: [VRFC 10-2263] Analyzing Verilog file "/home/younas/Documents/Vivado/hbm_module_2_synth_impl/hbm_module_2_synth_impl.gen/sources_1/bd/design_1/ipshared/7ef0/hdl/axis_mu_v1_0_rfs.v" into library axis_mu_v1_0_1
INFO: [VRFC 10-311] analyzing module axis_mu_v1_0_1_allx_carry_logic
INFO: [VRFC 10-311] analyzing module axis_mu_v1_0_1_allx
INFO: [VRFC 10-311] analyzing module axis_mu_v1_0_1_mu_eq
INFO: [VRFC 10-311] analyzing module axis_mu_v1_0_1_mu_eq_edge
INFO: [VRFC 10-311] analyzing module axis_mu_v1_0_1_axis_mu
INFO: [VRFC 10-2263] Analyzing Verilog file "/home/younas/Documents/Vivado/hbm_module_2_synth_impl/hbm_module_2_synth_impl.gen/sources_1/bd/design_1/ipshared/506c/hdl/axis_itct_v1_0_rfs.v" into library axis_itct_v1_0_1
INFO: [VRFC 10-311] analyzing module axis_itct_v1_0_1_mu_itct
INFO: [VRFC 10-311] analyzing module axis_itct_v1_0_1_cfg_en
INFO: [VRFC 10-311] analyzing module axis_itct_v1_0_1_cfg_data_1023
INFO: [VRFC 10-311] analyzing module axis_itct_v1_0_1_cfg_data_2047
INFO: [VRFC 10-311] analyzing module axis_itct_v1_0_1_axis_itct
INFO: [VRFC 10-2263] Analyzing Verilog file "/home/younas/Documents/Vivado/hbm_module_2_synth_impl/hbm_module_2_synth_impl.gen/sources_1/bd/design_1/ipshared/57b5/hdl/axis_ila_pp_v1_0_rfs.v" into library axis_ila_pp_v1_0_2
INFO: [VRFC 10-311] analyzing module axis_ila_pp_v1_0_2_axis_ila_pp
INFO: [VRFC 10-2263] Analyzing Verilog file "/home/younas/Documents/Vivado/hbm_module_2_synth_impl/hbm_module_2_synth_impl.gen/sources_1/bd/design_1/ipshared/9b37/hdl/axis_mem_v1_0_rfs.v" into library axis_mem_v1_0_2
INFO: [VRFC 10-311] analyzing module axis_mem_v1_0_2_generic_mux
INFO: [VRFC 10-311] analyzing module axis_mem_v1_0_2_generic_memrd
INFO: [VRFC 10-311] analyzing module axis_mem_v1_0_2_mem
INFO: [VRFC 10-311] analyzing module axis_mem_v1_0_2_axis_mem
INFO: [VRFC 10-311] analyzing module dfff
INFO: [VRFC 10-311] analyzing module axis_mem_v1_0_2_trace_header
INFO: [VRFC 10-311] analyzing module dff
