xilinx rtfpga
rt::do_reinfer_area_combined 1
INFO: [Synth 8-3333] propagating constant 0 across sequential element (\axi_vld_rdy_ffc_reg[10] )
INFO: [Synth 8-3333] propagating constant 0 across sequential element (\axi_vld_rdy_ffc_reg[11] )
INFO: [Synth 8-3333] propagating constant 0 across sequential element (\axi_vld_rdy_ffc_reg[12] )
INFO: [Synth 8-3333] propagating constant 0 across sequential element (\axi_vld_rdy_ffc_reg[13] )
INFO: [Synth 8-3333] propagating constant 0 across sequential element (\axi_vld_rdy_ffc_reg[14] )
INFO: [Synth 8-3333] propagating constant 0 across sequential element (\axi_vld_rdy_ffc_reg[15] )
INFO: [Synth 8-3333] propagating constant 0 across sequential element (\axi_vld_rdy_ffc_reg[16] )
INFO: [Synth 8-3333] propagating constant 0 across sequential element (\axi_vld_rdy_ffc_reg[17] )
INFO: [Synth 8-3333] propagating constant 0 across sequential element (\axi_vld_rdy_ffc_reg[18] )
INFO: [Synth 8-3333] propagating constant 0 across sequential element (\axi_vld_rdy_ffc_reg[19] )
INFO: [Synth 8-3333] propagating constant 0 across sequential element (\axi_vld_rdy_ffc_reg[20] )
INFO: [Synth 8-3333] propagating constant 0 across sequential element (\axi_vld_rdy_ffc_reg[21] )
INFO: [Synth 8-3333] propagating constant 0 across sequential element (\axi_vld_rdy_ffc_reg[22] )
INFO: [Synth 8-3333] propagating constant 0 across sequential element (\axi_vld_rdy_ffc_reg[23] )
INFO: [Synth 8-3333] propagating constant 0 across sequential element (\axi_vld_rdy_ffc_reg[24] )
INFO: [Synth 8-3333] propagating constant 0 across sequential element (\axi_vld_rdy_ffc_reg[25] )
INFO: [Synth 8-3333] propagating constant 0 across sequential element (\axi_vld_rdy_ffc_reg[26] )
INFO: [Synth 8-3333] propagating constant 0 across sequential element (\axi_vld_rdy_ffc_reg[27] )
INFO: [Synth 8-3333] propagating constant 0 across sequential element (\axi_vld_rdy_ffc_reg[28] )
INFO: [Synth 8-3333] propagating constant 0 across sequential element (\axi_vld_rdy_ffc_reg[29] )
INFO: [Synth 8-3333] propagating constant 0 across sequential element (\axi_vld_rdy_ffc_reg[30] )
INFO: [Synth 8-3333] propagating constant 0 across sequential element (\axi_vld_rdy_ffc_reg[31] )
INFO: [Synth 8-3886] merging instance 'last_rdata_rcvd_ff_reg[256]' (FDRE) to 'last_rdata_rcvd_ff_reg[480]'
INFO: [Synth 8-3886] merging instance 'last_rdata_rcvd_stab_reg[256]' (FDRE) to 'last_rdata_rcvd_stab_reg[480]'
INFO: [Synth 8-3886] merging instance 'last_rdata_rcvd_ff_reg[480]' (FDRE) to 'last_rdata_rcvd_ff_reg[448]'
INFO: [Synth 8-3886] merging instance 'last_rdata_rcvd_stab_reg[480]' (FDRE) to 'last_rdata_rcvd_stab_reg[448]'
INFO: [Synth 8-3886] merging instance 'last_rdata_rcvd_ff_reg[448]' (FDRE) to 'last_rdata_rcvd_ff_reg[416]'
INFO: [Synth 8-3886] merging instance 'last_rdata_rcvd_stab_reg[448]' (FDRE) to 'last_rdata_rcvd_stab_reg[416]'
INFO: [Synth 8-3886] merging instance 'last_rdata_rcvd_ff_reg[416]' (FDRE) to 'last_rdata_rcvd_ff_reg[384]'
INFO: [Synth 8-3886] merging instance 'last_rdata_rcvd_stab_reg[416]' (FDRE) to 'last_rdata_rcvd_stab_reg[384]'
INFO: [Synth 8-3886] merging instance 'last_rdata_rcvd_ff_reg[384]' (FDRE) to 'last_rdata_rcvd_ff_reg[352]'
INFO: [Synth 8-3886] merging instance 'last_rdata_rcvd_stab_reg[384]' (FDRE) to 'last_rdata_rcvd_stab_reg[352]'
INFO: [Synth 8-3886] merging instance 'last_rdata_rcvd_ff_reg[352]' (FDRE) to 'last_rdata_rcvd_ff_reg[320]'
INFO: [Synth 8-3886] merging instance 'last_rdata_rcvd_stab_reg[352]' (FDRE) to 'last_rdata_rcvd_stab_reg[320]'
INFO: [Synth 8-3886] merging instance 'last_rdata_rcvd_ff_reg[320]' (FDRE) to 'last_rdata_rcvd_ff_reg[288]'
INFO: [Synth 8-3886] merging instance 'last_rdata_rcvd_stab_reg[320]' (FDRE) to 'last_rdata_rcvd_stab_reg[288]'
INFO: [Synth 8-3886] merging instance 'last_rdata_rcvd_ff_reg[288]' (FDRE) to 'last_rdata_rcvd_ff_reg[257]'
INFO: [Synth 8-3886] merging instance 'last_rdata_rcvd_stab_reg[288]' (FDRE) to 'last_rdata_rcvd_stab_reg[257]'
INFO: [Synth 8-3886] merging instance 'last_rdata_rcvd_ff_reg[257]' (FDRE) to 'last_rdata_rcvd_ff_reg[481]'
INFO: [Synth 8-3886] merging instance 'last_rdata_rcvd_stab_reg[257]' (FDRE) to 'last_rdata_rcvd_stab_reg[481]'
INFO: [Synth 8-3886] merging instance 'last_rdata_rcvd_ff_reg[481]' (FDRE) to 'last_rdata_rcvd_ff_reg[449]'
INFO: [Synth 8-3886] merging instance 'last_rdata_rcvd_stab_reg[481]' (FDRE) to 'last_rdata_rcvd_stab_reg[449]'
INFO: [Synth 8-3886] merging instance 'last_rdata_rcvd_ff_reg[449]' (FDRE) to 'last_rdata_rcvd_ff_reg[417]'
INFO: [Synth 8-3886] merging instance 'last_rdata_rcvd_stab_reg[449]' (FDRE) to 'last_rdata_rcvd_stab_reg[417]'
INFO: [Synth 8-3886] merging instance 'last_rdata_rcvd_ff_reg[417]' (FDRE) to 'last_rdata_rcvd_ff_reg[385]'
INFO: [Synth 8-3886] merging instance 'last_rdata_rcvd_stab_reg[417]' (FDRE) to 'last_rdata_rcvd_stab_reg[385]'
INFO: [Synth 8-3886] merging instance 'last_rdata_rcvd_ff_reg[385]' (FDRE) to 'last_rdata_rcvd_ff_reg[353]'
INFO: [Synth 8-3886] merging instance 'last_rdata_rcvd_stab_reg[385]' (FDRE) to 'last_rdata_rcvd_stab_reg[353]'
INFO: [Synth 8-3886] merging instance 'last_rdata_rcvd_ff_reg[353]' (FDRE) to 'last_rdata_rcvd_ff_reg[321]'
INFO: [Synth 8-3886] merging instance 'last_rdata_rcvd_stab_reg[353]' (FDRE) to 'last_rdata_rcvd_stab_reg[321]'
INFO: [Synth 8-3886] merging instance 'last_rdata_rcvd_ff_reg[321]' (FDRE) to 'last_rdata_rcvd_ff_reg[289]'
INFO: [Synth 8-3886] merging instance 'last_rdata_rcvd_stab_reg[321]' (FDRE) to 'last_rdata_rcvd_stab_reg[289]'
INFO: [Synth 8-3886] merging instance 'last_rdata_rcvd_ff_reg[289]' (FDRE) to 'last_rdata_rcvd_ff_reg[258]'
INFO: [Synth 8-3886] merging instance 'last_rdata_rcvd_stab_reg[289]' (FDRE) to 'last_rdata_rcvd_stab_reg[258]'
INFO: [Synth 8-3886] merging instance 'last_rdata_rcvd_ff_reg[258]' (FDRE) to 'last_rdata_rcvd_ff_reg[482]'
INFO: [Synth 8-3886] merging instance 'last_rdata_rcvd_stab_reg[258]' (FDRE) to 'last_rdata_rcvd_stab_reg[482]'
INFO: [Synth 8-3886] merging instance 'last_rdata_rcvd_ff_reg[482]' (FDRE) to 'last_rdata_rcvd_ff_reg[450]'
INFO: [Synth 8-3886] merging instance 'last_rdata_rcvd_stab_reg[482]' (FDRE) to 'last_rdata_rcvd_stab_reg[450]'
INFO: [Synth 8-3886] merging instance 'last_rdata_rcvd_ff_reg[450]' (FDRE) to 'last_rdata_rcvd_ff_reg[418]'
INFO: [Synth 8-3886] merging instance 'last_rdata_rcvd_stab_reg[450]' (FDRE) to 'last_rdata_rcvd_stab_reg[418]'
INFO: [Synth 8-3886] merging instance 'last_rdata_rcvd_ff_reg[418]' (FDRE) to 'last_rdata_rcvd_ff_reg[386]'
INFO: [Synth 8-3886] merging instance 'last_rdata_rcvd_stab_reg[418]' (FDRE) to 'last_rdata_rcvd_stab_reg[386]'
INFO: [Synth 8-3886] merging instance 'last_rdata_rcvd_ff_reg[386]' (FDRE) to 'last_rdata_rcvd_ff_reg[354]'
INFO: [Synth 8-3886] merging instance 'last_rdata_rcvd_stab_reg[386]' (FDRE) to 'last_rdata_rcvd_stab_reg[354]'
INFO: [Synth 8-3886] merging instance 'last_rdata_rcvd_ff_reg[354]' (FDRE) to 'last_rdata_rcvd_ff_reg[322]'
INFO: [Synth 8-3886] merging instance 'last_rdata_rcvd_stab_reg[354]' (FDRE) to 'last_rdata_rcvd_stab_reg[322]'
INFO: [Synth 8-3886] merging instance 'last_rdata_rcvd_ff_reg[322]' (FDRE) to 'last_rdata_rcvd_ff_reg[290]'
INFO: [Synth 8-3886] merging instance 'last_rdata_rcvd_stab_reg[322]' (FDRE) to 'last_rdata_rcvd_stab_reg[290]'
INFO: [Synth 8-3886] merging instance 'last_rdata_rcvd_ff_reg[290]' (FDRE) to 'last_rdata_rcvd_ff_reg[259]'
INFO: [Synth 8-3886] merging instance 'last_rdata_rcvd_stab_reg[290]' (FDRE) to 'last_rdata_rcvd_stab_reg[259]'
INFO: [Synth 8-3886] merging instance 'last_rdata_rcvd_ff_reg[259]' (FDRE) to 'last_rdata_rcvd_ff_reg[483]'
INFO: [Synth 8-3886] merging instance 'last_rdata_rcvd_stab_reg[259]' (FDRE) to 'last_rdata_rcvd_stab_reg[483]'
INFO: [Synth 8-3886] merging instance 'last_rdata_rcvd_ff_reg[483]' (FDRE) to 'last_rdata_rcvd_ff_reg[451]'
INFO: [Synth 8-3886] merging instance 'last_rdata_rcvd_stab_reg[483]' (FDRE) to 'last_rdata_rcvd_stab_reg[451]'
INFO: [Synth 8-3886] merging instance 'last_rdata_rcvd_ff_reg[451]' (FDRE) to 'last_rdata_rcvd_ff_reg[419]'
INFO: [Synth 8-3886] merging instance 'last_rdata_rcvd_stab_reg[451]' (FDRE) to 'last_rdata_rcvd_stab_reg[419]'
INFO: [Synth 8-3886] merging instance 'last_rdata_rcvd_ff_reg[419]' (FDRE) to 'last_rdata_rcvd_ff_reg[387]'
INFO: [Synth 8-3886] merging instance 'last_rdata_rcvd_stab_reg[419]' (FDRE) to 'last_rdata_rcvd_stab_reg[387]'
INFO: [Synth 8-3886] merging instance 'last_rdata_rcvd_ff_reg[387]' (FDRE) to 'last_rdata_rcvd_ff_reg[355]'
INFO: [Synth 8-3886] merging instance 'last_rdata_rcvd_stab_reg[387]' (FDRE) to 'last_rdata_rcvd_stab_reg[355]'
INFO: [Synth 8-3886] merging instance 'last_rdata_rcvd_ff_reg[355]' (FDRE) to 'last_rdata_rcvd_ff_reg[323]'
INFO: [Synth 8-3886] merging instance 'last_rdata_rcvd_stab_reg[355]' (FDRE) to 'last_rdata_rcvd_stab_reg[323]'
INFO: [Synth 8-3886] merging instance 'last_rdata_rcvd_ff_reg[323]' (FDRE) to 'last_rdata_rcvd_ff_reg[291]'
INFO: [Synth 8-3886] merging instance 'last_rdata_rcvd_stab_reg[323]' (FDRE) to 'last_rdata_rcvd_stab_reg[291]'
INFO: [Synth 8-3886] merging instance 'last_rdata_rcvd_ff_reg[291]' (FDRE) to 'last_rdata_rcvd_ff_reg[260]'
INFO: [Synth 8-3886] merging instance 'last_rdata_rcvd_stab_reg[291]' (FDRE) to 'last_rdata_rcvd_stab_reg[260]'
INFO: [Synth 8-3886] merging instance 'last_rdata_rcvd_ff_reg[260]' (FDRE) to 'last_rdata_rcvd_ff_reg[484]'
INFO: [Synth 8-3886] merging instance 'last_rdata_rcvd_stab_reg[260]' (FDRE) to 'last_rdata_rcvd_stab_reg[484]'
INFO: [Synth 8-3886] merging instance 'last_rdata_rcvd_ff_reg[484]' (FDRE) to 'last_rdata_rcvd_ff_reg[452]'
INFO: [Synth 8-3886] merging instance 'last_rdata_rcvd_stab_reg[484]' (FDRE) to 'last_rdata_rcvd_stab_reg[452]'
INFO: [Synth 8-3886] merging instance 'last_rdata_rcvd_ff_reg[452]' (FDRE) to 'last_rdata_rcvd_ff_reg[420]'
INFO: [Synth 8-3886] merging instance 'last_rdata_rcvd_stab_reg[452]' (FDRE) to 'last_rdata_rcvd_stab_reg[420]'
INFO: [Synth 8-3886] merging instance 'last_rdata_rcvd_ff_reg[420]' (FDRE) to 'last_rdata_rcvd_ff_reg[388]'
INFO: [Synth 8-3886] merging instance 'last_rdata_rcvd_stab_reg[420]' (FDRE) to 'last_rdata_rcvd_stab_reg[388]'
INFO: [Synth 8-3886] merging instance 'last_rdata_rcvd_ff_reg[388]' (FDRE) to 'last_rdata_rcvd_ff_reg[356]'
INFO: [Synth 8-3886] merging instance 'last_rdata_rcvd_stab_reg[388]' (FDRE) to 'last_rdata_rcvd_stab_reg[356]'
INFO: [Synth 8-3886] merging instance 'last_rdata_rcvd_ff_reg[356]' (FDRE) to 'last_rdata_rcvd_ff_reg[324]'
INFO: [Synth 8-3886] merging instance 'last_rdata_rcvd_stab_reg[356]' (FDRE) to 'last_rdata_rcvd_stab_reg[324]'
INFO: [Synth 8-3886] merging instance 'last_rdata_rcvd_ff_reg[324]' (FDRE) to 'last_rdata_rcvd_ff_reg[292]'
INFO: [Synth 8-3886] merging instance 'last_rdata_rcvd_stab_reg[324]' (FDRE) to 'last_rdata_rcvd_stab_reg[292]'
INFO: [Synth 8-3886] merging instance 'last_rdata_rcvd_ff_reg[292]' (FDRE) to 'last_rdata_rcvd_ff_reg[261]'
INFO: [Synth 8-3886] merging instance 'last_rdata_rcvd_stab_reg[292]' (FDRE) to 'last_rdata_rcvd_stab_reg[261]'
INFO: [Synth 8-3886] merging instance 'last_rdata_rcvd_ff_reg[261]' (FDRE) to 'last_rdata_rcvd_ff_reg[485]'
INFO: [Synth 8-3886] merging instance 'last_rdata_rcvd_stab_reg[261]' (FDRE) to 'last_rdata_rcvd_stab_reg[485]'
INFO: [Synth 8-3886] merging instance 'last_rdata_rcvd_ff_reg[485]' (FDRE) to 'last_rdata_rcvd_ff_reg[453]'
INFO: [Synth 8-3886] merging instance 'last_rdata_rcvd_stab_reg[485]' (FDRE) to 'last_rdata_rcvd_stab_reg[453]'
INFO: [Synth 8-3886] merging instance 'last_rdata_rcvd_ff_reg[453]' (FDRE) to 'last_rdata_rcvd_ff_reg[421]'
INFO: [Synth 8-3886] merging instance 'last_rdata_rcvd_stab_reg[453]' (FDRE) to 'last_rdata_rcvd_stab_reg[421]'
INFO: [Synth 8-3886] merging instance 'last_rdata_rcvd_ff_reg[421]' (FDRE) to 'last_rdata_rcvd_ff_reg[389]'
INFO: [Synth 8-3886] merging instance 'last_rdata_rcvd_stab_reg[421]' (FDRE) to 'last_rdata_rcvd_stab_reg[389]'
INFO: [Synth 8-3886] merging instance 'last_rdata_rcvd_ff_reg[389]' (FDRE) to 'last_rdata_rcvd_ff_reg[357]'
INFO: [Synth 8-3886] merging instance 'last_rdata_rcvd_stab_reg[389]' (FDRE) to 'last_rdata_rcvd_stab_reg[357]'
INFO: [Synth 8-3886] merging instance 'last_rdata_rcvd_ff_reg[357]' (FDRE) to 'last_rdata_rcvd_ff_reg[325]'
INFO: [Synth 8-3886] merging instance 'last_rdata_rcvd_stab_reg[357]' (FDRE) to 'last_rdata_rcvd_stab_reg[325]'
INFO: [Synth 8-3886] merging instance 'last_rdata_rcvd_ff_reg[325]' (FDRE) to 'last_rdata_rcvd_ff_reg[293]'
INFO: [Synth 8-3886] merging instance 'last_rdata_rcvd_stab_reg[325]' (FDRE) to 'last_rdata_rcvd_stab_reg[293]'
INFO: [Synth 8-3886] merging instance 'last_rdata_rcvd_ff_reg[293]' (FDRE) to 'last_rdata_rcvd_ff_reg[262]'
INFO: [Synth 8-3886] merging instance 'last_rdata_rcvd_stab_reg[293]' (FDRE) to 'last_rdata_rcvd_stab_reg[262]'
INFO: [Synth 8-3886] merging instance 'last_rdata_rcvd_ff_reg[262]' (FDRE) to 'last_rdata_rcvd_ff_reg[486]'
INFO: [Synth 8-3886] merging instance 'last_rdata_rcvd_stab_reg[262]' (FDRE) to 'last_rdata_rcvd_stab_reg[486]'
INFO: [Synth 8-3886] merging instance 'last_rdata_rcvd_ff_reg[486]' (FDRE) to 'last_rdata_rcvd_ff_reg[454]'
INFO: [Synth 8-3886] merging instance 'last_rdata_rcvd_stab_reg[486]' (FDRE) to 'last_rdata_rcvd_stab_reg[454]'
INFO: [Common 17-14] Message 'Synth 8-3886' appears 100 times and further instances of the messages will be disabled. Use the Tcl command set_msg_config to change the current settings.
INFO: [Synth 8-3333] propagating constant 0 across sequential element (\last_rdata_rcvd_ff_reg[319] )
INFO: [Synth 8-3333] propagating constant 0 across sequential element (\last_rdata_rcvd_stab_al_reg[352] )
INFO: [Synth 8-3333] propagating constant 0 across sequential element (\last_rdata_rcvd_stab_al_reg[320] )
INFO: [Synth 8-3333] propagating constant 0 across sequential element (\last_rdata_rcvd_stab_al_reg[288] )
INFO: [Synth 8-3333] propagating constant 0 across sequential element (\last_rdata_rcvd_stab_al_reg[256] )
INFO: [Synth 8-3333] propagating constant 0 across sequential element (\last_rdata_rcvd_stab_al_reg[224] )
INFO: [Synth 8-3333] propagating constant 0 across sequential element (\last_rdata_rcvd_stab_al_reg[192] )
INFO: [Synth 8-3333] propagating constant 0 across sequential element (\last_rdata_rcvd_stab_al_reg[160] )
INFO: [Synth 8-3333] propagating constant 0 across sequential element (\last_rdata_rcvd_stab_al_reg[128] )
INFO: [Synth 8-3333] propagating constant 0 across sequential element (\last_rdata_rcvd_stab_al_reg[480] )
INFO: [Synth 8-3333] propagating constant 0 across sequential element (\last_rdata_rcvd_stab_al_reg[448] )
INFO: [Synth 8-3333] propagating constant 0 across sequential element (\last_rdata_rcvd_stab_al_reg[416] )
INFO: [Synth 8-3333] propagating constant 0 across sequential element (\last_rdata_rcvd_stab_al_reg[384] )
INFO: [Synth 8-3333] propagating constant 0 across sequential element (\last_rdata_rcvd_stab_al_reg[64] )
INFO: [Synth 8-3333] propagating constant 0 across sequential element (\last_rdata_rcvd_stab_al_reg[32] )
INFO: [Synth 8-3333] propagating constant 0 across sequential element (\last_rdata_rcvd_stab_al_reg[0] )
INFO: [Synth 8-3333] propagating constant 0 across sequential element (\rbeat_cntr_stab_al_reg[0] )
INFO: [Synth 8-3333] propagating constant 0 across sequential element (\last_rdata_rcvd_stab_al_reg[353] )
INFO: [Synth 8-3333] propagating constant 0 across sequential element (\last_rdata_rcvd_stab_al_reg[321] )
INFO: [Synth 8-3333] propagating constant 0 across sequential element (\last_rdata_rcvd_stab_al_reg[289] )
INFO: [Synth 8-3333] propagating constant 0 across sequential element (\last_rdata_rcvd_stab_al_reg[257] )
INFO: [Synth 8-3333] propagating constant 0 across sequential element (\last_rdata_rcvd_stab_al_reg[225] )
INFO: [Synth 8-3333] propagating constant 0 across sequential element (\last_rdata_rcvd_stab_al_reg[193] )
INFO: [Synth 8-3333] propagating constant 0 across sequential element (\last_rdata_rcvd_stab_al_reg[161] )
INFO: [Synth 8-3333] propagating constant 0 across sequential element (\last_rdata_rcvd_stab_al_reg[129] )
INFO: [Synth 8-3333] propagating constant 0 across sequential element (\last_rdata_rcvd_stab_al_reg[481] )
INFO: [Synth 8-3333] propagating constant 0 across sequential element (\last_rdata_rcvd_stab_al_reg[449] )
INFO: [Synth 8-3333] propagating constant 0 across sequential element (\last_rdata_rcvd_stab_al_reg[417] )
INFO: [Synth 8-3333] propagating constant 0 across sequential element (\last_rdata_rcvd_stab_al_reg[385] )
INFO: [Synth 8-3333] propagating constant 0 across sequential element (\last_rdata_rcvd_stab_al_reg[96] )
INFO: [Synth 8-3333] propagating constant 0 across sequential element (\last_rdata_rcvd_stab_al_reg[65] )
INFO: [Synth 8-3333] propagating constant 0 across sequential element (\last_rdata_rcvd_stab_al_reg[33] )
INFO: [Synth 8-3333] propagating constant 0 across sequential element (\last_rdata_rcvd_stab_al_reg[1] )
INFO: [Synth 8-3333] propagating constant 0 across sequential element (\rbeat_cntr_stab_al_reg[1] )
INFO: [Synth 8-3333] propagating constant 0 across sequential element (\last_rdata_rcvd_stab_al_reg[354] )
INFO: [Synth 8-3333] propagating constant 0 across sequential element (\last_rdata_rcvd_stab_al_reg[322] )
INFO: [Synth 8-3333] propagating constant 0 across sequential element (\last_rdata_rcvd_stab_al_reg[290] )
INFO: [Synth 8-3333] propagating constant 0 across sequential element (\last_rdata_rcvd_stab_al_reg[258] )
INFO: [Synth 8-3333] propagating constant 0 across sequential element (\last_rdata_rcvd_stab_al_reg[226] )
INFO: [Synth 8-3333] propagating constant 0 across sequential element (\last_rdata_rcvd_stab_al_reg[194] )
INFO: [Synth 8-3333] propagating constant 0 across sequential element (\last_rdata_rcvd_stab_al_reg[162] )
INFO: [Synth 8-3333] propagating constant 0 across sequential element (\last_rdata_rcvd_stab_al_reg[130] )
INFO: [Synth 8-3333] propagating constant 0 across sequential element (\last_rdata_rcvd_stab_al_reg[482] )
INFO: [Synth 8-3333] propagating constant 0 across sequential element (\last_rdata_rcvd_stab_al_reg[450] )
INFO: [Synth 8-3333] propagating constant 0 across sequential element (\last_rdata_rcvd_stab_al_reg[418] )
INFO: [Synth 8-3333] propagating constant 0 across sequential element (\last_rdata_rcvd_stab_al_reg[386] )
INFO: [Synth 8-3333] propagating constant 0 across sequential element (\last_rdata_rcvd_stab_al_reg[97] )
INFO: [Synth 8-3333] propagating constant 0 across sequential element (\last_rdata_rcvd_stab_al_reg[66] )
INFO: [Synth 8-3333] propagating constant 0 across sequential element (\last_rdata_rcvd_stab_al_reg[34] )
INFO: [Synth 8-3333] propagating constant 0 across sequential element (\last_rdata_rcvd_stab_al_reg[2] )
INFO: [Synth 8-3333] propagating constant 0 across sequential element (\rbeat_cntr_stab_al_reg[2] )
INFO: [Synth 8-3333] propagating constant 0 across sequential element (\last_rdata_rcvd_stab_al_reg[355] )
INFO: [Synth 8-3333] propagating constant 0 across sequential element (\last_rdata_rcvd_stab_al_reg[323] )
INFO: [Synth 8-3333] propagating constant 0 across sequential element (\last_rdata_rcvd_stab_al_reg[291] )
INFO: [Synth 8-3333] propagating constant 0 across sequential element (\last_rdata_rcvd_stab_al_reg[259] )
INFO: [Synth 8-3333] propagating constant 0 across sequential element (\last_rdata_rcvd_stab_al_reg[227] )
INFO: [Synth 8-3333] propagating constant 0 across sequential element (\last_rdata_rcvd_stab_al_reg[195] )
INFO: [Synth 8-3333] propagating constant 0 across sequential element (\last_rdata_rcvd_stab_al_reg[163] )
INFO: [Synth 8-3333] propagating constant 0 across sequential element (\last_rdata_rcvd_stab_al_reg[131] )
INFO: [Synth 8-3333] propagating constant 0 across sequential element (\last_rdata_rcvd_stab_al_reg[483] )
INFO: [Synth 8-3333] propagating constant 0 across sequential element (\last_rdata_rcvd_stab_al_reg[451] )
INFO: [Synth 8-3333] propagating constant 0 across sequential element (\last_rdata_rcvd_stab_al_reg[419] )
INFO: [Synth 8-3333] propagating constant 0 across sequential element (\last_rdata_rcvd_stab_al_reg[387] )
INFO: [Synth 8-3333] propagating constant 0 across sequential element (\last_rdata_rcvd_stab_al_reg[98] )
INFO: [Synth 8-3333] propagating constant 0 across sequential element (\last_rdata_rcvd_stab_al_reg[67] )
INFO: [Synth 8-3333] propagating constant 0 across sequential element (\last_rdata_rcvd_stab_al_reg[35] )
INFO: [Synth 8-3333] propagating constant 0 across sequential element (\last_rdata_rcvd_stab_al_reg[3] )
INFO: [Synth 8-3333] propagating constant 0 across sequential element (\rbeat_cntr_stab_al_reg[3] )
INFO: [Synth 8-3333] propagating constant 0 across sequential element (\last_rdata_rcvd_stab_al_reg[356] )
INFO: [Synth 8-3333] propagating constant 0 across sequential element (\last_rdata_rcvd_stab_al_reg[324] )
INFO: [Synth 8-3333] propagating constant 0 across sequential element (\last_rdata_rcvd_stab_al_reg[292] )
INFO: [Synth 8-3333] propagating constant 0 across sequential element (\last_rdata_rcvd_stab_al_reg[260] )
INFO: [Synth 8-3333] propagating constant 0 across sequential element (\last_rdata_rcvd_stab_al_reg[228] )
INFO: [Synth 8-3333] propagating constant 0 across sequential element (\last_rdata_rcvd_stab_al_reg[196] )
INFO: [Synth 8-3333] propagating constant 0 across sequential element (\last_rdata_rcvd_stab_al_reg[164] )
INFO: [Synth 8-3333] propagating constant 0 across sequential element (\last_rdata_rcvd_stab_al_reg[132] )
INFO: [Synth 8-3333] propagating constant 0 across sequential element (\last_rdata_rcvd_stab_al_reg[484] )
INFO: [Synth 8-3333] propagating constant 0 across sequential element (\last_rdata_rcvd_stab_al_reg[452] )
INFO: [Common 17-14] Message 'Synth 8-3333' appears 100 times and further instances of the messages will be disabled. Use the Tcl command set_msg_config to change the current settings.
