xilinx rtfpga
rt::do_reinfer_area_combined 1
INFO: [Synth 8-4471] merging register 'mem_addr_reg[0:0]' into 'mem_addr_reg[0:0]' [/home/younas/Documents/Vivado/hbm_module_2_synth_impl/hbm_module_2_synth_impl.gen/sources_1/bd/design_1/ipshared/2997/hdl/axis_vio_v1_0_rfs.sv:1626]
INFO: [Synth 8-4471] merging register 'mem_addr_reg[0:0]' into 'mem_addr_reg[0:0]' [/home/younas/Documents/Vivado/hbm_module_2_synth_impl/hbm_module_2_synth_impl.gen/sources_1/bd/design_1/ipshared/2997/hdl/axis_vio_v1_0_rfs.sv:1626]
WARNING: [Synth 8-7129] Port axis_ready in module axis_vio_v1_0_12_valid_last_gen is either unconnected or has no load
WARNING: [Synth 8-7129] Port done_serial_op in module axis_vio_v1_0_12_reg_array__parameterized2 is either unconnected or has no load
WARNING: [Synth 8-7129] Port start_serial_op_o in module axis_vio_v1_0_12_reg_array__parameterized2 is either unconnected or has no load
WARNING: [Synth 8-7129] Port serial_data_o in module axis_vio_v1_0_12_reg_array__parameterized2 is either unconnected or has no load
WARNING: [Synth 8-7129] Port data_i[31] in module axis_vio_v1_0_12_reg_array__parameterized2 is either unconnected or has no load
WARNING: [Synth 8-7129] Port data_i[30] in module axis_vio_v1_0_12_reg_array__parameterized2 is either unconnected or has no load
WARNING: [Synth 8-7129] Port data_i[29] in module axis_vio_v1_0_12_reg_array__parameterized2 is either unconnected or has no load
WARNING: [Synth 8-7129] Port data_i[28] in module axis_vio_v1_0_12_reg_array__parameterized2 is either unconnected or has no load
WARNING: [Synth 8-7129] Port data_i[27] in module axis_vio_v1_0_12_reg_array__parameterized2 is either unconnected or has no load
WARNING: [Synth 8-7129] Port data_i[26] in module axis_vio_v1_0_12_reg_array__parameterized2 is either unconnected or has no load
WARNING: [Synth 8-7129] Port data_i[25] in module axis_vio_v1_0_12_reg_array__parameterized2 is either unconnected or has no load
WARNING: [Synth 8-7129] Port data_i[24] in module axis_vio_v1_0_12_reg_array__parameterized2 is either unconnected or has no load
WARNING: [Synth 8-7129] Port data_i[23] in module axis_vio_v1_0_12_reg_array__parameterized2 is either unconnected or has no load
WARNING: [Synth 8-7129] Port data_i[22] in module axis_vio_v1_0_12_reg_array__parameterized2 is either unconnected or has no load
WARNING: [Synth 8-7129] Port data_i[21] in module axis_vio_v1_0_12_reg_array__parameterized2 is either unconnected or has no load
WARNING: [Synth 8-7129] Port data_i[20] in module axis_vio_v1_0_12_reg_array__parameterized2 is either unconnected or has no load
WARNING: [Synth 8-7129] Port data_i[19] in module axis_vio_v1_0_12_reg_array__parameterized2 is either unconnected or has no load
WARNING: [Synth 8-7129] Port data_i[18] in module axis_vio_v1_0_12_reg_array__parameterized2 is either unconnected or has no load
WARNING: [Synth 8-7129] Port data_i[17] in module axis_vio_v1_0_12_reg_array__parameterized2 is either unconnected or has no load
WARNING: [Synth 8-7129] Port data_i[16] in module axis_vio_v1_0_12_reg_array__parameterized2 is either unconnected or has no load
WARNING: [Synth 8-7129] Port data_i[15] in module axis_vio_v1_0_12_reg_array__parameterized2 is either unconnected or has no load
WARNING: [Synth 8-7129] Port data_i[14] in module axis_vio_v1_0_12_reg_array__parameterized2 is either unconnected or has no load
WARNING: [Synth 8-7129] Port data_i[13] in module axis_vio_v1_0_12_reg_array__parameterized2 is either unconnected or has no load
WARNING: [Synth 8-7129] Port data_i[12] in module axis_vio_v1_0_12_reg_array__parameterized2 is either unconnected or has no load
WARNING: [Synth 8-7129] Port data_i[11] in module axis_vio_v1_0_12_reg_array__parameterized2 is either unconnected or has no load
WARNING: [Synth 8-7129] Port data_i[10] in module axis_vio_v1_0_12_reg_array__parameterized2 is either unconnected or has no load
WARNING: [Synth 8-7129] Port data_i[9] in module axis_vio_v1_0_12_reg_array__parameterized2 is either unconnected or has no load
WARNING: [Synth 8-7129] Port data_i[8] in module axis_vio_v1_0_12_reg_array__parameterized2 is either unconnected or has no load
WARNING: [Synth 8-7129] Port data_i[7] in module axis_vio_v1_0_12_reg_array__parameterized2 is either unconnected or has no load
WARNING: [Synth 8-7129] Port data_i[6] in module axis_vio_v1_0_12_reg_array__parameterized2 is either unconnected or has no load
WARNING: [Synth 8-7129] Port data_i[5] in module axis_vio_v1_0_12_reg_array__parameterized2 is either unconnected or has no load
WARNING: [Synth 8-7129] Port data_i[4] in module axis_vio_v1_0_12_reg_array__parameterized2 is either unconnected or has no load
WARNING: [Synth 8-7129] Port data_i[3] in module axis_vio_v1_0_12_reg_array__parameterized2 is either unconnected or has no load
WARNING: [Synth 8-7129] Port data_i[2] in module axis_vio_v1_0_12_reg_array__parameterized2 is either unconnected or has no load
WARNING: [Synth 8-7129] Port data_i[1] in module axis_vio_v1_0_12_reg_array__parameterized2 is either unconnected or has no load
WARNING: [Synth 8-7129] Port data_i[0] in module axis_vio_v1_0_12_reg_array__parameterized2 is either unconnected or has no load
WARNING: [Synth 8-7129] Port rd_en_serial_i in module axis_vio_v1_0_12_reg_array__parameterized2 is either unconnected or has no load
WARNING: [Synth 8-7129] Port done_serial_op in module axis_vio_v1_0_12_reg_array__parameterized1 is either unconnected or has no load
WARNING: [Synth 8-7129] Port start_serial_op_o in module axis_vio_v1_0_12_reg_array__parameterized1 is either unconnected or has no load
WARNING: [Synth 8-7129] Port serial_data_o in module axis_vio_v1_0_12_reg_array__parameterized1 is either unconnected or has no load
WARNING: [Synth 8-7129] Port full_data_i[31] in module axis_vio_v1_0_12_reg_array__parameterized1 is either unconnected or has no load
WARNING: [Synth 8-7129] Port full_data_i[30] in module axis_vio_v1_0_12_reg_array__parameterized1 is either unconnected or has no load
WARNING: [Synth 8-7129] Port full_data_i[29] in module axis_vio_v1_0_12_reg_array__parameterized1 is either unconnected or has no load
WARNING: [Synth 8-7129] Port full_data_i[28] in module axis_vio_v1_0_12_reg_array__parameterized1 is either unconnected or has no load
WARNING: [Synth 8-7129] Port full_data_i[27] in module axis_vio_v1_0_12_reg_array__parameterized1 is either unconnected or has no load
WARNING: [Synth 8-7129] Port full_data_i[26] in module axis_vio_v1_0_12_reg_array__parameterized1 is either unconnected or has no load
WARNING: [Synth 8-7129] Port full_data_i[25] in module axis_vio_v1_0_12_reg_array__parameterized1 is either unconnected or has no load
WARNING: [Synth 8-7129] Port full_data_i[24] in module axis_vio_v1_0_12_reg_array__parameterized1 is either unconnected or has no load
WARNING: [Synth 8-7129] Port full_data_i[23] in module axis_vio_v1_0_12_reg_array__parameterized1 is either unconnected or has no load
WARNING: [Synth 8-7129] Port full_data_i[22] in module axis_vio_v1_0_12_reg_array__parameterized1 is either unconnected or has no load
WARNING: [Synth 8-7129] Port full_data_i[21] in module axis_vio_v1_0_12_reg_array__parameterized1 is either unconnected or has no load
WARNING: [Synth 8-7129] Port full_data_i[20] in module axis_vio_v1_0_12_reg_array__parameterized1 is either unconnected or has no load
WARNING: [Synth 8-7129] Port full_data_i[19] in module axis_vio_v1_0_12_reg_array__parameterized1 is either unconnected or has no load
WARNING: [Synth 8-7129] Port full_data_i[18] in module axis_vio_v1_0_12_reg_array__parameterized1 is either unconnected or has no load
WARNING: [Synth 8-7129] Port full_data_i[17] in module axis_vio_v1_0_12_reg_array__parameterized1 is either unconnected or has no load
WARNING: [Synth 8-7129] Port full_data_i[16] in module axis_vio_v1_0_12_reg_array__parameterized1 is either unconnected or has no load
WARNING: [Synth 8-7129] Port full_data_i[15] in module axis_vio_v1_0_12_reg_array__parameterized1 is either unconnected or has no load
WARNING: [Synth 8-7129] Port full_data_i[14] in module axis_vio_v1_0_12_reg_array__parameterized1 is either unconnected or has no load
WARNING: [Synth 8-7129] Port full_data_i[13] in module axis_vio_v1_0_12_reg_array__parameterized1 is either unconnected or has no load
WARNING: [Synth 8-7129] Port full_data_i[12] in module axis_vio_v1_0_12_reg_array__parameterized1 is either unconnected or has no load
WARNING: [Synth 8-7129] Port full_data_i[11] in module axis_vio_v1_0_12_reg_array__parameterized1 is either unconnected or has no load
WARNING: [Synth 8-7129] Port full_data_i[10] in module axis_vio_v1_0_12_reg_array__parameterized1 is either unconnected or has no load
WARNING: [Synth 8-7129] Port full_data_i[9] in module axis_vio_v1_0_12_reg_array__parameterized1 is either unconnected or has no load
WARNING: [Synth 8-7129] Port full_data_i[8] in module axis_vio_v1_0_12_reg_array__parameterized1 is either unconnected or has no load
WARNING: [Synth 8-7129] Port full_data_i[7] in module axis_vio_v1_0_12_reg_array__parameterized1 is either unconnected or has no load
WARNING: [Synth 8-7129] Port full_data_i[6] in module axis_vio_v1_0_12_reg_array__parameterized1 is either unconnected or has no load
WARNING: [Synth 8-7129] Port full_data_i[5] in module axis_vio_v1_0_12_reg_array__parameterized1 is either unconnected or has no load
WARNING: [Synth 8-7129] Port full_data_i[4] in module axis_vio_v1_0_12_reg_array__parameterized1 is either unconnected or has no load
WARNING: [Synth 8-7129] Port full_data_i[3] in module axis_vio_v1_0_12_reg_array__parameterized1 is either unconnected or has no load
WARNING: [Synth 8-7129] Port full_data_i[2] in module axis_vio_v1_0_12_reg_array__parameterized1 is either unconnected or has no load
WARNING: [Synth 8-7129] Port full_data_i[1] in module axis_vio_v1_0_12_reg_array__parameterized1 is either unconnected or has no load
WARNING: [Synth 8-7129] Port full_data_i[0] in module axis_vio_v1_0_12_reg_array__parameterized1 is either unconnected or has no load
WARNING: [Synth 8-7129] Port rd_en_serial_i in module axis_vio_v1_0_12_reg_array__parameterized1 is either unconnected or has no load
WARNING: [Synth 8-7129] Port done_serial_op in module axis_vio_v1_0_12_reg_array__parameterized2__1 is either unconnected or has no load
WARNING: [Synth 8-7129] Port start_serial_op_o in module axis_vio_v1_0_12_reg_array__parameterized2__1 is either unconnected or has no load
WARNING: [Synth 8-7129] Port serial_data_o in module axis_vio_v1_0_12_reg_array__parameterized2__1 is either unconnected or has no load
WARNING: [Synth 8-7129] Port data_i[31] in module axis_vio_v1_0_12_reg_array__parameterized2__1 is either unconnected or has no load
WARNING: [Synth 8-7129] Port data_i[30] in module axis_vio_v1_0_12_reg_array__parameterized2__1 is either unconnected or has no load
WARNING: [Synth 8-7129] Port data_i[29] in module axis_vio_v1_0_12_reg_array__parameterized2__1 is either unconnected or has no load
WARNING: [Synth 8-7129] Port data_i[28] in module axis_vio_v1_0_12_reg_array__parameterized2__1 is either unconnected or has no load
WARNING: [Synth 8-7129] Port data_i[27] in module axis_vio_v1_0_12_reg_array__parameterized2__1 is either unconnected or has no load
WARNING: [Synth 8-7129] Port data_i[26] in module axis_vio_v1_0_12_reg_array__parameterized2__1 is either unconnected or has no load
WARNING: [Synth 8-7129] Port data_i[25] in module axis_vio_v1_0_12_reg_array__parameterized2__1 is either unconnected or has no load
WARNING: [Synth 8-7129] Port data_i[24] in module axis_vio_v1_0_12_reg_array__parameterized2__1 is either unconnected or has no load
WARNING: [Synth 8-7129] Port data_i[23] in module axis_vio_v1_0_12_reg_array__parameterized2__1 is either unconnected or has no load
WARNING: [Synth 8-7129] Port data_i[22] in module axis_vio_v1_0_12_reg_array__parameterized2__1 is either unconnected or has no load
WARNING: [Synth 8-7129] Port data_i[21] in module axis_vio_v1_0_12_reg_array__parameterized2__1 is either unconnected or has no load
WARNING: [Synth 8-7129] Port data_i[20] in module axis_vio_v1_0_12_reg_array__parameterized2__1 is either unconnected or has no load
WARNING: [Synth 8-7129] Port data_i[19] in module axis_vio_v1_0_12_reg_array__parameterized2__1 is either unconnected or has no load
WARNING: [Synth 8-7129] Port data_i[18] in module axis_vio_v1_0_12_reg_array__parameterized2__1 is either unconnected or has no load
WARNING: [Synth 8-7129] Port data_i[17] in module axis_vio_v1_0_12_reg_array__parameterized2__1 is either unconnected or has no load
WARNING: [Synth 8-7129] Port data_i[16] in module axis_vio_v1_0_12_reg_array__parameterized2__1 is either unconnected or has no load
WARNING: [Synth 8-7129] Port data_i[15] in module axis_vio_v1_0_12_reg_array__parameterized2__1 is either unconnected or has no load
WARNING: [Synth 8-7129] Port data_i[14] in module axis_vio_v1_0_12_reg_array__parameterized2__1 is either unconnected or has no load
WARNING: [Synth 8-7129] Port data_i[13] in module axis_vio_v1_0_12_reg_array__parameterized2__1 is either unconnected or has no load
WARNING: [Synth 8-7129] Port data_i[12] in module axis_vio_v1_0_12_reg_array__parameterized2__1 is either unconnected or has no load
WARNING: [Synth 8-7129] Port data_i[11] in module axis_vio_v1_0_12_reg_array__parameterized2__1 is either unconnected or has no load
WARNING: [Synth 8-7129] Port data_i[10] in module axis_vio_v1_0_12_reg_array__parameterized2__1 is either unconnected or has no load
WARNING: [Synth 8-7129] Port data_i[9] in module axis_vio_v1_0_12_reg_array__parameterized2__1 is either unconnected or has no load
WARNING: [Synth 8-7129] Port data_i[8] in module axis_vio_v1_0_12_reg_array__parameterized2__1 is either unconnected or has no load
INFO: [Common 17-14] Message 'Synth 8-7129' appears 100 times and further instances of the messages will be disabled. Use the Tcl command set_msg_config to change the current settings.
INFO: [Synth 8-3886] merging instance 'gen_vio_status_monitor.u_vio_status_monitor/inst/probe_out_all_inst/G_PROBE_OUT[0].probe_out_all_sync/genblk1_0.xpm_cdc_handshake_inst/src_hsdata_ff_reg[1]' (FDE) to 'gen_vio_status_monitor.u_vio_status_monitor/inst/probe_out_all_inst/G_PROBE_OUT[0].probe_out_all_sync/genblk1_0.xpm_cdc_handshake_inst/src_hsdata_ff_reg[2]'
INFO: [Synth 8-3886] merging instance 'gen_vio_status_monitor.u_vio_status_monitor/inst/probe_out_all_inst/G_PROBE_OUT[0].probe_out_all_sync/genblk1_0.xpm_cdc_handshake_inst/src_hsdata_ff_reg[2]' (FDE) to 'gen_vio_status_monitor.u_vio_status_monitor/inst/probe_out_all_inst/G_PROBE_OUT[0].probe_out_all_sync/genblk1_0.xpm_cdc_handshake_inst/src_hsdata_ff_reg[3]'
INFO: [Synth 8-3886] merging instance 'gen_vio_status_monitor.u_vio_status_monitor/inst/probe_out_all_inst/G_PROBE_OUT[0].probe_out_all_sync/genblk1_0.xpm_cdc_handshake_inst/src_hsdata_ff_reg[3]' (FDE) to 'gen_vio_status_monitor.u_vio_status_monitor/inst/probe_out_all_inst/G_PROBE_OUT[0].probe_out_all_sync/genblk1_0.xpm_cdc_handshake_inst/src_hsdata_ff_reg[4]'
INFO: [Synth 8-3886] merging instance 'gen_vio_status_monitor.u_vio_status_monitor/inst/probe_out_all_inst/G_PROBE_OUT[0].probe_out_all_sync/genblk1_0.xpm_cdc_handshake_inst/src_hsdata_ff_reg[4]' (FDE) to 'gen_vio_status_monitor.u_vio_status_monitor/inst/probe_out_all_inst/G_PROBE_OUT[0].probe_out_all_sync/genblk1_0.xpm_cdc_handshake_inst/src_hsdata_ff_reg[5]'
INFO: [Synth 8-3886] merging instance 'gen_vio_status_monitor.u_vio_status_monitor/inst/probe_out_all_inst/G_PROBE_OUT[0].probe_out_all_sync/genblk1_0.xpm_cdc_handshake_inst/src_hsdata_ff_reg[5]' (FDE) to 'gen_vio_status_monitor.u_vio_status_monitor/inst/probe_out_all_inst/G_PROBE_OUT[0].probe_out_all_sync/genblk1_0.xpm_cdc_handshake_inst/src_hsdata_ff_reg[6]'
INFO: [Synth 8-3886] merging instance 'gen_vio_status_monitor.u_vio_status_monitor/inst/probe_out_all_inst/G_PROBE_OUT[0].probe_out_all_sync/genblk1_0.xpm_cdc_handshake_inst/src_hsdata_ff_reg[6]' (FDE) to 'gen_vio_status_monitor.u_vio_status_monitor/inst/probe_out_all_inst/G_PROBE_OUT[0].probe_out_all_sync/genblk1_0.xpm_cdc_handshake_inst/src_hsdata_ff_reg[7]'
INFO: [Synth 8-3886] merging instance 'gen_vio_status_monitor.u_vio_status_monitor/inst/probe_out_all_inst/G_PROBE_OUT[0].probe_out_all_sync/genblk1_0.xpm_cdc_handshake_inst/src_hsdata_ff_reg[7]' (FDE) to 'gen_vio_status_monitor.u_vio_status_monitor/inst/probe_out_all_inst/G_PROBE_OUT[0].probe_out_all_sync/genblk1_0.xpm_cdc_handshake_inst/src_hsdata_ff_reg[8]'
INFO: [Synth 8-3886] merging instance 'gen_vio_status_monitor.u_vio_status_monitor/inst/probe_out_all_inst/G_PROBE_OUT[0].probe_out_all_sync/genblk1_0.xpm_cdc_handshake_inst/src_hsdata_ff_reg[8]' (FDE) to 'gen_vio_status_monitor.u_vio_status_monitor/inst/probe_out_all_inst/G_PROBE_OUT[0].probe_out_all_sync/genblk1_0.xpm_cdc_handshake_inst/src_hsdata_ff_reg[9]'
INFO: [Synth 8-3886] merging instance 'gen_vio_status_monitor.u_vio_status_monitor/inst/probe_out_all_inst/G_PROBE_OUT[0].probe_out_all_sync/genblk1_0.xpm_cdc_handshake_inst/src_hsdata_ff_reg[9]' (FDE) to 'gen_vio_status_monitor.u_vio_status_monitor/inst/probe_out_all_inst/G_PROBE_OUT[0].probe_out_all_sync/genblk1_0.xpm_cdc_handshake_inst/src_hsdata_ff_reg[10]'
INFO: [Synth 8-3886] merging instance 'gen_vio_status_monitor.u_vio_status_monitor/inst/probe_out_all_inst/G_PROBE_OUT[0].probe_out_all_sync/genblk1_0.xpm_cdc_handshake_inst/src_hsdata_ff_reg[10]' (FDE) to 'gen_vio_status_monitor.u_vio_status_monitor/inst/probe_out_all_inst/G_PROBE_OUT[0].probe_out_all_sync/genblk1_0.xpm_cdc_handshake_inst/src_hsdata_ff_reg[11]'
INFO: [Synth 8-3886] merging instance 'gen_vio_status_monitor.u_vio_status_monitor/inst/probe_out_all_inst/G_PROBE_OUT[0].probe_out_all_sync/genblk1_0.xpm_cdc_handshake_inst/src_hsdata_ff_reg[11]' (FDE) to 'gen_vio_status_monitor.u_vio_status_monitor/inst/probe_out_all_inst/G_PROBE_OUT[0].probe_out_all_sync/genblk1_0.xpm_cdc_handshake_inst/src_hsdata_ff_reg[12]'
INFO: [Synth 8-3886] merging instance 'gen_vio_status_monitor.u_vio_status_monitor/inst/probe_out_all_inst/G_PROBE_OUT[0].probe_out_all_sync/genblk1_0.xpm_cdc_handshake_inst/src_hsdata_ff_reg[12]' (FDE) to 'gen_vio_status_monitor.u_vio_status_monitor/inst/probe_out_all_inst/G_PROBE_OUT[0].probe_out_all_sync/genblk1_0.xpm_cdc_handshake_inst/src_hsdata_ff_reg[13]'
INFO: [Synth 8-3886] merging instance 'gen_vio_status_monitor.u_vio_status_monitor/inst/probe_out_all_inst/G_PROBE_OUT[0].probe_out_all_sync/genblk1_0.xpm_cdc_handshake_inst/src_hsdata_ff_reg[13]' (FDE) to 'gen_vio_status_monitor.u_vio_status_monitor/inst/probe_out_all_inst/G_PROBE_OUT[0].probe_out_all_sync/genblk1_0.xpm_cdc_handshake_inst/src_hsdata_ff_reg[14]'
INFO: [Synth 8-3886] merging instance 'gen_vio_status_monitor.u_vio_status_monitor/inst/probe_out_all_inst/G_PROBE_OUT[0].probe_out_all_sync/genblk1_0.xpm_cdc_handshake_inst/src_hsdata_ff_reg[14]' (FDE) to 'gen_vio_status_monitor.u_vio_status_monitor/inst/probe_out_all_inst/G_PROBE_OUT[0].probe_out_all_sync/genblk1_0.xpm_cdc_handshake_inst/src_hsdata_ff_reg[15]'
INFO: [Synth 8-3886] merging instance 'gen_vio_status_monitor.u_vio_status_monitor/inst/probe_out_all_inst/G_PROBE_OUT[0].probe_out_all_sync/genblk1_0.xpm_cdc_handshake_inst/src_hsdata_ff_reg[15]' (FDE) to 'gen_vio_status_monitor.u_vio_status_monitor/inst/probe_out_all_inst/G_PROBE_OUT[0].probe_out_all_sync/genblk1_0.xpm_cdc_handshake_inst/src_hsdata_ff_reg[16]'
INFO: [Synth 8-3886] merging instance 'gen_vio_status_monitor.u_vio_status_monitor/inst/probe_out_all_inst/G_PROBE_OUT[0].probe_out_all_sync/genblk1_0.xpm_cdc_handshake_inst/src_hsdata_ff_reg[16]' (FDE) to 'gen_vio_status_monitor.u_vio_status_monitor/inst/probe_out_all_inst/G_PROBE_OUT[0].probe_out_all_sync/genblk1_0.xpm_cdc_handshake_inst/src_hsdata_ff_reg[17]'
INFO: [Synth 8-3886] merging instance 'gen_vio_status_monitor.u_vio_status_monitor/inst/probe_out_all_inst/G_PROBE_OUT[0].probe_out_all_sync/genblk1_0.xpm_cdc_handshake_inst/src_hsdata_ff_reg[17]' (FDE) to 'gen_vio_status_monitor.u_vio_status_monitor/inst/probe_out_all_inst/G_PROBE_OUT[0].probe_out_all_sync/genblk1_0.xpm_cdc_handshake_inst/src_hsdata_ff_reg[18]'
INFO: [Synth 8-3886] merging instance 'gen_vio_status_monitor.u_vio_status_monitor/inst/probe_out_all_inst/G_PROBE_OUT[0].probe_out_all_sync/genblk1_0.xpm_cdc_handshake_inst/src_hsdata_ff_reg[18]' (FDE) to 'gen_vio_status_monitor.u_vio_status_monitor/inst/probe_out_all_inst/G_PROBE_OUT[0].probe_out_all_sync/genblk1_0.xpm_cdc_handshake_inst/src_hsdata_ff_reg[19]'
INFO: [Synth 8-3886] merging instance 'gen_vio_status_monitor.u_vio_status_monitor/inst/probe_out_all_inst/G_PROBE_OUT[0].probe_out_all_sync/genblk1_0.xpm_cdc_handshake_inst/src_hsdata_ff_reg[19]' (FDE) to 'gen_vio_status_monitor.u_vio_status_monitor/inst/probe_out_all_inst/G_PROBE_OUT[0].probe_out_all_sync/genblk1_0.xpm_cdc_handshake_inst/src_hsdata_ff_reg[20]'
INFO: [Synth 8-3886] merging instance 'gen_vio_status_monitor.u_vio_status_monitor/inst/probe_out_all_inst/G_PROBE_OUT[0].probe_out_all_sync/genblk1_0.xpm_cdc_handshake_inst/src_hsdata_ff_reg[20]' (FDE) to 'gen_vio_status_monitor.u_vio_status_monitor/inst/probe_out_all_inst/G_PROBE_OUT[0].probe_out_all_sync/genblk1_0.xpm_cdc_handshake_inst/src_hsdata_ff_reg[21]'
INFO: [Synth 8-3886] merging instance 'gen_vio_status_monitor.u_vio_status_monitor/inst/probe_out_all_inst/G_PROBE_OUT[0].probe_out_all_sync/genblk1_0.xpm_cdc_handshake_inst/src_hsdata_ff_reg[21]' (FDE) to 'gen_vio_status_monitor.u_vio_status_monitor/inst/probe_out_all_inst/G_PROBE_OUT[0].probe_out_all_sync/genblk1_0.xpm_cdc_handshake_inst/src_hsdata_ff_reg[22]'
INFO: [Synth 8-3886] merging instance 'gen_vio_status_monitor.u_vio_status_monitor/inst/probe_out_all_inst/G_PROBE_OUT[0].probe_out_all_sync/genblk1_0.xpm_cdc_handshake_inst/src_hsdata_ff_reg[22]' (FDE) to 'gen_vio_status_monitor.u_vio_status_monitor/inst/probe_out_all_inst/G_PROBE_OUT[0].probe_out_all_sync/genblk1_0.xpm_cdc_handshake_inst/src_hsdata_ff_reg[23]'
INFO: [Synth 8-3886] merging instance 'gen_vio_status_monitor.u_vio_status_monitor/inst/probe_out_all_inst/G_PROBE_OUT[0].probe_out_all_sync/genblk1_0.xpm_cdc_handshake_inst/src_hsdata_ff_reg[23]' (FDE) to 'gen_vio_status_monitor.u_vio_status_monitor/inst/probe_out_all_inst/G_PROBE_OUT[0].probe_out_all_sync/genblk1_0.xpm_cdc_handshake_inst/src_hsdata_ff_reg[24]'
INFO: [Synth 8-3886] merging instance 'gen_vio_status_monitor.u_vio_status_monitor/inst/probe_out_all_inst/G_PROBE_OUT[0].probe_out_all_sync/genblk1_0.xpm_cdc_handshake_inst/src_hsdata_ff_reg[24]' (FDE) to 'gen_vio_status_monitor.u_vio_status_monitor/inst/probe_out_all_inst/G_PROBE_OUT[0].probe_out_all_sync/genblk1_0.xpm_cdc_handshake_inst/src_hsdata_ff_reg[25]'
INFO: [Synth 8-3886] merging instance 'gen_vio_status_monitor.u_vio_status_monitor/inst/probe_out_all_inst/G_PROBE_OUT[0].probe_out_all_sync/genblk1_0.xpm_cdc_handshake_inst/src_hsdata_ff_reg[25]' (FDE) to 'gen_vio_status_monitor.u_vio_status_monitor/inst/probe_out_all_inst/G_PROBE_OUT[0].probe_out_all_sync/genblk1_0.xpm_cdc_handshake_inst/src_hsdata_ff_reg[26]'
INFO: [Synth 8-3886] merging instance 'gen_vio_status_monitor.u_vio_status_monitor/inst/probe_out_all_inst/G_PROBE_OUT[0].probe_out_all_sync/genblk1_0.xpm_cdc_handshake_inst/src_hsdata_ff_reg[26]' (FDE) to 'gen_vio_status_monitor.u_vio_status_monitor/inst/probe_out_all_inst/G_PROBE_OUT[0].probe_out_all_sync/genblk1_0.xpm_cdc_handshake_inst/src_hsdata_ff_reg[27]'
INFO: [Synth 8-3886] merging instance 'gen_vio_status_monitor.u_vio_status_monitor/inst/probe_out_all_inst/G_PROBE_OUT[0].probe_out_all_sync/genblk1_0.xpm_cdc_handshake_inst/src_hsdata_ff_reg[27]' (FDE) to 'gen_vio_status_monitor.u_vio_status_monitor/inst/probe_out_all_inst/G_PROBE_OUT[0].probe_out_all_sync/genblk1_0.xpm_cdc_handshake_inst/src_hsdata_ff_reg[28]'
INFO: [Synth 8-3886] merging instance 'gen_vio_status_monitor.u_vio_status_monitor/inst/probe_out_all_inst/G_PROBE_OUT[0].probe_out_all_sync/genblk1_0.xpm_cdc_handshake_inst/src_hsdata_ff_reg[28]' (FDE) to 'gen_vio_status_monitor.u_vio_status_monitor/inst/probe_out_all_inst/G_PROBE_OUT[0].probe_out_all_sync/genblk1_0.xpm_cdc_handshake_inst/src_hsdata_ff_reg[29]'
INFO: [Synth 8-3886] merging instance 'gen_vio_status_monitor.u_vio_status_monitor/inst/probe_out_all_inst/G_PROBE_OUT[0].probe_out_all_sync/genblk1_0.xpm_cdc_handshake_inst/src_hsdata_ff_reg[29]' (FDE) to 'gen_vio_status_monitor.u_vio_status_monitor/inst/probe_out_all_inst/G_PROBE_OUT[0].probe_out_all_sync/genblk1_0.xpm_cdc_handshake_inst/src_hsdata_ff_reg[30]'
INFO: [Synth 8-3886] merging instance 'gen_vio_status_monitor.u_vio_status_monitor/inst/probe_out_all_inst/G_PROBE_OUT[0].probe_out_all_sync/genblk1_0.xpm_cdc_handshake_inst/src_hsdata_ff_reg[30]' (FDE) to 'gen_vio_status_monitor.u_vio_status_monitor/inst/probe_out_all_inst/G_PROBE_OUT[0].probe_out_all_sync/genblk1_0.xpm_cdc_handshake_inst/src_hsdata_ff_reg[31]'
INFO: [Synth 8-3333] propagating constant 0 across sequential element (\gen_vio_status_monitor.u_vio_status_monitor /inst/\probe_out_all_inst/G_PROBE_OUT[0].probe_out_all_sync/genblk1_0.xpm_cdc_handshake_inst /\src_hsdata_ff_reg[31] )
WARNING: [Synth 8-3332] Sequential element (u_axis_vio_v1_0_12_valid_last_gen/FSM_sequential_state_last_reg[1]) is unused and will be removed from module axis_vio_v1_0_12_vio.
WARNING: [Synth 8-3332] Sequential element (u_axis_vio_v1_0_12_valid_last_gen/FSM_sequential_state_last_reg[0]) is unused and will be removed from module axis_vio_v1_0_12_vio.
WARNING: [Synth 8-3332] Sequential element (FSM_sequential_rd_state_reg[1]) is unused and will be removed from module axis_vio_v1_0_12_vio.
WARNING: [Synth 8-3332] Sequential element (FSM_sequential_rd_state_reg[0]) is unused and will be removed from module axis_vio_v1_0_12_vio.
INFO: [Synth 8-3333] propagating constant 0 across sequential element (\gen_vio_status_monitor.u_vio_status_monitor /inst/\probe_out_all_inst/G_PROBE_OUT[0].probe_out_one_inst /\mem_addr_reg[0] )
INFO: [Synth 8-3333] propagating constant 1 across sequential element (\gen_vio_status_monitor.u_vio_status_monitor /inst/\probe_out_all_inst/G_PROBE_OUT[0].probe_out_one_inst /\FSM_onehot_state_rd_wr_reg[0] )
INFO: [Synth 8-3886] merging instance 'gen_vio_status_monitor.u_vio_status_monitor/inst/probe_out_all_inst/G_PROBE_OUT[0].probe_out_one_inst/FSM_onehot_state_rd_wr_reg[1]' (FDRE) to 'gen_vio_status_monitor.u_vio_status_monitor/inst/probe_out_all_inst/G_PROBE_OUT[0].probe_out_one_inst/FSM_onehot_state_rd_wr_reg[2]'
INFO: [Synth 8-3333] propagating constant 0 across sequential element (\gen_vio_status_monitor.u_vio_status_monitor /inst/\probe_out_all_inst/G_PROBE_OUT[0].probe_out_one_inst /\FSM_onehot_state_rd_wr_reg[2] )
WARNING: [Synth 8-3332] Sequential element (FSM_onehot_state_rd_wr_reg[2]) is unused and will be removed from module axis_vio_v1_0_12_reg_array__parameterized1__1.
WARNING: [Synth 8-3332] Sequential element (FSM_onehot_state_rd_wr_reg[0]) is unused and will be removed from module axis_vio_v1_0_12_reg_array__parameterized1__1.
INFO: [Synth 8-3333] propagating constant 0 across sequential element (\gen_vio_status_monitor.u_vio_status_monitor /inst/u_core_ctrl_reg/\mem_addr_reg[0] )
INFO: [Synth 8-3333] propagating constant 1 across sequential element (\gen_vio_status_monitor.u_vio_status_monitor /inst/u_core_ctrl_reg/\FSM_onehot_state_rd_wr_reg[0] )
INFO: [Synth 8-3886] merging instance 'gen_vio_status_monitor.u_vio_status_monitor/inst/u_core_ctrl_reg/FSM_onehot_state_rd_wr_reg[1]' (FDRE) to 'gen_vio_status_monitor.u_vio_status_monitor/inst/u_core_ctrl_reg/FSM_onehot_state_rd_wr_reg[2]'
INFO: [Synth 8-3333] propagating constant 0 across sequential element (\gen_vio_status_monitor.u_vio_status_monitor /inst/u_core_ctrl_reg/\FSM_onehot_state_rd_wr_reg[2] )
WARNING: [Synth 8-3332] Sequential element (FSM_onehot_state_rd_wr_reg[2]) is unused and will be removed from module axis_vio_v1_0_12_reg_array__parameterized1.
WARNING: [Synth 8-3332] Sequential element (FSM_onehot_state_rd_wr_reg[0]) is unused and will be removed from module axis_vio_v1_0_12_reg_array__parameterized1.
