0, Write, 1005, 1562, 557, 0, 0, 0, 0, 0, 0, 0, 127, 5, 2513 ns
0, Write, 1133, 1688, 555, 0, 0, 0, 0, 0, 0, 0, 127, 5, 2833 ns
0, Write, 1261, 1816, 555, 0, 0, 0, 0, 0, 0, 0, 127, 5, 3153 ns
0, Write, 1389, 1944, 555, 0, 0, 0, 0, 0, 0, 0, 127, 5, 3473 ns
0, Write, 1517, 2072, 555, 0, 0, 0, 0, 0, 0, 0, 127, 5, 3793 ns
0, Write, 1645, 2200, 555, 0, 0, 0, 0, 0, 0, 0, 127, 5, 4113 ns
0, Write, 1773, 2328, 555, 0, 0, 0, 0, 0, 0, 0, 127, 5, 4433 ns
0, Write, 1901, 2456, 555, 0, 0, 0, 0, 0, 0, 0, 127, 5, 4753 ns
0, Write, 2029, 2584, 555, 0, 0, 0, 0, 0, 0, 0, 127, 5, 5073 ns
0, Write, 2157, 2712, 555, 0, 0, 0, 0, 0, 0, 0, 127, 5, 5393 ns
0, Write, 2285, 2840, 555, 0, 0, 0, 0, 0, 0, 0, 127, 5, 5713 ns
0, Write, 2413, 3131, 718, 0, 0, 0, 0, 0, 0, 0, 127, 5, 6033 ns
0, Write, 2541, 3258, 717, 0, 0, 0, 0, 0, 0, 0, 127, 5, 6353 ns
0, Write, 2669, 3386, 717, 0, 0, 0, 0, 0, 0, 0, 127, 5, 6673 ns
0, Write, 2797, 3514, 717, 0, 0, 0, 0, 0, 0, 0, 127, 5, 6993 ns
0, Write, 2925, 3642, 717, 0, 0, 0, 0, 0, 0, 0, 127, 5, 7313 ns
0, Write, 3053, 3770, 717, 0, 0, 0, 0, 0, 0, 0, 127, 5, 7633 ns
0, Write, 3181, 3898, 717, 0, 0, 0, 0, 0, 0, 0, 127, 5, 7953 ns
0, Write, 3309, 4026, 717, 0, 0, 0, 0, 0, 0, 0, 127, 5, 8273 ns
0, Write, 3437, 4154, 717, 0, 0, 0, 0, 0, 0, 0, 127, 5, 8593 ns
0, Write, 3565, 4282, 717, 0, 0, 0, 0, 0, 0, 0, 127, 5, 8913 ns
0, Write, 3693, 4410, 717, 0, 0, 0, 0, 0, 0, 0, 127, 5, 9233 ns
0, Write, 3821, 4697, 876, 0, 0, 0, 0, 0, 0, 0, 127, 5, 9553 ns
0, Write, 3949, 4824, 875, 0, 0, 0, 0, 0, 0, 0, 127, 5, 9873 ns
0, Write, 4077, 4952, 875, 0, 0, 0, 0, 0, 0, 0, 127, 5, 10193 ns
0, Write, 4205, 5080, 875, 0, 0, 0, 0, 0, 0, 0, 127, 5, 10513 ns
0, Write, 4333, 5208, 875, 0, 0, 0, 0, 0, 0, 0, 127, 5, 10833 ns
0, Write, 4461, 5336, 875, 0, 0, 0, 0, 0, 0, 0, 127, 5, 11153 ns
0, Write, 4680, 5464, 784, 0, 0, 0, 0, 0, 0, 0, 127, 5, 11700 ns
0, Write, 4808, 5592, 784, 0, 0, 0, 0, 0, 0, 0, 127, 5, 12020 ns
0, Write, 4936, 5720, 784, 0, 0, 0, 0, 0, 0, 0, 127, 5, 12340 ns
0, Write, 5064, 5848, 784, 0, 0, 0, 0, 0, 0, 0, 127, 5, 12660 ns
0, Write, 5192, 5976, 784, 0, 0, 0, 0, 0, 0, 0, 127, 5, 12980 ns
0, Write, 5320, 6265, 945, 0, 0, 0, 0, 0, 0, 0, 127, 5, 13300 ns
0, Write, 5448, 6393, 945, 0, 0, 0, 0, 0, 0, 0, 127, 5, 13620 ns
0, Write, 5576, 6521, 945, 0, 0, 0, 0, 0, 0, 0, 127, 5, 13940 ns
0, Write, 5704, 6649, 945, 0, 0, 0, 0, 0, 0, 0, 127, 5, 14260 ns
0, Write, 5832, 6777, 945, 0, 0, 0, 0, 0, 0, 0, 127, 5, 14580 ns
0, Write, 5960, 6905, 945, 0, 0, 0, 0, 0, 0, 0, 127, 5, 14900 ns
0, Write, 6249, 7033, 784, 0, 0, 0, 0, 0, 0, 0, 127, 5, 15623 ns
0, Write, 6250, 7161, 911, 0, 0, 0, 0, 0, 0, 0, 127, 5, 15625 ns
0, Write, 6505, 7289, 784, 0, 0, 0, 0, 0, 0, 0, 127, 5, 16263 ns
0, Write, 6506, 7417, 911, 0, 0, 0, 0, 0, 0, 0, 127, 5, 16265 ns
0, Write, 6761, 7545, 784, 0, 0, 0, 0, 0, 0, 0, 127, 5, 16903 ns
0, Write, 6762, 7831, 1069, 0, 0, 0, 0, 0, 0, 0, 127, 5, 16905 ns
0, Write, 7017, 7959, 942, 0, 0, 0, 0, 0, 0, 0, 127, 5, 17543 ns
0, Write, 7018, 8087, 1069, 0, 0, 0, 0, 0, 0, 0, 127, 5, 17545 ns
0, Write, 7273, 8215, 942, 0, 0, 0, 0, 0, 0, 0, 127, 5, 18183 ns
0, Write, 7274, 8343, 1069, 0, 0, 0, 0, 0, 0, 0, 127, 5, 18185 ns
0, Write, 7529, 8471, 942, 0, 0, 0, 0, 0, 0, 0, 127, 5, 18823 ns
0, Write, 7530, 8599, 1069, 0, 0, 0, 0, 0, 0, 0, 127, 5, 18825 ns
0, Write, 7815, 8727, 912, 0, 0, 0, 0, 0, 0, 0, 127, 5, 19538 ns
0, Write, 7943, 8855, 912, 0, 0, 0, 0, 0, 0, 0, 127, 5, 19858 ns
0, Write, 8071, 8983, 912, 0, 0, 0, 0, 0, 0, 0, 127, 5, 20178 ns
0, Write, 8199, 9111, 912, 0, 0, 0, 0, 0, 0, 0, 127, 5, 20498 ns
0, Write, 8327, 9398, 1071, 0, 0, 0, 0, 0, 0, 0, 127, 5, 20818 ns
0, Write, 8455, 9526, 1071, 0, 0, 0, 0, 0, 0, 0, 127, 5, 21138 ns
0, Write, 8583, 9654, 1071, 0, 0, 0, 0, 0, 0, 0, 127, 5, 21458 ns
0, Write, 8711, 9782, 1071, 0, 0, 0, 0, 0, 0, 0, 127, 5, 21778 ns
0, Write, 8839, 9910, 1071, 0, 0, 0, 0, 0, 0, 0, 127, 5, 22098 ns
0, Write, 8967, 10038, 1071, 0, 0, 0, 0, 0, 0, 0, 127, 5, 22418 ns
0, Write, 9095, 10166, 1071, 0, 0, 0, 0, 0, 0, 0, 127, 5, 22738 ns
0, Write, 9382, 10294, 912, 0, 0, 0, 0, 0, 0, 0, 127, 5, 23455 ns
0, Write, 9510, 10422, 912, 0, 0, 0, 0, 0, 0, 0, 127, 5, 23775 ns
0, Write, 9638, 10550, 912, 0, 0, 0, 0, 0, 0, 0, 127, 5, 24095 ns
0, Write, 9766, 10678, 912, 0, 0, 0, 0, 0, 0, 0, 127, 5, 24415 ns
0, Write, 9894, 10965, 1071, 0, 0, 0, 0, 0, 0, 0, 127, 5, 24735 ns
0, Write, 10022, 11093, 1071, 0, 0, 0, 0, 0, 0, 0, 127, 5, 25055 ns
0, Write, 10150, 11221, 1071, 0, 0, 0, 0, 0, 0, 0, 127, 5, 25375 ns
0, Write, 10278, 11349, 1071, 0, 0, 0, 0, 0, 0, 0, 127, 5, 25695 ns
0, Write, 10406, 11477, 1071, 0, 0, 0, 0, 0, 0, 0, 127, 5, 26015 ns
0, Write, 10534, 11605, 1071, 0, 0, 0, 0, 0, 0, 0, 127, 5, 26335 ns
0, Write, 10662, 11733, 1071, 0, 0, 0, 0, 0, 0, 0, 127, 5, 26655 ns
0, Write, 10949, 11861, 912, 0, 0, 0, 0, 0, 0, 0, 127, 5, 27373 ns
0, Write, 11077, 11989, 912, 0, 0, 0, 0, 0, 0, 0, 127, 5, 27693 ns
0, Write, 11205, 12117, 912, 0, 0, 0, 0, 0, 0, 0, 127, 5, 28013 ns
0, Write, 11333, 12418, 1085, 0, 0, 0, 0, 0, 0, 0, 127, 5, 28333 ns
0, Write, 11461, 12532, 1071, 0, 0, 0, 0, 0, 0, 0, 127, 5, 28653 ns
0, Write, 11589, 12660, 1071, 0, 0, 0, 0, 0, 0, 0, 127, 5, 28973 ns
0, Write, 11717, 12788, 1071, 0, 0, 0, 0, 0, 0, 0, 127, 5, 29293 ns
0, Write, 11845, 12916, 1071, 0, 0, 0, 0, 0, 0, 0, 127, 5, 29613 ns
0, Write, 11973, 13044, 1071, 0, 0, 0, 0, 0, 0, 0, 127, 5, 29933 ns
0, Write, 12101, 13172, 1071, 0, 0, 0, 0, 0, 0, 0, 127, 5, 30253 ns
0, Write, 12229, 13300, 1071, 0, 0, 0, 0, 0, 0, 0, 127, 5, 30573 ns
0, Write, 12516, 13428, 912, 0, 0, 0, 0, 0, 0, 0, 127, 5, 31290 ns
0, Write, 12644, 13556, 912, 0, 0, 0, 0, 0, 0, 0, 127, 5, 31610 ns
0, Write, 12772, 13684, 912, 0, 0, 0, 0, 0, 0, 0, 127, 5, 31930 ns
0, Write, 12900, 13984, 1084, 0, 0, 0, 0, 0, 0, 0, 127, 5, 32250 ns
0, Write, 13028, 14099, 1071, 0, 0, 0, 0, 0, 0, 0, 127, 5, 32570 ns
0, Write, 13156, 14227, 1071, 0, 0, 0, 0, 0, 0, 0, 127, 5, 32890 ns
0, Write, 13284, 14355, 1071, 0, 0, 0, 0, 0, 0, 0, 127, 5, 33210 ns
0, Write, 13412, 14483, 1071, 0, 0, 0, 0, 0, 0, 0, 127, 5, 33530 ns
0, Write, 13540, 14611, 1071, 0, 0, 0, 0, 0, 0, 0, 127, 5, 33850 ns
0, Write, 13668, 14739, 1071, 0, 0, 0, 0, 0, 0, 0, 127, 5, 34170 ns
0, Write, 13796, 14867, 1071, 0, 0, 0, 0, 0, 0, 0, 127, 5, 34490 ns
0, Write, 14083, 14995, 912, 0, 0, 0, 0, 0, 0, 0, 127, 5, 35208 ns
0, Write, 14211, 15123, 912, 0, 0, 0, 0, 0, 0, 0, 127, 5, 35528 ns
0, Write, 14339, 15251, 912, 0, 0, 0, 0, 0, 0, 0, 127, 5, 35848 ns
0, Write, 14467, 15549, 1082, 0, 0, 0, 0, 0, 0, 0, 127, 5, 36168 ns
0, Write, 14595, 15665, 1070, 0, 0, 0, 0, 0, 0, 0, 127, 5, 36488 ns
0, Read, 15667, 15835, 168, 0, 0, 0, 0, 0, 0, 0, 127, 5, 39168 ns
0, Read, 15795, 15963, 168, 0, 0, 0, 0, 0, 0, 0, 127, 5, 39488 ns
0, Read, 15923, 16091, 168, 0, 0, 0, 0, 0, 0, 0, 127, 5, 39808 ns
0, Read, 16051, 16226, 175, 0, 0, 0, 0, 0, 0, 0, 127, 5, 40128 ns
0, Read, 16179, 16354, 175, 0, 0, 0, 0, 0, 0, 0, 127, 5, 40448 ns
0, Read, 16307, 16482, 175, 0, 0, 0, 0, 0, 0, 0, 127, 5, 40768 ns
0, Read, 16435, 16610, 175, 0, 0, 0, 0, 0, 0, 0, 127, 5, 41088 ns
0, Read, 16563, 16738, 175, 0, 0, 0, 0, 0, 0, 0, 127, 5, 41408 ns
0, Read, 16691, 16866, 175, 0, 0, 0, 0, 0, 0, 0, 127, 5, 41728 ns
0, Read, 16819, 17130, 311, 0, 0, 0, 0, 0, 0, 0, 127, 5, 42048 ns
0, Read, 16947, 17258, 311, 0, 0, 0, 0, 0, 0, 0, 127, 5, 42368 ns
0, Read, 17075, 17386, 311, 0, 0, 0, 0, 0, 0, 0, 127, 5, 42688 ns
0, Read, 17203, 17514, 311, 0, 0, 0, 0, 0, 0, 0, 127, 5, 43008 ns
0, Read, 17331, 17642, 311, 0, 0, 0, 0, 0, 0, 0, 127, 5, 43328 ns
0, Read, 17459, 17770, 311, 0, 0, 0, 0, 0, 0, 0, 127, 5, 43648 ns
0, Read, 17587, 17898, 311, 0, 0, 0, 0, 0, 0, 0, 127, 5, 43968 ns
0, Read, 17715, 18026, 311, 0, 0, 0, 0, 0, 0, 0, 127, 5, 44288 ns
0, Read, 17843, 18154, 311, 0, 0, 0, 0, 0, 0, 0, 127, 5, 44608 ns
0, Read, 17971, 18282, 311, 0, 0, 0, 0, 0, 0, 0, 127, 5, 44928 ns
0, Read, 18099, 18410, 311, 0, 0, 0, 0, 0, 0, 0, 127, 5, 45248 ns
0, Read, 18227, 18538, 311, 0, 0, 0, 0, 0, 0, 0, 127, 5, 45568 ns
0, Read, 18355, 18762, 407, 0, 0, 0, 0, 0, 0, 0, 127, 5, 45888 ns
0, Read, 18483, 18890, 407, 0, 0, 0, 0, 0, 0, 0, 127, 5, 46208 ns
0, Read, 18611, 19018, 407, 0, 0, 0, 0, 0, 0, 0, 127, 5, 46528 ns
0, Read, 18739, 19146, 407, 0, 0, 0, 0, 0, 0, 0, 127, 5, 46848 ns
0, Read, 18867, 19274, 407, 0, 0, 0, 0, 0, 0, 0, 127, 5, 47168 ns
0, Read, 18995, 19402, 407, 0, 0, 0, 0, 0, 0, 0, 127, 5, 47488 ns
0, Read, 19123, 19530, 407, 0, 0, 0, 0, 0, 0, 0, 127, 5, 47808 ns
0, Read, 19251, 19658, 407, 0, 0, 0, 0, 0, 0, 0, 127, 5, 48128 ns
0, Read, 19379, 19786, 407, 0, 0, 0, 0, 0, 0, 0, 127, 5, 48448 ns
0, Read, 19507, 19914, 407, 0, 0, 0, 0, 0, 0, 0, 127, 5, 48768 ns
0, Read, 19635, 20042, 407, 0, 0, 0, 0, 0, 0, 0, 127, 5, 49088 ns
0, Read, 19763, 20266, 503, 0, 0, 0, 0, 0, 0, 0, 127, 5, 49408 ns
0, Read, 19891, 20394, 503, 0, 0, 0, 0, 0, 0, 0, 127, 5, 49728 ns
0, Read, 20019, 20522, 503, 0, 0, 0, 0, 0, 0, 0, 127, 5, 50048 ns
0, Read, 20147, 20650, 503, 0, 0, 0, 0, 0, 0, 0, 127, 5, 50368 ns
0, Read, 20275, 20778, 503, 0, 0, 0, 0, 0, 0, 0, 127, 5, 50688 ns
0, Read, 20403, 20906, 503, 0, 0, 0, 0, 0, 0, 0, 127, 5, 51008 ns
0, Read, 20531, 21034, 503, 0, 0, 0, 0, 0, 0, 0, 127, 5, 51328 ns
0, Read, 20659, 21162, 503, 0, 0, 0, 0, 0, 0, 0, 127, 5, 51648 ns
0, Read, 20787, 21290, 503, 0, 0, 0, 0, 0, 0, 0, 127, 5, 51968 ns
0, Read, 20915, 21418, 503, 0, 0, 0, 0, 0, 0, 0, 127, 5, 52288 ns
0, Read, 21043, 21546, 503, 0, 0, 0, 0, 0, 0, 0, 127, 5, 52608 ns
0, Read, 21171, 21674, 503, 0, 0, 0, 0, 0, 0, 0, 127, 5, 52928 ns
0, Read, 21299, 21907, 608, 0, 0, 0, 0, 0, 0, 0, 127, 5, 53248 ns
0, Read, 21427, 22035, 608, 0, 0, 0, 0, 0, 0, 0, 127, 5, 53568 ns
0, Read, 21555, 22163, 608, 0, 0, 0, 0, 0, 0, 0, 127, 5, 53888 ns
0, Read, 21683, 22291, 608, 0, 0, 0, 0, 0, 0, 0, 127, 5, 54208 ns
0, Read, 21811, 22419, 608, 0, 0, 0, 0, 0, 0, 0, 127, 5, 54528 ns
0, Read, 21939, 22547, 608, 0, 0, 0, 0, 0, 0, 0, 127, 5, 54848 ns
0, Read, 22067, 22675, 608, 0, 0, 0, 0, 0, 0, 0, 127, 5, 55168 ns
0, Read, 22195, 22803, 608, 0, 0, 0, 0, 0, 0, 0, 127, 5, 55488 ns
0, Read, 22323, 22931, 608, 0, 0, 0, 0, 0, 0, 0, 127, 5, 55808 ns
0, Read, 22451, 23059, 608, 0, 0, 0, 0, 0, 0, 0, 127, 5, 56128 ns
0, Read, 22579, 23187, 608, 0, 0, 0, 0, 0, 0, 0, 127, 5, 56448 ns
0, Read, 22707, 23412, 705, 0, 0, 0, 0, 0, 0, 0, 127, 5, 56768 ns
0, Read, 22835, 23540, 705, 0, 0, 0, 0, 0, 0, 0, 127, 5, 57088 ns
0, Read, 22963, 23668, 705, 0, 0, 0, 0, 0, 0, 0, 127, 5, 57408 ns
0, Read, 23091, 23796, 705, 0, 0, 0, 0, 0, 0, 0, 127, 5, 57728 ns
0, Read, 23219, 23924, 705, 0, 0, 0, 0, 0, 0, 0, 127, 5, 58048 ns
0, Read, 23347, 24052, 705, 0, 0, 0, 0, 0, 0, 0, 127, 5, 58368 ns
0, Read, 23475, 24180, 705, 0, 0, 0, 0, 0, 0, 0, 127, 5, 58688 ns
0, Read, 23603, 24308, 705, 0, 0, 0, 0, 0, 0, 0, 127, 5, 59008 ns
0, Read, 23731, 24436, 705, 0, 0, 0, 0, 0, 0, 0, 127, 5, 59328 ns
0, Read, 23859, 24564, 705, 0, 0, 0, 0, 0, 0, 0, 127, 5, 59648 ns
0, Read, 23987, 24692, 705, 0, 0, 0, 0, 0, 0, 0, 127, 5, 59968 ns
0, Read, 24115, 24918, 803, 0, 0, 0, 0, 0, 0, 0, 127, 5, 60288 ns
0, Read, 24243, 25046, 803, 0, 0, 0, 0, 0, 0, 0, 127, 5, 60608 ns
0, Read, 24371, 25174, 803, 0, 0, 0, 0, 0, 0, 0, 127, 5, 60928 ns
0, Read, 24499, 25302, 803, 0, 0, 0, 0, 0, 0, 0, 127, 5, 61248 ns
0, Read, 24627, 25430, 803, 0, 0, 0, 0, 0, 0, 0, 127, 5, 61568 ns
0, Read, 24755, 25558, 803, 0, 0, 0, 0, 0, 0, 0, 127, 5, 61888 ns
0, Read, 24883, 25686, 803, 0, 0, 0, 0, 0, 0, 0, 127, 5, 62208 ns
0, Read, 25011, 25814, 803, 0, 0, 0, 0, 0, 0, 0, 127, 5, 62528 ns
0, Read, 25139, 25942, 803, 0, 0, 0, 0, 0, 0, 0, 127, 5, 62848 ns
0, Read, 25267, 26070, 803, 0, 0, 0, 0, 0, 0, 0, 127, 5, 63168 ns
0, Read, 25395, 26198, 803, 0, 0, 0, 0, 0, 0, 0, 127, 5, 63488 ns
0, Read, 25523, 26326, 803, 0, 0, 0, 0, 0, 0, 0, 127, 5, 63808 ns
0, Read, 25651, 26554, 903, 0, 0, 0, 0, 0, 0, 0, 127, 5, 64128 ns
0, Read, 25779, 26682, 903, 0, 0, 0, 0, 0, 0, 0, 127, 5, 64448 ns
0, Read, 25907, 26810, 903, 0, 0, 0, 0, 0, 0, 0, 127, 5, 64768 ns
0, Read, 26035, 26938, 903, 0, 0, 0, 0, 0, 0, 0, 127, 5, 65088 ns
0, Read, 26163, 27066, 903, 0, 0, 0, 0, 0, 0, 0, 127, 5, 65408 ns
0, Read, 26291, 27194, 903, 0, 0, 0, 0, 0, 0, 0, 127, 5, 65728 ns
0, Read, 26419, 27322, 903, 0, 0, 0, 0, 0, 0, 0, 127, 5, 66048 ns
0, Read, 26550, 27450, 900, 0, 0, 0, 0, 0, 0, 0, 127, 5, 66375 ns
0, Read, 26678, 27578, 900, 0, 0, 0, 0, 0, 0, 0, 127, 5, 66695 ns
0, Read, 26806, 27706, 900, 0, 0, 0, 0, 0, 0, 0, 127, 5, 67015 ns
0, Read, 26934, 27834, 900, 0, 0, 0, 0, 0, 0, 0, 127, 5, 67335 ns
0, Read, 27062, 28058, 996, 0, 0, 0, 0, 0, 0, 0, 127, 5, 67655 ns
0, Read, 27190, 28186, 996, 0, 0, 0, 0, 0, 0, 0, 127, 5, 67975 ns
0, Read, 27318, 28314, 996, 0, 0, 0, 0, 0, 0, 0, 127, 5, 68295 ns
0, Read, 27446, 28442, 996, 0, 0, 0, 0, 0, 0, 0, 127, 5, 68615 ns
0, Read, 27574, 28570, 996, 0, 0, 0, 0, 0, 0, 0, 127, 5, 68935 ns
0, Read, 27702, 28698, 996, 0, 0, 0, 0, 0, 0, 0, 127, 5, 69255 ns
0, Read, 27830, 28826, 996, 0, 0, 0, 0, 0, 0, 0, 127, 5, 69575 ns
0, Read, 28054, 28954, 900, 0, 0, 0, 0, 0, 0, 0, 127, 5, 70135 ns
0, Read, 28182, 29082, 900, 0, 0, 0, 0, 0, 0, 0, 127, 5, 70455 ns
0, Read, 28310, 29210, 900, 0, 0, 0, 0, 0, 0, 0, 127, 5, 70775 ns
0, Read, 28438, 29338, 900, 0, 0, 0, 0, 0, 0, 0, 127, 5, 71095 ns
