INFO: [VRFC 10-2263] Analyzing SystemVerilog file "/home/younas/Documents/Vivado/hbm_module_1/hbm_module_1.ip_user_files/bd/design_1/ip/design_1_axi_noc_0_0/bd_0/ip/ip_2/hdl/rtl/bd_8be5_MC_hbmc_0_top_unisim_stack0.sv" into library xil_defaultlib
WARNING: [VRFC 10-3381] ignoring re-definition of command line macro 'XILINX_SIMULATOR' [/home/younas/Documents/Vivado/hbm_module_1/hbm_module_1.ip_user_files/bd/design_1/ip/design_1_axi_noc_0_0/bd_0/ip/ip_2/hdl/rtl/bd_8be5_MC_hbmc_0_top_unisim_stack0.sv:10]
INFO: [VRFC 10-311] analyzing module bd_8be5_MC_hbmc_0_top_unisim_stack0
INFO: [VRFC 10-2263] Analyzing SystemVerilog file "/home/younas/Documents/Vivado/hbm_module_1/hbm_module_1.ip_user_files/bd/design_1/ip/design_1_axi_noc_0_0/bd_0/ip/ip_2/hdl/rtl/bd_8be5_MC_hbmc_0_top_wrapper.sv" into library xil_defaultlib
WARNING: [VRFC 10-3381] ignoring re-definition of command line macro 'XILINX_SIMULATOR' [/home/younas/Documents/Vivado/hbm_module_1/hbm_module_1.ip_user_files/bd/design_1/ip/design_1_axi_noc_0_0/bd_0/ip/ip_2/hdl/rtl/bd_8be5_MC_hbmc_0_top_wrapper.sv:10]
INFO: [VRFC 10-311] analyzing module bd_8be5_MC_hbmc_0_top_wrapper
INFO: [VRFC 10-2263] Analyzing SystemVerilog file "/home/younas/Documents/Vivado/hbm_module_1/hbm_module_1.ip_user_files/bd/design_1/ip/design_1_axi_noc_0_0/bd_0/ip/ip_2/hdl/memory_model/hbm_responder.sv" into library xil_defaultlib
INFO: [VRFC 10-311] analyzing module hbm_responder
INFO: [VRFC 10-2263] Analyzing SystemVerilog file "/home/younas/Documents/Vivado/hbm_module_1/hbm_module_1.ip_user_files/bd/design_1/ip/design_1_axi_noc_0_0/bd_0/ip/ip_2/hdl/bfm/PHY_IO_PLL/BM_HBM_PHY_MS.sv" into library xil_defaultlib
INFO: [VRFC 10-311] analyzing module BM_HBM_PHY_MS
INFO: [VRFC 10-2263] Analyzing SystemVerilog file "/home/younas/Documents/Vivado/hbm_module_1/hbm_module_1.ip_user_files/bd/design_1/ip/design_1_axi_noc_0_0/bd_0/ip/ip_2/hdl/bfm/PHY_IO_PLL/BM_IO_MS.sv" into library xil_defaultlib
INFO: [VRFC 10-311] analyzing module BM_HBM_IO_MS
INFO: [VRFC 10-2263] Analyzing SystemVerilog file "/home/younas/Documents/Vivado/hbm_module_1/hbm_module_1.ip_user_files/bd/design_1/ip/design_1_axi_noc_0_0/bd_0/ip/ip_2/hdl/bfm/PHY_IO_PLL/hbm_io_ms_top_bfm.sv" into library xil_defaultlib
INFO: [VRFC 10-311] analyzing module hbm_io_ms_top_bfm
INFO: [VRFC 10-2263] Analyzing SystemVerilog file "/home/younas/Documents/Vivado/hbm_module_1/hbm_module_1.ip_user_files/bd/design_1/ip/design_1_axi_noc_0_0/bd_0/ip/ip_2/hdl/bfm/PHY_IO_PLL/hbm_phy_ms_top_bfm.sv" into library xil_defaultlib
INFO: [VRFC 10-311] analyzing module hbm_phy_ms_top_bfm
INFO: [VRFC 10-2263] Analyzing SystemVerilog file "/home/younas/Documents/Vivado/hbm_module_1/hbm_module_1.ip_user_files/bd/design_1/ip/design_1_axi_noc_0_0/bd_0/ip/ip_2/hdl/rtl/bd_8be5_MC_hbmc_0.sv" into library xil_defaultlib
INFO: [VRFC 10-311] analyzing module bd_8be5_MC_hbmc_0
INFO: [VRFC 10-2263] Analyzing SystemVerilog file "/home/younas/Documents/Vivado/hbm_module_1/hbm_module_1.ip_user_files/bd/design_1/ip/design_1_noc_tg_0/ip_3/sim/design_1_noc_tg_0_vip_pkg.sv" into library xil_defaultlib
INFO: [VRFC 10-2263] Analyzing SystemVerilog file "/home/younas/Documents/Vivado/hbm_module_1/hbm_module_1.ip_user_files/bd/design_1/ip/design_1_noc_tg_0/ip_3/sim/design_1_noc_tg_0_vip.sv" into library xil_defaultlib
INFO: [VRFC 10-311] analyzing module design_1_noc_tg_0_vip
INFO: [VRFC 10-2263] Analyzing SystemVerilog file "/home/younas/Documents/Vivado/hbm_module_1/hbm_module_1.ip_user_files/bd/design_1/ip/design_1_noc_tg_0/hdl/rtl/design_1_noc_tg_0_tg_top.sv" into library xil_defaultlib
INFO: [VRFC 10-311] analyzing module design_1_noc_tg_0_tg_top
INFO: [VRFC 10-2263] Analyzing SystemVerilog file "/home/younas/Documents/Vivado/hbm_module_1/hbm_module_1.ip_user_files/bd/design_1/ip/design_1_noc_tg_0/hdl/rtl/design_1_noc_tg_0_csvsptg_top.sv" into library xil_defaultlib
INFO: [VRFC 10-311] analyzing module design_1_noc_tg_0_csvsptg_top
INFO: [VRFC 10-2263] Analyzing SystemVerilog file "/home/younas/Documents/Vivado/hbm_module_1/hbm_module_1.ip_user_files/bd/design_1/ip/design_1_noc_tg_0/hdl/bfm/design_1_noc_tg_0_top.sv" into library xil_defaultlib
INFO: [VRFC 10-311] analyzing module design_1_noc_tg_0_top
INFO: [VRFC 10-2263] Analyzing SystemVerilog file "/home/younas/Documents/Vivado/hbm_module_1/hbm_module_1.ip_user_files/bd/design_1/ip/design_1_noc_tg_0/hdl/csv_sptg/rtl/tg_rtl/design_1_noc_tg_0_syn_top.sv" into library xil_defaultlib
INFO: [VRFC 10-311] analyzing module design_1_noc_tg_0_syn_top
INFO: [VRFC 10-2263] Analyzing SystemVerilog file "/home/younas/Documents/Vivado/hbm_module_1/hbm_module_1.ip_user_files/bd/design_1/ip/design_1_noc_tg_0/hdl/bfm/design_1_noc_tg_0_top_axi_mst.sv" into library xil_defaultlib
INFO: [VRFC 10-311] analyzing module design_1_noc_tg_0_top_axi_mst
WARNING: [VRFC 10-3380] identifier 'TAG' is used before its declaration [../../../../hbm_module_1.gen/sources_1/bd/design_1/ipshared/5ace/hdl/bfm/axi_tg_common_methods.svh:84]
WARNING: [VRFC 10-3380] identifier 'TAG' is used before its declaration [../../../../hbm_module_1.gen/sources_1/bd/design_1/ipshared/5ace/hdl/bfm/axi_tg_common_methods.svh:106]
WARNING: [VRFC 10-3380] identifier 'TAG' is used before its declaration [../../../../hbm_module_1.gen/sources_1/bd/design_1/ipshared/5ace/hdl/bfm/axi_tg_common_methods.svh:120]
WARNING: [VRFC 10-3380] identifier 'TAG' is used before its declaration [../../../../hbm_module_1.gen/sources_1/bd/design_1/ipshared/5ace/hdl/bfm/axi_tg_common_methods.svh:134]
WARNING: [VRFC 10-3380] identifier 'TAG' is used before its declaration [../../../../hbm_module_1.gen/sources_1/bd/design_1/ipshared/5ace/hdl/bfm/axi_tg_common_methods.svh:271]
WARNING: [VRFC 10-3380] identifier 'TAG' is used before its declaration [../../../../hbm_module_1.gen/sources_1/bd/design_1/ipshared/5ace/hdl/bfm/axi_tg_common_methods.svh:451]
WARNING: [VRFC 10-3380] identifier 'TAG' is used before its declaration [../../../../hbm_module_1.gen/sources_1/bd/design_1/ipshared/5ace/hdl/bfm/axi_tg_common_methods.svh:458]
WARNING: [VRFC 10-3380] identifier 'TAG' is used before its declaration [../../../../hbm_module_1.gen/sources_1/bd/design_1/ipshared/5ace/hdl/bfm/axi_tg_common_methods.svh:465]
WARNING: [VRFC 10-3380] identifier 'TAG' is used before its declaration [../../../../hbm_module_1.gen/sources_1/bd/design_1/ipshared/5ace/hdl/bfm/axi_tg_common_methods.svh:487]
WARNING: [VRFC 10-3380] identifier 'TAG' is used before its declaration [../../../../hbm_module_1.gen/sources_1/bd/design_1/ipshared/5ace/hdl/bfm/axi_tg_common_methods.svh:491]
WARNING: [VRFC 10-3380] identifier 'TAG' is used before its declaration [../../../../hbm_module_1.gen/sources_1/bd/design_1/ipshared/5ace/hdl/bfm/axi_tg_common_methods.svh:598]
WARNING: [VRFC 10-3380] identifier 'TAG' is used before its declaration [../../../../hbm_module_1.gen/sources_1/bd/design_1/ipshared/5ace/hdl/bfm/axi_tg_common_methods.svh:601]
WARNING: [VRFC 10-3380] identifier 'TAG' is used before its declaration [../../../../hbm_module_1.gen/sources_1/bd/design_1/ipshared/5ace/hdl/bfm/axi_tg_common_methods.svh:606]
WARNING: [VRFC 10-3380] identifier 'TAG' is used before its declaration [../../../../hbm_module_1.gen/sources_1/bd/design_1/ipshared/5ace/hdl/bfm/axi_tg_common_methods.svh:609]
WARNING: [VRFC 10-3380] identifier 'TAG' is used before its declaration [../../../../hbm_module_1.gen/sources_1/bd/design_1/ipshared/5ace/hdl/bfm/axi_tg_common_methods.svh:617]
WARNING: [VRFC 10-3380] identifier 'TAG' is used before its declaration [../../../../hbm_module_1.gen/sources_1/bd/design_1/ipshared/5ace/hdl/bfm/axi_tg_common_methods.svh:1154]
WARNING: [VRFC 10-3380] identifier 'TAG' is used before its declaration [../../../../hbm_module_1.gen/sources_1/bd/design_1/ipshared/5ace/hdl/bfm/axi_tg_common_methods.svh:1870]
WARNING: [VRFC 10-3380] identifier 'TAG' is used before its declaration [../../../../hbm_module_1.gen/sources_1/bd/design_1/ipshared/5ace/hdl/bfm/axi_tg_common_methods.svh:1873]
WARNING: [VRFC 10-3380] identifier 'TAG' is used before its declaration [../../../../hbm_module_1.gen/sources_1/bd/design_1/ipshared/5ace/hdl/bfm/axi_tg_common_methods.svh:1953]
WARNING: [VRFC 10-3380] identifier 'TAG' is used before its declaration [../../../../hbm_module_1.gen/sources_1/bd/design_1/ipshared/5ace/hdl/bfm/axi_tg_common_methods.svh:1981]
WARNING: [VRFC 10-3380] identifier 'TAG' is used before its declaration [../../../../hbm_module_1.gen/sources_1/bd/design_1/ipshared/5ace/hdl/bfm/axi_tg_common_methods.svh:2086]
INFO: [VRFC 10-2263] Analyzing SystemVerilog file "/home/younas/Documents/Vivado/hbm_module_1/hbm_module_1.ip_user_files/bd/design_1/ip/design_1_noc_tg_0/hdl/rtl/design_1_noc_tg_0_reg_space.sv" into library xil_defaultlib
INFO: [VRFC 10-311] analyzing module design_1_noc_tg_0_reg_space
INFO: [VRFC 10-2263] Analyzing SystemVerilog file "/home/younas/Documents/Vivado/hbm_module_1/hbm_module_1.ip_user_files/bd/design_1/ip/design_1_noc_tg_0/hdl/rtl/design_1_noc_tg_0_top_axi_stream_sptg.sv" into library xil_defaultlib
INFO: [VRFC 10-311] analyzing module design_1_noc_tg_0_top_axi_stream_sptg
INFO: [VRFC 10-2263] Analyzing SystemVerilog file "/home/younas/Documents/Vivado/hbm_module_1/hbm_module_1.ip_user_files/bd/design_1/ip/design_1_noc_tg_0/sim/design_1_noc_tg_0.sv" into library xil_defaultlib
INFO: [VRFC 10-311] analyzing module design_1_noc_tg_0
INFO: [VRFC 10-2263] Analyzing SystemVerilog file "/home/younas/Documents/Vivado/hbm_module_1/hbm_module_1.ip_user_files/bd/design_1/ip/design_1_noc_sim_trig_0/hdl/design_1_noc_sim_trig_0_top.sv" into library xil_defaultlib
INFO: [VRFC 10-311] analyzing module design_1_noc_sim_trig_0_top
INFO: [VRFC 10-2263] Analyzing SystemVerilog file "/home/younas/Documents/Vivado/hbm_module_1/hbm_module_1.ip_user_files/bd/design_1/ip/design_1_noc_sim_trig_0/hdl/design_1_noc_sim_trig_0.sv" into library xil_defaultlib
INFO: [VRFC 10-311] analyzing module design_1_noc_sim_trig_0
INFO: [VRFC 10-2263] Analyzing SystemVerilog file "/home/younas/Documents/Vivado/hbm_module_1/hbm_module_1.ip_user_files/bd/design_1/ip/design_1_noc_sim_trig_0/hdl/rtl/traffic_shaping.sv" into library xil_defaultlib
INFO: [VRFC 10-311] analyzing module design_1_noc_sim_trig_0_traffic_shapping
INFO: [VRFC 10-2263] Analyzing SystemVerilog file "/home/younas/Documents/Vivado/hbm_module_1/hbm_module_1.ip_user_files/bd/design_1/ip/design_1_noc_tg_pmon_0/sim/design_1_noc_tg_pmon_0.sv" into library xil_defaultlib
INFO: [VRFC 10-311] analyzing module design_1_noc_tg_pmon_0
